<?xml version="1.0" encoding="UTF-8"?>
<TestRun id="d22b717a-40ba-4b57-8c90-c03e7d76b7ea" name="kruis013@L0134254 2015-03-19 15:59:57" runUser="WUR\kruis013" xmlns="http://microsoft.com/schemas/VisualStudio/TeamTest/2010">
  <Times creation="2015-03-19T15:59:57.6219147+01:00" queuing="2015-03-19T15:59:57.6219147+01:00" start="2015-03-19T15:59:57.6249150+01:00" finish="2015-03-19T16:00:10.2741798+01:00" />
  <TestSettings name="default" id="731b2161-7a3b-43f4-b59a-231b5dcc5000">
    <Execution>
      <TestTypeSpecific />
    </Execution>
    <Deployment runDeploymentRoot="kruis013_L0134254 2015-03-19 15_59_57" />
  </TestSettings>
  <Results>
    <UnitTestResult executionId="f6c58c22-e0ec-4c98-88c5-010311e7dbc3" testId="d3dff021-d915-dcd8-b3fc-7a2a8e3f28cf" testName="ListCapacityTest1" computerName="L0134254" duration="00:00:00.0068492" startTime="2015-03-19T15:59:54.2955821+01:00" endTime="2015-03-19T15:59:54.5816107+01:00" testType="13cdc9d9-ddb5-4fa4-a97d-d965ccfc6d4b" outcome="Passed" testListId="8c84fa94-04c1-424b-9868-57a2d4851a1d" relativeResultsDirectory="f6c58c22-e0ec-4c98-88c5-010311e7dbc3" />
    <UnitTestResult executionId="d5e86496-4392-4211-843e-b5c77470e83d" testId="855633fb-e2a1-c91d-b57c-c161cb1b1e02" testName="TestPasswordRegularExpression" computerName="L0134254" duration="00:00:00.0005222" startTime="2015-03-19T15:59:54.5916117+01:00" endTime="2015-03-19T15:59:54.5926118+01:00" testType="13cdc9d9-ddb5-4fa4-a97d-d965ccfc6d4b" outcome="Passed" testListId="8c84fa94-04c1-424b-9868-57a2d4851a1d" relativeResultsDirectory="d5e86496-4392-4211-843e-b5c77470e83d" />
    <UnitTestResult executionId="72ecb89b-702e-48c6-99c8-0f1835a64b1e" testId="9d1caf55-0b92-0be3-4003-da06d5cec451" testName="TestMethod1" computerName="L0134254" duration="00:00:00.1413678" startTime="2015-03-19T15:59:54.5926118+01:00" endTime="2015-03-19T15:59:54.7336259+01:00" testType="13cdc9d9-ddb5-4fa4-a97d-d965ccfc6d4b" outcome="Failed" testListId="8c84fa94-04c1-424b-9868-57a2d4851a1d" relativeResultsDirectory="72ecb89b-702e-48c6-99c8-0f1835a64b1e">
      <Output>
        <ErrorInfo>
          <Message>Test method MCRA.Test.ConceptsTests.TrxReaderTests.TestMethod1 threw exception:
System.IO.DirectoryNotFoundException: Could not find a part of the path 'D:\MCRA Local\Source\projects\MCRA.Web\Content\TestDocumentation\MCRA.Test.xml'.</Message>
          <StackTrace>    at System.IO.__Error.WinIOError(Int32 errorCode, String maybeFullPath)
   at System.IO.FileStream.Init(String path, FileMode mode, FileAccess access, Int32 rights, Boolean useRights, FileShare share, Int32 bufferSize, FileOptions options, SECURITY_ATTRIBUTES secAttrs, String msgPath, Boolean bFromProxy, Boolean useLongPath, Boolean checkHost)
   at System.IO.FileStream..ctor(String path, FileMode mode, FileAccess access, FileShare share, Int32 bufferSize)
   at System.Xml.XmlDownloadManager.GetStream(Uri uri, ICredentials credentials, IWebProxy proxy, RequestCachePolicy cachePolicy)
   at System.Xml.XmlUrlResolver.GetEntity(Uri absoluteUri, String role, Type ofObjectToReturn)
   at System.Xml.XmlTextReaderImpl.OpenUrlDelegate(Object xmlResolver)
   at System.Threading.CompressedStack.runTryCode(Object userData)
   at System.Runtime.CompilerServices.RuntimeHelpers.ExecuteCodeWithGuaranteedCleanup(TryCode code, CleanupCode backoutCode, Object userData)
   at System.Threading.CompressedStack.Run(CompressedStack compressedStack, ContextCallback callback, Object state)
   at System.Xml.XmlTextReaderImpl.OpenUrl()
   at System.Xml.XmlTextReaderImpl.Read()
   at System.Xml.XmlLoader.Load(XmlDocument doc, XmlReader reader, Boolean preserveWhitespace)
   at System.Xml.XmlDocument.Load(XmlReader reader)
   at System.Xml.XmlDocument.Load(String filename)
   at Biometris.TestReporting.TestReport.ReadDocumentationXml(String filename) in d:\Projects\MCRA\MCRA 8.1\Biometris\TestReporting\TestReport.cs:line 30
   at MCRA.Test.ConceptsTests.TrxReaderTests.TestMethod1() in d:\Projects\MCRA\MCRA 8.1\MCRA.Test\ConceptsTests\TrxReaderTests.cs:line 12
</StackTrace>
        </ErrorInfo>
      </Output>
    </UnitTestResult>
    <UnitTestResult executionId="43c1204d-65cf-4785-8087-1cef43c97dcb" testId="2dd5a664-6ad9-67cb-7601-7be893b33454" testName="TestPercentage1" computerName="L0134254" duration="00:00:00.0002099" startTime="2015-03-19T15:59:54.7346260+01:00" endTime="2015-03-19T15:59:54.7346260+01:00" testType="13cdc9d9-ddb5-4fa4-a97d-d965ccfc6d4b" outcome="Passed" testListId="8c84fa94-04c1-424b-9868-57a2d4851a1d" relativeResultsDirectory="43c1204d-65cf-4785-8087-1cef43c97dcb" />
    <UnitTestResult executionId="3fd7055b-528e-42e8-bb8d-f9df02b2d21f" testId="2a8cb2da-503a-2089-4bb9-2be297378f76" testName="TestPercentage2" computerName="L0134254" duration="00:00:00.0001277" startTime="2015-03-19T15:59:54.7346260+01:00" endTime="2015-03-19T15:59:54.7346260+01:00" testType="13cdc9d9-ddb5-4fa4-a97d-d965ccfc6d4b" outcome="Passed" testListId="8c84fa94-04c1-424b-9868-57a2d4851a1d" relativeResultsDirectory="3fd7055b-528e-42e8-bb8d-f9df02b2d21f" />
    <UnitTestResult executionId="71946084-4dd8-4a23-8604-3b32546c2649" testId="8682d053-f6d2-18c3-afff-6dc5d5fd3d47" testName="RunSimulationTest" computerName="L0134254" duration="00:00:02.8400098" startTime="2015-03-19T15:59:54.7346260+01:00" endTime="2015-03-19T15:59:57.5749100+01:00" testType="13cdc9d9-ddb5-4fa4-a97d-d965ccfc6d4b" outcome="Failed" testListId="8c84fa94-04c1-424b-9868-57a2d4851a1d" relativeResultsDirectory="71946084-4dd8-4a23-8604-3b32546c2649">
      <Output>
        <StdOut>Debug Trace:
log4net:ERROR Failed to find configuration section 'log4net' in the application's .config file. Check your .config file for the &lt;log4net&gt; and &lt;configSections&gt; elements. The configuration section should look like: &lt;section name="log4net" type="log4net.Config.Log4NetConfigurationSectionHandler,log4net" /&gt;</StdOut>
        <StdErr>log4net:ERROR Failed to find configuration section 'log4net' in the application's .config file. Check your .config file for the &lt;log4net&gt; and &lt;configSections&gt; elements. The configuration section should look like: &lt;section name="log4net" type="log4net.Config.Log4NetConfigurationSectionHandler,log4net" /&gt;</StdErr>
        <ErrorInfo>
          <Message>Test method MCRA.Test.ConceptsTests.RunSimulationTests.RunSimulationTest threw exception:
System.Exception: Sequence contains no elements</Message>
          <StackTrace>    at MCRA.Simulation.SimulationExecuter.RunJob(Int32 idProject, Guid taskId, ProgressReport progressReport) in d:\Projects\MCRA\MCRA 8.1\MCRA.Simulation\JobExecuters\SimulationExecuter.cs:line 89
   at MCRA.Simulation.JobExecuter.RunJob(Int32 idProject, Guid taskId) in d:\Projects\MCRA\MCRA 8.1\MCRA.Simulation\JobExecuters\JobExecuter.cs:line 8
   at MCRA.Test.ConceptsTests.RunSimulationTests.RunSimulationTest() in d:\Projects\MCRA\MCRA 8.1\MCRA.Test\ConceptsTests\RunSimulationTests.cs:line 12
</StackTrace>
        </ErrorInfo>
      </Output>
    </UnitTestResult>
    <UnitTestResult executionId="7a324cb6-c24c-4718-805d-a827eb7bdb22" testId="0726bdc8-8bbf-ac08-a9d8-9a30f0d558f4" testName="AgriculturalUsesTestWeightedUseGroupFractions" computerName="L0134254" startTime="2015-03-19T15:59:57.5839109+01:00" endTime="2015-03-19T15:59:58.2529778+01:00" testType="13cdc9d9-ddb5-4fa4-a97d-d965ccfc6d4b" outcome="Failed" testListId="8c84fa94-04c1-424b-9868-57a2d4851a1d" relativeResultsDirectory="7a324cb6-c24c-4718-805d-a827eb7bdb22">
      <Output>
        <ErrorInfo>
          <Message>Class Initialization method MCRA.Test.IntegrationTests.DataIntegrityTests.CompiledDataSourceTests.AgriculturalUsesDataTests.Initialize threw exception. System.NullReferenceException: System.NullReferenceException: Object reference not set to an instance of an object..</Message>
          <StackTrace>   at MCRA.ProjectEntityModels.ProjectManagement.SubsetManager..ctor(Project project, MCRACompiledDataSourceEntityModels context) in d:\Projects\MCRA\MCRA 8.1\MCRA.ProjectEntityModels\ProjectManagement\SubsetManager.cs:line 36
   at MCRA.Test.IntegrationTests.DataIntegrityTests.CompiledDataSourceTests.AgriculturalUsesDataTests.InitializeProject() in d:\Projects\MCRA\MCRA 8.1\MCRA.Test\IntegrationTests\DataIntegrityTests\CompiledDataSourceTests\AgriculturalUsesDataTests.cs:line 42
   at MCRA.Test.IntegrationTests.DataIntegrityTests.CompiledDataSourceTests.AgriculturalUsesDataTests.Initialize(TestContext testContext) in d:\Projects\MCRA\MCRA 8.1\MCRA.Test\IntegrationTests\DataIntegrityTests\CompiledDataSourceTests\AgriculturalUsesDataTests.cs:line 35
</StackTrace>
        </ErrorInfo>
      </Output>
    </UnitTestResult>
    <UnitTestResult executionId="272154bf-6ac9-4159-8ae8-9f5c4b8356a6" testId="eebe9d1f-e30e-19f2-2c04-7cc58f5cc45a" testName="AgriculturalUsesTestApple" computerName="L0134254" startTime="2015-03-19T15:59:58.2539779+01:00" endTime="2015-03-19T15:59:58.2539779+01:00" testType="13cdc9d9-ddb5-4fa4-a97d-d965ccfc6d4b" outcome="Failed" testListId="8c84fa94-04c1-424b-9868-57a2d4851a1d" relativeResultsDirectory="272154bf-6ac9-4159-8ae8-9f5c4b8356a6">
      <Output>
        <ErrorInfo>
          <Message>Class Initialization method MCRA.Test.IntegrationTests.DataIntegrityTests.CompiledDataSourceTests.AgriculturalUsesDataTests.Initialize threw exception. System.NullReferenceException: System.NullReferenceException: Object reference not set to an instance of an object..</Message>
          <StackTrace>   at MCRA.ProjectEntityModels.ProjectManagement.SubsetManager..ctor(Project project, MCRACompiledDataSourceEntityModels context) in d:\Projects\MCRA\MCRA 8.1\MCRA.ProjectEntityModels\ProjectManagement\SubsetManager.cs:line 36
   at MCRA.Test.IntegrationTests.DataIntegrityTests.CompiledDataSourceTests.AgriculturalUsesDataTests.InitializeProject() in d:\Projects\MCRA\MCRA 8.1\MCRA.Test\IntegrationTests\DataIntegrityTests\CompiledDataSourceTests\AgriculturalUsesDataTests.cs:line 42
   at MCRA.Test.IntegrationTests.DataIntegrityTests.CompiledDataSourceTests.AgriculturalUsesDataTests.Initialize(TestContext testContext) in d:\Projects\MCRA\MCRA 8.1\MCRA.Test\IntegrationTests\DataIntegrityTests\CompiledDataSourceTests\AgriculturalUsesDataTests.cs:line 35
</StackTrace>
        </ErrorInfo>
      </Output>
    </UnitTestResult>
    <UnitTestResult executionId="6ae66a19-bcaa-4387-adbe-8840e62d9862" testId="ef248fc2-d9c8-eb01-1b66-efc704aeb58b" testName="AgriculturalUsesTestBananas" computerName="L0134254" startTime="2015-03-19T15:59:58.2539779+01:00" endTime="2015-03-19T15:59:58.2549780+01:00" testType="13cdc9d9-ddb5-4fa4-a97d-d965ccfc6d4b" outcome="Failed" testListId="8c84fa94-04c1-424b-9868-57a2d4851a1d" relativeResultsDirectory="6ae66a19-bcaa-4387-adbe-8840e62d9862">
      <Output>
        <ErrorInfo>
          <Message>Class Initialization method MCRA.Test.IntegrationTests.DataIntegrityTests.CompiledDataSourceTests.AgriculturalUsesDataTests.Initialize threw exception. System.NullReferenceException: System.NullReferenceException: Object reference not set to an instance of an object..</Message>
          <StackTrace>   at MCRA.ProjectEntityModels.ProjectManagement.SubsetManager..ctor(Project project, MCRACompiledDataSourceEntityModels context) in d:\Projects\MCRA\MCRA 8.1\MCRA.ProjectEntityModels\ProjectManagement\SubsetManager.cs:line 36
   at MCRA.Test.IntegrationTests.DataIntegrityTests.CompiledDataSourceTests.AgriculturalUsesDataTests.InitializeProject() in d:\Projects\MCRA\MCRA 8.1\MCRA.Test\IntegrationTests\DataIntegrityTests\CompiledDataSourceTests\AgriculturalUsesDataTests.cs:line 42
   at MCRA.Test.IntegrationTests.DataIntegrityTests.CompiledDataSourceTests.AgriculturalUsesDataTests.Initialize(TestContext testContext) in d:\Projects\MCRA\MCRA 8.1\MCRA.Test\IntegrationTests\DataIntegrityTests\CompiledDataSourceTests\AgriculturalUsesDataTests.cs:line 35
</StackTrace>
        </ErrorInfo>
      </Output>
    </UnitTestResult>
    <UnitTestResult executionId="7b2b4c8c-1faa-4886-9824-ff94f57dc7dc" testId="1a4406e1-306a-23c4-e468-1493c2aac4c3" testName="AgriculturalUsesTestPineapple" computerName="L0134254" startTime="2015-03-19T15:59:58.2549780+01:00" endTime="2015-03-19T15:59:58.2559781+01:00" testType="13cdc9d9-ddb5-4fa4-a97d-d965ccfc6d4b" outcome="Failed" testListId="8c84fa94-04c1-424b-9868-57a2d4851a1d" relativeResultsDirectory="7b2b4c8c-1faa-4886-9824-ff94f57dc7dc">
      <Output>
        <ErrorInfo>
          <Message>Class Initialization method MCRA.Test.IntegrationTests.DataIntegrityTests.CompiledDataSourceTests.AgriculturalUsesDataTests.Initialize threw exception. System.NullReferenceException: System.NullReferenceException: Object reference not set to an instance of an object..</Message>
          <StackTrace>   at MCRA.ProjectEntityModels.ProjectManagement.SubsetManager..ctor(Project project, MCRACompiledDataSourceEntityModels context) in d:\Projects\MCRA\MCRA 8.1\MCRA.ProjectEntityModels\ProjectManagement\SubsetManager.cs:line 36
   at MCRA.Test.IntegrationTests.DataIntegrityTests.CompiledDataSourceTests.AgriculturalUsesDataTests.InitializeProject() in d:\Projects\MCRA\MCRA 8.1\MCRA.Test\IntegrationTests\DataIntegrityTests\CompiledDataSourceTests\AgriculturalUsesDataTests.cs:line 42
   at MCRA.Test.IntegrationTests.DataIntegrityTests.CompiledDataSourceTests.AgriculturalUsesDataTests.Initialize(TestContext testContext) in d:\Projects\MCRA\MCRA 8.1\MCRA.Test\IntegrationTests\DataIntegrityTests\CompiledDataSourceTests\AgriculturalUsesDataTests.cs:line 35
</StackTrace>
        </ErrorInfo>
      </Output>
    </UnitTestResult>
    <UnitTestResult executionId="052fcbc0-1f5d-44ad-8b98-535cfa948ee6" testId="d6ed78ed-282a-6a2d-a369-c202e20666ac" testName="AgriculturalUsesTestAppleMissingAuthorized" computerName="L0134254" startTime="2015-03-19T15:59:58.2559781+01:00" endTime="2015-03-19T15:59:58.2569782+01:00" testType="13cdc9d9-ddb5-4fa4-a97d-d965ccfc6d4b" outcome="Failed" testListId="8c84fa94-04c1-424b-9868-57a2d4851a1d" relativeResultsDirectory="052fcbc0-1f5d-44ad-8b98-535cfa948ee6">
      <Output>
        <ErrorInfo>
          <Message>Class Initialization method MCRA.Test.IntegrationTests.DataIntegrityTests.CompiledDataSourceTests.AgriculturalUsesDataTests.Initialize threw exception. System.NullReferenceException: System.NullReferenceException: Object reference not set to an instance of an object..</Message>
          <StackTrace>   at MCRA.ProjectEntityModels.ProjectManagement.SubsetManager..ctor(Project project, MCRACompiledDataSourceEntityModels context) in d:\Projects\MCRA\MCRA 8.1\MCRA.ProjectEntityModels\ProjectManagement\SubsetManager.cs:line 36
   at MCRA.Test.IntegrationTests.DataIntegrityTests.CompiledDataSourceTests.AgriculturalUsesDataTests.InitializeProject() in d:\Projects\MCRA\MCRA 8.1\MCRA.Test\IntegrationTests\DataIntegrityTests\CompiledDataSourceTests\AgriculturalUsesDataTests.cs:line 42
   at MCRA.Test.IntegrationTests.DataIntegrityTests.CompiledDataSourceTests.AgriculturalUsesDataTests.Initialize(TestContext testContext) in d:\Projects\MCRA\MCRA 8.1\MCRA.Test\IntegrationTests\DataIntegrityTests\CompiledDataSourceTests\AgriculturalUsesDataTests.cs:line 35
</StackTrace>
        </ErrorInfo>
      </Output>
    </UnitTestResult>
    <UnitTestResult executionId="3c2a92de-446b-4152-8c7a-c7a64f877809" testId="a2da8cef-c6da-d108-47c4-364285881f85" testName="AgriculturalUsesTestBananasMissingAuthorized" computerName="L0134254" startTime="2015-03-19T15:59:58.2569782+01:00" endTime="2015-03-19T15:59:58.2569782+01:00" testType="13cdc9d9-ddb5-4fa4-a97d-d965ccfc6d4b" outcome="Failed" testListId="8c84fa94-04c1-424b-9868-57a2d4851a1d" relativeResultsDirectory="3c2a92de-446b-4152-8c7a-c7a64f877809">
      <Output>
        <ErrorInfo>
          <Message>Class Initialization method MCRA.Test.IntegrationTests.DataIntegrityTests.CompiledDataSourceTests.AgriculturalUsesDataTests.Initialize threw exception. System.NullReferenceException: System.NullReferenceException: Object reference not set to an instance of an object..</Message>
          <StackTrace>   at MCRA.ProjectEntityModels.ProjectManagement.SubsetManager..ctor(Project project, MCRACompiledDataSourceEntityModels context) in d:\Projects\MCRA\MCRA 8.1\MCRA.ProjectEntityModels\ProjectManagement\SubsetManager.cs:line 36
   at MCRA.Test.IntegrationTests.DataIntegrityTests.CompiledDataSourceTests.AgriculturalUsesDataTests.InitializeProject() in d:\Projects\MCRA\MCRA 8.1\MCRA.Test\IntegrationTests\DataIntegrityTests\CompiledDataSourceTests\AgriculturalUsesDataTests.cs:line 42
   at MCRA.Test.IntegrationTests.DataIntegrityTests.CompiledDataSourceTests.AgriculturalUsesDataTests.Initialize(TestContext testContext) in d:\Projects\MCRA\MCRA 8.1\MCRA.Test\IntegrationTests\DataIntegrityTests\CompiledDataSourceTests\AgriculturalUsesDataTests.cs:line 35
</StackTrace>
        </ErrorInfo>
      </Output>
    </UnitTestResult>
    <UnitTestResult executionId="837a3bad-dfa6-4a11-9c35-c5f0c15d2e29" testId="66e8c89f-5a07-82b6-5cca-9ec563f2583c" testName="AgriculturalUsesTestPineappleMissingAuthorized" computerName="L0134254" startTime="2015-03-19T15:59:58.2569782+01:00" endTime="2015-03-19T15:59:58.2579783+01:00" testType="13cdc9d9-ddb5-4fa4-a97d-d965ccfc6d4b" outcome="Failed" testListId="8c84fa94-04c1-424b-9868-57a2d4851a1d" relativeResultsDirectory="837a3bad-dfa6-4a11-9c35-c5f0c15d2e29">
      <Output>
        <ErrorInfo>
          <Message>Class Initialization method MCRA.Test.IntegrationTests.DataIntegrityTests.CompiledDataSourceTests.AgriculturalUsesDataTests.Initialize threw exception. System.NullReferenceException: System.NullReferenceException: Object reference not set to an instance of an object..</Message>
          <StackTrace>   at MCRA.ProjectEntityModels.ProjectManagement.SubsetManager..ctor(Project project, MCRACompiledDataSourceEntityModels context) in d:\Projects\MCRA\MCRA 8.1\MCRA.ProjectEntityModels\ProjectManagement\SubsetManager.cs:line 36
   at MCRA.Test.IntegrationTests.DataIntegrityTests.CompiledDataSourceTests.AgriculturalUsesDataTests.InitializeProject() in d:\Projects\MCRA\MCRA 8.1\MCRA.Test\IntegrationTests\DataIntegrityTests\CompiledDataSourceTests\AgriculturalUsesDataTests.cs:line 42
   at MCRA.Test.IntegrationTests.DataIntegrityTests.CompiledDataSourceTests.AgriculturalUsesDataTests.Initialize(TestContext testContext) in d:\Projects\MCRA\MCRA 8.1\MCRA.Test\IntegrationTests\DataIntegrityTests\CompiledDataSourceTests\AgriculturalUsesDataTests.cs:line 35
</StackTrace>
        </ErrorInfo>
      </Output>
    </UnitTestResult>
    <UnitTestResult executionId="5e1e4f1d-af5e-438d-b031-d73207d102a7" testId="b085b019-7006-57be-5400-3f32a4a8b210" testName="CompoundsDataTest1" computerName="L0134254" startTime="2015-03-19T15:59:58.2579783+01:00" endTime="2015-03-19T15:59:58.8520377+01:00" testType="13cdc9d9-ddb5-4fa4-a97d-d965ccfc6d4b" outcome="Failed" testListId="8c84fa94-04c1-424b-9868-57a2d4851a1d" relativeResultsDirectory="5e1e4f1d-af5e-438d-b031-d73207d102a7">
      <Output>
        <ErrorInfo>
          <Message>Class Initialization method MCRA.Test.IntegrationTests.DataIntegrityTests.CompiledDataSourceTests.CompoundsDataTests.Initialize threw exception. System.InvalidOperationException: System.InvalidOperationException: Sequence contains more than one element.</Message>
          <StackTrace>   at System.Linq.Enumerable.Single[TSource](IEnumerable`1 source)
   at System.Data.Entity.Core.Objects.ELinq.ObjectQueryProvider.&lt;GetElementFunction&gt;b__3[TResult](IEnumerable`1 sequence)
   at System.Data.Entity.Core.Objects.ELinq.ObjectQueryProvider.ExecuteSingle[TResult](IEnumerable`1 query, Expression queryRoot)
   at System.Data.Entity.Core.Objects.ELinq.ObjectQueryProvider.System.Linq.IQueryProvider.Execute[TResult](Expression expression)
   at System.Linq.Queryable.Single[TSource](IQueryable`1 source, Expression`1 predicate)
   at MCRA.ProjectEntityModels.RawDataSourceManagement.RawDataSourceRepositoryManager.GetRootDataSourceRepository(User user) in d:\Projects\MCRA\MCRA 8.1\MCRA.ProjectEntityModels\RawDataSourceManagement\RawDataSourceRepositoryManager.cs:line 76
   at MCRA.Test.Initialization.TestInitializer.DropRawDataSource(String dataSourceName) in d:\Projects\MCRA\MCRA 8.1\MCRA.Test\InitializationRoutines\TestInitializer.cs:line 108
   at MCRA.Test.IntegrationTests.DataIntegrityTests.CompiledDataSourceTests.CompoundsDataTests.Initialize(TestContext testContext) in d:\Projects\MCRA\MCRA 8.1\MCRA.Test\IntegrationTests\DataIntegrityTests\CompiledDataSourceTests\CompoundsDataTests.cs:line 28
</StackTrace>
        </ErrorInfo>
      </Output>
    </UnitTestResult>
    <UnitTestResult executionId="0f654aaf-6dd7-42dc-ad13-21c27d264724" testId="348c961b-5627-a520-7081-f20b13afe44e" testName="ConcentrationsDataTests1" computerName="L0134254" startTime="2015-03-19T15:59:58.8520377+01:00" endTime="2015-03-19T15:59:59.7061231+01:00" testType="13cdc9d9-ddb5-4fa4-a97d-d965ccfc6d4b" outcome="Failed" testListId="8c84fa94-04c1-424b-9868-57a2d4851a1d" relativeResultsDirectory="0f654aaf-6dd7-42dc-ad13-21c27d264724">
      <Output>
        <ErrorInfo>
          <Message>Class Initialization method MCRA.Test.IntegrationTests.DataIntegrityTests.CompiledDataSourceTests.ConcentrationsDataTests.Initialize threw exception. System.InvalidOperationException: System.InvalidOperationException: Sequence contains more than one element.</Message>
          <StackTrace>   at System.Linq.Enumerable.Single[TSource](IEnumerable`1 source)
   at System.Data.Entity.Core.Objects.ELinq.ObjectQueryProvider.&lt;GetElementFunction&gt;b__3[TResult](IEnumerable`1 sequence)
   at System.Data.Entity.Core.Objects.ELinq.ObjectQueryProvider.ExecuteSingle[TResult](IEnumerable`1 query, Expression queryRoot)
   at System.Data.Entity.Core.Objects.ELinq.ObjectQueryProvider.System.Linq.IQueryProvider.Execute[TResult](Expression expression)
   at System.Linq.Queryable.Single[TSource](IQueryable`1 source, Expression`1 predicate)
   at MCRA.ProjectEntityModels.RawDataSourceManagement.RawDataSourceRepositoryManager.GetRootDataSourceRepository(User user) in d:\Projects\MCRA\MCRA 8.1\MCRA.ProjectEntityModels\RawDataSourceManagement\RawDataSourceRepositoryManager.cs:line 76
   at MCRA.Test.Initialization.TestInitializer.DropRawDataSource(String dataSourceName) in d:\Projects\MCRA\MCRA 8.1\MCRA.Test\InitializationRoutines\TestInitializer.cs:line 108
   at MCRA.Test.IntegrationTests.DataIntegrityTests.CompiledDataSourceTests.ConcentrationsDataTests.Initialize(TestContext testContext) in d:\Projects\MCRA\MCRA 8.1\MCRA.Test\IntegrationTests\DataIntegrityTests\CompiledDataSourceTests\ConcentrationsDataTests.cs:line 31
</StackTrace>
        </ErrorInfo>
      </Output>
    </UnitTestResult>
    <UnitTestResult executionId="641aadd9-ce1d-4b2a-8349-50b3ca5c9ad6" testId="3fe5fb22-04af-0831-e8d9-c31a38ed2888" testName="ConcentrationsDataTest2" computerName="L0134254" startTime="2015-03-19T15:59:59.7061231+01:00" endTime="2015-03-19T15:59:59.7061231+01:00" testType="13cdc9d9-ddb5-4fa4-a97d-d965ccfc6d4b" outcome="Failed" testListId="8c84fa94-04c1-424b-9868-57a2d4851a1d" relativeResultsDirectory="641aadd9-ce1d-4b2a-8349-50b3ca5c9ad6">
      <Output>
        <ErrorInfo>
          <Message>Class Initialization method MCRA.Test.IntegrationTests.DataIntegrityTests.CompiledDataSourceTests.ConcentrationsDataTests.Initialize threw exception. System.InvalidOperationException: System.InvalidOperationException: Sequence contains more than one element.</Message>
          <StackTrace>   at System.Linq.Enumerable.Single[TSource](IEnumerable`1 source)
   at System.Data.Entity.Core.Objects.ELinq.ObjectQueryProvider.&lt;GetElementFunction&gt;b__3[TResult](IEnumerable`1 sequence)
   at System.Data.Entity.Core.Objects.ELinq.ObjectQueryProvider.ExecuteSingle[TResult](IEnumerable`1 query, Expression queryRoot)
   at System.Data.Entity.Core.Objects.ELinq.ObjectQueryProvider.System.Linq.IQueryProvider.Execute[TResult](Expression expression)
   at System.Linq.Queryable.Single[TSource](IQueryable`1 source, Expression`1 predicate)
   at MCRA.ProjectEntityModels.RawDataSourceManagement.RawDataSourceRepositoryManager.GetRootDataSourceRepository(User user) in d:\Projects\MCRA\MCRA 8.1\MCRA.ProjectEntityModels\RawDataSourceManagement\RawDataSourceRepositoryManager.cs:line 76
   at MCRA.Test.Initialization.TestInitializer.DropRawDataSource(String dataSourceName) in d:\Projects\MCRA\MCRA 8.1\MCRA.Test\InitializationRoutines\TestInitializer.cs:line 108
   at MCRA.Test.IntegrationTests.DataIntegrityTests.CompiledDataSourceTests.ConcentrationsDataTests.Initialize(TestContext testContext) in d:\Projects\MCRA\MCRA 8.1\MCRA.Test\IntegrationTests\DataIntegrityTests\CompiledDataSourceTests\ConcentrationsDataTests.cs:line 31
</StackTrace>
        </ErrorInfo>
      </Output>
    </UnitTestResult>
    <UnitTestResult executionId="49507d24-806e-4012-8688-9045c0ce81d3" testId="79f1eec9-d159-2e62-7090-cfb56cc8c37a" testName="ConcentrationsDataTest3" computerName="L0134254" startTime="2015-03-19T15:59:59.7061231+01:00" endTime="2015-03-19T15:59:59.7071232+01:00" testType="13cdc9d9-ddb5-4fa4-a97d-d965ccfc6d4b" outcome="Failed" testListId="8c84fa94-04c1-424b-9868-57a2d4851a1d" relativeResultsDirectory="49507d24-806e-4012-8688-9045c0ce81d3">
      <Output>
        <ErrorInfo>
          <Message>Class Initialization method MCRA.Test.IntegrationTests.DataIntegrityTests.CompiledDataSourceTests.ConcentrationsDataTests.Initialize threw exception. System.InvalidOperationException: System.InvalidOperationException: Sequence contains more than one element.</Message>
          <StackTrace>   at System.Linq.Enumerable.Single[TSource](IEnumerable`1 source)
   at System.Data.Entity.Core.Objects.ELinq.ObjectQueryProvider.&lt;GetElementFunction&gt;b__3[TResult](IEnumerable`1 sequence)
   at System.Data.Entity.Core.Objects.ELinq.ObjectQueryProvider.ExecuteSingle[TResult](IEnumerable`1 query, Expression queryRoot)
   at System.Data.Entity.Core.Objects.ELinq.ObjectQueryProvider.System.Linq.IQueryProvider.Execute[TResult](Expression expression)
   at System.Linq.Queryable.Single[TSource](IQueryable`1 source, Expression`1 predicate)
   at MCRA.ProjectEntityModels.RawDataSourceManagement.RawDataSourceRepositoryManager.GetRootDataSourceRepository(User user) in d:\Projects\MCRA\MCRA 8.1\MCRA.ProjectEntityModels\RawDataSourceManagement\RawDataSourceRepositoryManager.cs:line 76
   at MCRA.Test.Initialization.TestInitializer.DropRawDataSource(String dataSourceName) in d:\Projects\MCRA\MCRA 8.1\MCRA.Test\InitializationRoutines\TestInitializer.cs:line 108
   at MCRA.Test.IntegrationTests.DataIntegrityTests.CompiledDataSourceTests.ConcentrationsDataTests.Initialize(TestContext testContext) in d:\Projects\MCRA\MCRA 8.1\MCRA.Test\IntegrationTests\DataIntegrityTests\CompiledDataSourceTests\ConcentrationsDataTests.cs:line 31
</StackTrace>
        </ErrorInfo>
      </Output>
    </UnitTestResult>
    <UnitTestResult executionId="406a3379-a23f-468a-b950-07ebdc6f6769" testId="0e2efaaa-470b-a39f-aba2-1a03dd275528" testName="ConcentrationsDataTest4" computerName="L0134254" startTime="2015-03-19T15:59:59.7071232+01:00" endTime="2015-03-19T15:59:59.7071232+01:00" testType="13cdc9d9-ddb5-4fa4-a97d-d965ccfc6d4b" outcome="Failed" testListId="8c84fa94-04c1-424b-9868-57a2d4851a1d" relativeResultsDirectory="406a3379-a23f-468a-b950-07ebdc6f6769">
      <Output>
        <ErrorInfo>
          <Message>Class Initialization method MCRA.Test.IntegrationTests.DataIntegrityTests.CompiledDataSourceTests.ConcentrationsDataTests.Initialize threw exception. System.InvalidOperationException: System.InvalidOperationException: Sequence contains more than one element.</Message>
          <StackTrace>   at System.Linq.Enumerable.Single[TSource](IEnumerable`1 source)
   at System.Data.Entity.Core.Objects.ELinq.ObjectQueryProvider.&lt;GetElementFunction&gt;b__3[TResult](IEnumerable`1 sequence)
   at System.Data.Entity.Core.Objects.ELinq.ObjectQueryProvider.ExecuteSingle[TResult](IEnumerable`1 query, Expression queryRoot)
   at System.Data.Entity.Core.Objects.ELinq.ObjectQueryProvider.System.Linq.IQueryProvider.Execute[TResult](Expression expression)
   at System.Linq.Queryable.Single[TSource](IQueryable`1 source, Expression`1 predicate)
   at MCRA.ProjectEntityModels.RawDataSourceManagement.RawDataSourceRepositoryManager.GetRootDataSourceRepository(User user) in d:\Projects\MCRA\MCRA 8.1\MCRA.ProjectEntityModels\RawDataSourceManagement\RawDataSourceRepositoryManager.cs:line 76
   at MCRA.Test.Initialization.TestInitializer.DropRawDataSource(String dataSourceName) in d:\Projects\MCRA\MCRA 8.1\MCRA.Test\InitializationRoutines\TestInitializer.cs:line 108
   at MCRA.Test.IntegrationTests.DataIntegrityTests.CompiledDataSourceTests.ConcentrationsDataTests.Initialize(TestContext testContext) in d:\Projects\MCRA\MCRA 8.1\MCRA.Test\IntegrationTests\DataIntegrityTests\CompiledDataSourceTests\ConcentrationsDataTests.cs:line 31
</StackTrace>
        </ErrorInfo>
      </Output>
    </UnitTestResult>
    <UnitTestResult executionId="ddba56f5-519b-4086-8652-d46eb3d33423" testId="23ea58b7-3613-7b12-daee-6e785dd8d0c0" testName="ConcentrationsDataTest5" computerName="L0134254" startTime="2015-03-19T15:59:59.7071232+01:00" endTime="2015-03-19T15:59:59.7071232+01:00" testType="13cdc9d9-ddb5-4fa4-a97d-d965ccfc6d4b" outcome="Failed" testListId="8c84fa94-04c1-424b-9868-57a2d4851a1d" relativeResultsDirectory="ddba56f5-519b-4086-8652-d46eb3d33423">
      <Output>
        <ErrorInfo>
          <Message>Class Initialization method MCRA.Test.IntegrationTests.DataIntegrityTests.CompiledDataSourceTests.ConcentrationsDataTests.Initialize threw exception. System.InvalidOperationException: System.InvalidOperationException: Sequence contains more than one element.</Message>
          <StackTrace>   at System.Linq.Enumerable.Single[TSource](IEnumerable`1 source)
   at System.Data.Entity.Core.Objects.ELinq.ObjectQueryProvider.&lt;GetElementFunction&gt;b__3[TResult](IEnumerable`1 sequence)
   at System.Data.Entity.Core.Objects.ELinq.ObjectQueryProvider.ExecuteSingle[TResult](IEnumerable`1 query, Expression queryRoot)
   at System.Data.Entity.Core.Objects.ELinq.ObjectQueryProvider.System.Linq.IQueryProvider.Execute[TResult](Expression expression)
   at System.Linq.Queryable.Single[TSource](IQueryable`1 source, Expression`1 predicate)
   at MCRA.ProjectEntityModels.RawDataSourceManagement.RawDataSourceRepositoryManager.GetRootDataSourceRepository(User user) in d:\Projects\MCRA\MCRA 8.1\MCRA.ProjectEntityModels\RawDataSourceManagement\RawDataSourceRepositoryManager.cs:line 76
   at MCRA.Test.Initialization.TestInitializer.DropRawDataSource(String dataSourceName) in d:\Projects\MCRA\MCRA 8.1\MCRA.Test\InitializationRoutines\TestInitializer.cs:line 108
   at MCRA.Test.IntegrationTests.DataIntegrityTests.CompiledDataSourceTests.ConcentrationsDataTests.Initialize(TestContext testContext) in d:\Projects\MCRA\MCRA 8.1\MCRA.Test\IntegrationTests\DataIntegrityTests\CompiledDataSourceTests\ConcentrationsDataTests.cs:line 31
</StackTrace>
        </ErrorInfo>
      </Output>
    </UnitTestResult>
    <UnitTestResult executionId="6f3baad8-2c89-4b48-8c32-503ef341d12b" testId="eda8e618-3e55-a312-74e5-5cd958502efe" testName="ConcentrationsDataTest6" computerName="L0134254" startTime="2015-03-19T15:59:59.7071232+01:00" endTime="2015-03-19T15:59:59.7081233+01:00" testType="13cdc9d9-ddb5-4fa4-a97d-d965ccfc6d4b" outcome="Failed" testListId="8c84fa94-04c1-424b-9868-57a2d4851a1d" relativeResultsDirectory="6f3baad8-2c89-4b48-8c32-503ef341d12b">
      <Output>
        <ErrorInfo>
          <Message>Class Initialization method MCRA.Test.IntegrationTests.DataIntegrityTests.CompiledDataSourceTests.ConcentrationsDataTests.Initialize threw exception. System.InvalidOperationException: System.InvalidOperationException: Sequence contains more than one element.</Message>
          <StackTrace>   at System.Linq.Enumerable.Single[TSource](IEnumerable`1 source)
   at System.Data.Entity.Core.Objects.ELinq.ObjectQueryProvider.&lt;GetElementFunction&gt;b__3[TResult](IEnumerable`1 sequence)
   at System.Data.Entity.Core.Objects.ELinq.ObjectQueryProvider.ExecuteSingle[TResult](IEnumerable`1 query, Expression queryRoot)
   at System.Data.Entity.Core.Objects.ELinq.ObjectQueryProvider.System.Linq.IQueryProvider.Execute[TResult](Expression expression)
   at System.Linq.Queryable.Single[TSource](IQueryable`1 source, Expression`1 predicate)
   at MCRA.ProjectEntityModels.RawDataSourceManagement.RawDataSourceRepositoryManager.GetRootDataSourceRepository(User user) in d:\Projects\MCRA\MCRA 8.1\MCRA.ProjectEntityModels\RawDataSourceManagement\RawDataSourceRepositoryManager.cs:line 76
   at MCRA.Test.Initialization.TestInitializer.DropRawDataSource(String dataSourceName) in d:\Projects\MCRA\MCRA 8.1\MCRA.Test\InitializationRoutines\TestInitializer.cs:line 108
   at MCRA.Test.IntegrationTests.DataIntegrityTests.CompiledDataSourceTests.ConcentrationsDataTests.Initialize(TestContext testContext) in d:\Projects\MCRA\MCRA 8.1\MCRA.Test\IntegrationTests\DataIntegrityTests\CompiledDataSourceTests\ConcentrationsDataTests.cs:line 31
</StackTrace>
        </ErrorInfo>
      </Output>
    </UnitTestResult>
    <UnitTestResult executionId="dbf4c400-7635-48f0-8315-83a90a779828" testId="88906654-1a3e-89f8-7ceb-9776b9ab9d40" testName="TestLoadFoodSurveys" computerName="L0134254" startTime="2015-03-19T15:59:59.7081233+01:00" endTime="2015-03-19T15:59:59.9821507+01:00" testType="13cdc9d9-ddb5-4fa4-a97d-d965ccfc6d4b" outcome="Failed" testListId="8c84fa94-04c1-424b-9868-57a2d4851a1d" relativeResultsDirectory="dbf4c400-7635-48f0-8315-83a90a779828">
      <Output>
        <ErrorInfo>
          <Message>Class Initialization method MCRA.Test.IntegrationTests.DataIntegrityTests.CompiledDataSourceTests.ConsumptionsDataTests.Initialize threw exception. System.InvalidOperationException: System.InvalidOperationException: Sequence contains more than one element.</Message>
          <StackTrace>   at System.Linq.Enumerable.Single[TSource](IEnumerable`1 source)
   at System.Data.Entity.Core.Objects.ELinq.ObjectQueryProvider.&lt;GetElementFunction&gt;b__3[TResult](IEnumerable`1 sequence)
   at System.Data.Entity.Core.Objects.ELinq.ObjectQueryProvider.ExecuteSingle[TResult](IEnumerable`1 query, Expression queryRoot)
   at System.Data.Entity.Core.Objects.ELinq.ObjectQueryProvider.System.Linq.IQueryProvider.Execute[TResult](Expression expression)
   at System.Linq.Queryable.Single[TSource](IQueryable`1 source, Expression`1 predicate)
   at MCRA.ProjectEntityModels.RawDataSourceManagement.RawDataSourceRepositoryManager.GetRootDataSourceRepository(User user) in d:\Projects\MCRA\MCRA 8.1\MCRA.ProjectEntityModels\RawDataSourceManagement\RawDataSourceRepositoryManager.cs:line 76
   at MCRA.Test.Initialization.TestInitializer.DropRawDataSource(String dataSourceName) in d:\Projects\MCRA\MCRA 8.1\MCRA.Test\InitializationRoutines\TestInitializer.cs:line 108
   at MCRA.Test.IntegrationTests.DataIntegrityTests.CompiledDataSourceTests.ConsumptionsDataTests.Initialize(TestContext testContext) in d:\Projects\MCRA\MCRA 8.1\MCRA.Test\IntegrationTests\DataIntegrityTests\CompiledDataSourceTests\ConsumptionsDataTests.cs:line 32
</StackTrace>
        </ErrorInfo>
      </Output>
    </UnitTestResult>
    <UnitTestResult executionId="a059bc33-f513-4eba-a544-aacd7084353a" testId="df9572bf-380f-dce8-b71d-783b5ae6e0e2" testName="TestLoadConsumptions" computerName="L0134254" startTime="2015-03-19T15:59:59.9821507+01:00" endTime="2015-03-19T15:59:59.9821507+01:00" testType="13cdc9d9-ddb5-4fa4-a97d-d965ccfc6d4b" outcome="Failed" testListId="8c84fa94-04c1-424b-9868-57a2d4851a1d" relativeResultsDirectory="a059bc33-f513-4eba-a544-aacd7084353a">
      <Output>
        <ErrorInfo>
          <Message>Class Initialization method MCRA.Test.IntegrationTests.DataIntegrityTests.CompiledDataSourceTests.ConsumptionsDataTests.Initialize threw exception. System.InvalidOperationException: System.InvalidOperationException: Sequence contains more than one element.</Message>
          <StackTrace>   at System.Linq.Enumerable.Single[TSource](IEnumerable`1 source)
   at System.Data.Entity.Core.Objects.ELinq.ObjectQueryProvider.&lt;GetElementFunction&gt;b__3[TResult](IEnumerable`1 sequence)
   at System.Data.Entity.Core.Objects.ELinq.ObjectQueryProvider.ExecuteSingle[TResult](IEnumerable`1 query, Expression queryRoot)
   at System.Data.Entity.Core.Objects.ELinq.ObjectQueryProvider.System.Linq.IQueryProvider.Execute[TResult](Expression expression)
   at System.Linq.Queryable.Single[TSource](IQueryable`1 source, Expression`1 predicate)
   at MCRA.ProjectEntityModels.RawDataSourceManagement.RawDataSourceRepositoryManager.GetRootDataSourceRepository(User user) in d:\Projects\MCRA\MCRA 8.1\MCRA.ProjectEntityModels\RawDataSourceManagement\RawDataSourceRepositoryManager.cs:line 76
   at MCRA.Test.Initialization.TestInitializer.DropRawDataSource(String dataSourceName) in d:\Projects\MCRA\MCRA 8.1\MCRA.Test\InitializationRoutines\TestInitializer.cs:line 108
   at MCRA.Test.IntegrationTests.DataIntegrityTests.CompiledDataSourceTests.ConsumptionsDataTests.Initialize(TestContext testContext) in d:\Projects\MCRA\MCRA 8.1\MCRA.Test\IntegrationTests\DataIntegrityTests\CompiledDataSourceTests\ConsumptionsDataTests.cs:line 32
</StackTrace>
        </ErrorInfo>
      </Output>
    </UnitTestResult>
    <UnitTestResult executionId="dc007c41-566a-47e4-9301-96aa97adee8b" testId="0f9573fb-14f2-9967-3027-74575f3b107b" testName="TestLoadIndividuals" computerName="L0134254" startTime="2015-03-19T15:59:59.9821507+01:00" endTime="2015-03-19T15:59:59.9831508+01:00" testType="13cdc9d9-ddb5-4fa4-a97d-d965ccfc6d4b" outcome="Failed" testListId="8c84fa94-04c1-424b-9868-57a2d4851a1d" relativeResultsDirectory="dc007c41-566a-47e4-9301-96aa97adee8b">
      <Output>
        <ErrorInfo>
          <Message>Class Initialization method MCRA.Test.IntegrationTests.DataIntegrityTests.CompiledDataSourceTests.ConsumptionsDataTests.Initialize threw exception. System.InvalidOperationException: System.InvalidOperationException: Sequence contains more than one element.</Message>
          <StackTrace>   at System.Linq.Enumerable.Single[TSource](IEnumerable`1 source)
   at System.Data.Entity.Core.Objects.ELinq.ObjectQueryProvider.&lt;GetElementFunction&gt;b__3[TResult](IEnumerable`1 sequence)
   at System.Data.Entity.Core.Objects.ELinq.ObjectQueryProvider.ExecuteSingle[TResult](IEnumerable`1 query, Expression queryRoot)
   at System.Data.Entity.Core.Objects.ELinq.ObjectQueryProvider.System.Linq.IQueryProvider.Execute[TResult](Expression expression)
   at System.Linq.Queryable.Single[TSource](IQueryable`1 source, Expression`1 predicate)
   at MCRA.ProjectEntityModels.RawDataSourceManagement.RawDataSourceRepositoryManager.GetRootDataSourceRepository(User user) in d:\Projects\MCRA\MCRA 8.1\MCRA.ProjectEntityModels\RawDataSourceManagement\RawDataSourceRepositoryManager.cs:line 76
   at MCRA.Test.Initialization.TestInitializer.DropRawDataSource(String dataSourceName) in d:\Projects\MCRA\MCRA 8.1\MCRA.Test\InitializationRoutines\TestInitializer.cs:line 108
   at MCRA.Test.IntegrationTests.DataIntegrityTests.CompiledDataSourceTests.ConsumptionsDataTests.Initialize(TestContext testContext) in d:\Projects\MCRA\MCRA 8.1\MCRA.Test\IntegrationTests\DataIntegrityTests\CompiledDataSourceTests\ConsumptionsDataTests.cs:line 32
</StackTrace>
        </ErrorInfo>
      </Output>
    </UnitTestResult>
    <UnitTestResult executionId="e6580ea0-49f7-4a94-a93f-8185ab51f6e1" testId="4e44ac92-8c40-49f2-f910-318e680ae52f" testName="TestLoadIndividualProperties" computerName="L0134254" startTime="2015-03-19T15:59:59.9831508+01:00" endTime="2015-03-19T15:59:59.9831508+01:00" testType="13cdc9d9-ddb5-4fa4-a97d-d965ccfc6d4b" outcome="Failed" testListId="8c84fa94-04c1-424b-9868-57a2d4851a1d" relativeResultsDirectory="e6580ea0-49f7-4a94-a93f-8185ab51f6e1">
      <Output>
        <ErrorInfo>
          <Message>Class Initialization method MCRA.Test.IntegrationTests.DataIntegrityTests.CompiledDataSourceTests.ConsumptionsDataTests.Initialize threw exception. System.InvalidOperationException: System.InvalidOperationException: Sequence contains more than one element.</Message>
          <StackTrace>   at System.Linq.Enumerable.Single[TSource](IEnumerable`1 source)
   at System.Data.Entity.Core.Objects.ELinq.ObjectQueryProvider.&lt;GetElementFunction&gt;b__3[TResult](IEnumerable`1 sequence)
   at System.Data.Entity.Core.Objects.ELinq.ObjectQueryProvider.ExecuteSingle[TResult](IEnumerable`1 query, Expression queryRoot)
   at System.Data.Entity.Core.Objects.ELinq.ObjectQueryProvider.System.Linq.IQueryProvider.Execute[TResult](Expression expression)
   at System.Linq.Queryable.Single[TSource](IQueryable`1 source, Expression`1 predicate)
   at MCRA.ProjectEntityModels.RawDataSourceManagement.RawDataSourceRepositoryManager.GetRootDataSourceRepository(User user) in d:\Projects\MCRA\MCRA 8.1\MCRA.ProjectEntityModels\RawDataSourceManagement\RawDataSourceRepositoryManager.cs:line 76
   at MCRA.Test.Initialization.TestInitializer.DropRawDataSource(String dataSourceName) in d:\Projects\MCRA\MCRA 8.1\MCRA.Test\InitializationRoutines\TestInitializer.cs:line 108
   at MCRA.Test.IntegrationTests.DataIntegrityTests.CompiledDataSourceTests.ConsumptionsDataTests.Initialize(TestContext testContext) in d:\Projects\MCRA\MCRA 8.1\MCRA.Test\IntegrationTests\DataIntegrityTests\CompiledDataSourceTests\ConsumptionsDataTests.cs:line 32
</StackTrace>
        </ErrorInfo>
      </Output>
    </UnitTestResult>
    <UnitTestResult executionId="abdc49dd-997c-494f-94ed-861f1b1c5794" testId="c0594f2f-58ee-7e4e-b629-33b588ae91c2" testName="EffectsDataTest1" computerName="L0134254" startTime="2015-03-19T15:59:59.9831508+01:00" endTime="2015-03-19T16:00:00.1941719+01:00" testType="13cdc9d9-ddb5-4fa4-a97d-d965ccfc6d4b" outcome="Failed" testListId="8c84fa94-04c1-424b-9868-57a2d4851a1d" relativeResultsDirectory="abdc49dd-997c-494f-94ed-861f1b1c5794">
      <Output>
        <ErrorInfo>
          <Message>Class Initialization method MCRA.Test.IntegrationTests.DataIntegrityTests.CompiledDataSourceTests.EffectsDataTests.Initialize threw exception. System.InvalidOperationException: System.InvalidOperationException: Sequence contains more than one element.</Message>
          <StackTrace>   at System.Linq.Enumerable.Single[TSource](IEnumerable`1 source)
   at System.Data.Entity.Core.Objects.ELinq.ObjectQueryProvider.&lt;GetElementFunction&gt;b__3[TResult](IEnumerable`1 sequence)
   at System.Data.Entity.Core.Objects.ELinq.ObjectQueryProvider.ExecuteSingle[TResult](IEnumerable`1 query, Expression queryRoot)
   at System.Data.Entity.Core.Objects.ELinq.ObjectQueryProvider.System.Linq.IQueryProvider.Execute[TResult](Expression expression)
   at System.Linq.Queryable.Single[TSource](IQueryable`1 source, Expression`1 predicate)
   at MCRA.ProjectEntityModels.RawDataSourceManagement.RawDataSourceRepositoryManager.GetRootDataSourceRepository(User user) in d:\Projects\MCRA\MCRA 8.1\MCRA.ProjectEntityModels\RawDataSourceManagement\RawDataSourceRepositoryManager.cs:line 76
   at MCRA.Test.Initialization.TestInitializer.DropRawDataSource(String dataSourceName) in d:\Projects\MCRA\MCRA 8.1\MCRA.Test\InitializationRoutines\TestInitializer.cs:line 108
   at MCRA.Test.IntegrationTests.DataIntegrityTests.CompiledDataSourceTests.EffectsDataTests.Initialize(TestContext testContext) in d:\Projects\MCRA\MCRA 8.1\MCRA.Test\IntegrationTests\DataIntegrityTests\CompiledDataSourceTests\EffectsDataTests.cs:line 28
</StackTrace>
        </ErrorInfo>
      </Output>
    </UnitTestResult>
    <UnitTestResult executionId="e81e3f33-5b64-436d-bffa-a419394ded09" testId="9a32abf0-ea1c-d462-850c-c743655144e7" testName="EffectsDataTest2" computerName="L0134254" startTime="2015-03-19T16:00:00.1941719+01:00" endTime="2015-03-19T16:00:00.1951720+01:00" testType="13cdc9d9-ddb5-4fa4-a97d-d965ccfc6d4b" outcome="Failed" testListId="8c84fa94-04c1-424b-9868-57a2d4851a1d" relativeResultsDirectory="e81e3f33-5b64-436d-bffa-a419394ded09">
      <Output>
        <ErrorInfo>
          <Message>Class Initialization method MCRA.Test.IntegrationTests.DataIntegrityTests.CompiledDataSourceTests.EffectsDataTests.Initialize threw exception. System.InvalidOperationException: System.InvalidOperationException: Sequence contains more than one element.</Message>
          <StackTrace>   at System.Linq.Enumerable.Single[TSource](IEnumerable`1 source)
   at System.Data.Entity.Core.Objects.ELinq.ObjectQueryProvider.&lt;GetElementFunction&gt;b__3[TResult](IEnumerable`1 sequence)
   at System.Data.Entity.Core.Objects.ELinq.ObjectQueryProvider.ExecuteSingle[TResult](IEnumerable`1 query, Expression queryRoot)
   at System.Data.Entity.Core.Objects.ELinq.ObjectQueryProvider.System.Linq.IQueryProvider.Execute[TResult](Expression expression)
   at System.Linq.Queryable.Single[TSource](IQueryable`1 source, Expression`1 predicate)
   at MCRA.ProjectEntityModels.RawDataSourceManagement.RawDataSourceRepositoryManager.GetRootDataSourceRepository(User user) in d:\Projects\MCRA\MCRA 8.1\MCRA.ProjectEntityModels\RawDataSourceManagement\RawDataSourceRepositoryManager.cs:line 76
   at MCRA.Test.Initialization.TestInitializer.DropRawDataSource(String dataSourceName) in d:\Projects\MCRA\MCRA 8.1\MCRA.Test\InitializationRoutines\TestInitializer.cs:line 108
   at MCRA.Test.IntegrationTests.DataIntegrityTests.CompiledDataSourceTests.EffectsDataTests.Initialize(TestContext testContext) in d:\Projects\MCRA\MCRA 8.1\MCRA.Test\IntegrationTests\DataIntegrityTests\CompiledDataSourceTests\EffectsDataTests.cs:line 28
</StackTrace>
        </ErrorInfo>
      </Output>
    </UnitTestResult>
    <UnitTestResult executionId="30b8e848-da6a-4c58-a1f7-e131c082177e" testId="66a4f02c-a714-0631-12f7-0a4af5e2bf97" testName="FocalFoodsTest1" computerName="L0134254" startTime="2015-03-19T16:00:00.1951720+01:00" endTime="2015-03-19T16:00:00.2971822+01:00" testType="13cdc9d9-ddb5-4fa4-a97d-d965ccfc6d4b" outcome="Failed" testListId="8c84fa94-04c1-424b-9868-57a2d4851a1d" relativeResultsDirectory="30b8e848-da6a-4c58-a1f7-e131c082177e">
      <Output>
        <ErrorInfo>
          <Message>Class Initialization method MCRA.EntityModels.Test.IntegrationTests.DataIntegrityTests.SimulationInputDataTests.FocalFoodsTests.Initialize threw exception. System.InvalidOperationException: System.InvalidOperationException: Sequence contains more than one element.</Message>
          <StackTrace>   at System.Linq.Enumerable.Single[TSource](IEnumerable`1 source)
   at System.Data.Entity.Core.Objects.ELinq.ObjectQueryProvider.&lt;GetElementFunction&gt;b__3[TResult](IEnumerable`1 sequence)
   at System.Data.Entity.Core.Objects.ELinq.ObjectQueryProvider.ExecuteSingle[TResult](IEnumerable`1 query, Expression queryRoot)
   at System.Data.Entity.Core.Objects.ELinq.ObjectQueryProvider.System.Linq.IQueryProvider.Execute[TResult](Expression expression)
   at System.Linq.Queryable.Single[TSource](IQueryable`1 source, Expression`1 predicate)
   at MCRA.ProjectEntityModels.RawDataSourceManagement.RawDataSourceRepositoryManager.GetRootDataSourceRepository(User user) in d:\Projects\MCRA\MCRA 8.1\MCRA.ProjectEntityModels\RawDataSourceManagement\RawDataSourceRepositoryManager.cs:line 76
   at MCRA.Test.Initialization.TestInitializer.DropRawDataSource(String dataSourceName) in d:\Projects\MCRA\MCRA 8.1\MCRA.Test\InitializationRoutines\TestInitializer.cs:line 108
   at MCRA.EntityModels.Test.IntegrationTests.DataIntegrityTests.SimulationInputDataTests.FocalFoodsTests.Initialize(TestContext testContext) in d:\Projects\MCRA\MCRA 8.1\MCRA.Test\IntegrationTests\DataIntegrityTests\CompiledDataSourceTests\FocalFoodsTests.cs:line 31
</StackTrace>
        </ErrorInfo>
      </Output>
    </UnitTestResult>
    <UnitTestResult executionId="0da628c2-e523-4b27-9209-e658293b6f1e" testId="480d0220-1fc9-ee3d-8ef1-43a483fc645b" testName="FoodEx2DataTest_Foods" computerName="L0134254" startTime="2015-03-19T16:00:00.2971822+01:00" endTime="2015-03-19T16:00:00.4081933+01:00" testType="13cdc9d9-ddb5-4fa4-a97d-d965ccfc6d4b" outcome="Failed" testListId="8c84fa94-04c1-424b-9868-57a2d4851a1d" relativeResultsDirectory="0da628c2-e523-4b27-9209-e658293b6f1e">
      <Output>
        <ErrorInfo>
          <Message>Class Initialization method MCRA.Test.IntegrationTests.DataIntegrityTests.CompiledDataSourceTests.FoodEx2DataTests.Initialize threw exception. System.InvalidOperationException: System.InvalidOperationException: Sequence contains more than one element.</Message>
          <StackTrace>   at System.Linq.Enumerable.Single[TSource](IEnumerable`1 source)
   at System.Data.Entity.Core.Objects.ELinq.ObjectQueryProvider.&lt;GetElementFunction&gt;b__3[TResult](IEnumerable`1 sequence)
   at System.Data.Entity.Core.Objects.ELinq.ObjectQueryProvider.ExecuteSingle[TResult](IEnumerable`1 query, Expression queryRoot)
   at System.Data.Entity.Core.Objects.ELinq.ObjectQueryProvider.System.Linq.IQueryProvider.Execute[TResult](Expression expression)
   at System.Linq.Queryable.Single[TSource](IQueryable`1 source, Expression`1 predicate)
   at MCRA.ProjectEntityModels.RawDataSourceManagement.RawDataSourceRepositoryManager.GetRootDataSourceRepository(User user) in d:\Projects\MCRA\MCRA 8.1\MCRA.ProjectEntityModels\RawDataSourceManagement\RawDataSourceRepositoryManager.cs:line 76
   at MCRA.Test.Initialization.TestInitializer.DropRawDataSource(String dataSourceName) in d:\Projects\MCRA\MCRA 8.1\MCRA.Test\InitializationRoutines\TestInitializer.cs:line 108
   at MCRA.Test.IntegrationTests.DataIntegrityTests.CompiledDataSourceTests.FoodEx2DataTests.Initialize(TestContext testContext) in d:\Projects\MCRA\MCRA 8.1\MCRA.Test\IntegrationTests\DataIntegrityTests\CompiledDataSourceTests\FoodEx2DataTests.cs:line 28
</StackTrace>
        </ErrorInfo>
      </Output>
    </UnitTestResult>
    <UnitTestResult executionId="74d2f473-ba64-4760-a252-3e93cf93c294" testId="606ad980-3837-b43b-0531-824544c1dbf1" testName="FoodEx2DataTests_FoodHierarchy" computerName="L0134254" startTime="2015-03-19T16:00:00.4081933+01:00" endTime="2015-03-19T16:00:00.4091934+01:00" testType="13cdc9d9-ddb5-4fa4-a97d-d965ccfc6d4b" outcome="Failed" testListId="8c84fa94-04c1-424b-9868-57a2d4851a1d" relativeResultsDirectory="74d2f473-ba64-4760-a252-3e93cf93c294">
      <Output>
        <ErrorInfo>
          <Message>Class Initialization method MCRA.Test.IntegrationTests.DataIntegrityTests.CompiledDataSourceTests.FoodEx2DataTests.Initialize threw exception. System.InvalidOperationException: System.InvalidOperationException: Sequence contains more than one element.</Message>
          <StackTrace>   at System.Linq.Enumerable.Single[TSource](IEnumerable`1 source)
   at System.Data.Entity.Core.Objects.ELinq.ObjectQueryProvider.&lt;GetElementFunction&gt;b__3[TResult](IEnumerable`1 sequence)
   at System.Data.Entity.Core.Objects.ELinq.ObjectQueryProvider.ExecuteSingle[TResult](IEnumerable`1 query, Expression queryRoot)
   at System.Data.Entity.Core.Objects.ELinq.ObjectQueryProvider.System.Linq.IQueryProvider.Execute[TResult](Expression expression)
   at System.Linq.Queryable.Single[TSource](IQueryable`1 source, Expression`1 predicate)
   at MCRA.ProjectEntityModels.RawDataSourceManagement.RawDataSourceRepositoryManager.GetRootDataSourceRepository(User user) in d:\Projects\MCRA\MCRA 8.1\MCRA.ProjectEntityModels\RawDataSourceManagement\RawDataSourceRepositoryManager.cs:line 76
   at MCRA.Test.Initialization.TestInitializer.DropRawDataSource(String dataSourceName) in d:\Projects\MCRA\MCRA 8.1\MCRA.Test\InitializationRoutines\TestInitializer.cs:line 108
   at MCRA.Test.IntegrationTests.DataIntegrityTests.CompiledDataSourceTests.FoodEx2DataTests.Initialize(TestContext testContext) in d:\Projects\MCRA\MCRA 8.1\MCRA.Test\IntegrationTests\DataIntegrityTests\CompiledDataSourceTests\FoodEx2DataTests.cs:line 28
</StackTrace>
        </ErrorInfo>
      </Output>
    </UnitTestResult>
    <UnitTestResult executionId="c276c4db-e6eb-422c-99cf-ec429440f032" testId="63f04012-0a7d-5a51-8ad2-6c987eee319e" testName="FoodsDataTest_Foods" computerName="L0134254" startTime="2015-03-19T16:00:00.4091934+01:00" endTime="2015-03-19T16:00:00.6682193+01:00" testType="13cdc9d9-ddb5-4fa4-a97d-d965ccfc6d4b" outcome="Failed" testListId="8c84fa94-04c1-424b-9868-57a2d4851a1d" relativeResultsDirectory="c276c4db-e6eb-422c-99cf-ec429440f032">
      <Output>
        <ErrorInfo>
          <Message>Class Initialization method MCRA.Test.IntegrationTests.DataIntegrityTests.CompiledDataSourceTests.FoodsDataTests.Initialize threw exception. System.InvalidOperationException: System.InvalidOperationException: Sequence contains more than one element.</Message>
          <StackTrace>   at System.Linq.Enumerable.Single[TSource](IEnumerable`1 source)
   at System.Data.Entity.Core.Objects.ELinq.ObjectQueryProvider.&lt;GetElementFunction&gt;b__3[TResult](IEnumerable`1 sequence)
   at System.Data.Entity.Core.Objects.ELinq.ObjectQueryProvider.ExecuteSingle[TResult](IEnumerable`1 query, Expression queryRoot)
   at System.Data.Entity.Core.Objects.ELinq.ObjectQueryProvider.System.Linq.IQueryProvider.Execute[TResult](Expression expression)
   at System.Linq.Queryable.Single[TSource](IQueryable`1 source, Expression`1 predicate)
   at MCRA.ProjectEntityModels.RawDataSourceManagement.RawDataSourceRepositoryManager.GetRootDataSourceRepository(User user) in d:\Projects\MCRA\MCRA 8.1\MCRA.ProjectEntityModels\RawDataSourceManagement\RawDataSourceRepositoryManager.cs:line 76
   at MCRA.Test.Initialization.TestInitializer.DropRawDataSource(String dataSourceName) in d:\Projects\MCRA\MCRA 8.1\MCRA.Test\InitializationRoutines\TestInitializer.cs:line 108
   at MCRA.Test.IntegrationTests.DataIntegrityTests.CompiledDataSourceTests.FoodsDataTests.Initialize(TestContext testContext) in d:\Projects\MCRA\MCRA 8.1\MCRA.Test\IntegrationTests\DataIntegrityTests\CompiledDataSourceTests\FoodsDataTests.cs:line 29
</StackTrace>
        </ErrorInfo>
      </Output>
    </UnitTestResult>
    <UnitTestResult executionId="0ef4c962-254b-4741-ae9c-9b64a52d311b" testId="4bfd9e0f-d41a-01e0-f6ec-4aebb364264c" testName="FoodsDataTest_FoodProperties" computerName="L0134254" startTime="2015-03-19T16:00:00.6682193+01:00" endTime="2015-03-19T16:00:00.6692194+01:00" testType="13cdc9d9-ddb5-4fa4-a97d-d965ccfc6d4b" outcome="Failed" testListId="8c84fa94-04c1-424b-9868-57a2d4851a1d" relativeResultsDirectory="0ef4c962-254b-4741-ae9c-9b64a52d311b">
      <Output>
        <ErrorInfo>
          <Message>Class Initialization method MCRA.Test.IntegrationTests.DataIntegrityTests.CompiledDataSourceTests.FoodsDataTests.Initialize threw exception. System.InvalidOperationException: System.InvalidOperationException: Sequence contains more than one element.</Message>
          <StackTrace>   at System.Linq.Enumerable.Single[TSource](IEnumerable`1 source)
   at System.Data.Entity.Core.Objects.ELinq.ObjectQueryProvider.&lt;GetElementFunction&gt;b__3[TResult](IEnumerable`1 sequence)
   at System.Data.Entity.Core.Objects.ELinq.ObjectQueryProvider.ExecuteSingle[TResult](IEnumerable`1 query, Expression queryRoot)
   at System.Data.Entity.Core.Objects.ELinq.ObjectQueryProvider.System.Linq.IQueryProvider.Execute[TResult](Expression expression)
   at System.Linq.Queryable.Single[TSource](IQueryable`1 source, Expression`1 predicate)
   at MCRA.ProjectEntityModels.RawDataSourceManagement.RawDataSourceRepositoryManager.GetRootDataSourceRepository(User user) in d:\Projects\MCRA\MCRA 8.1\MCRA.ProjectEntityModels\RawDataSourceManagement\RawDataSourceRepositoryManager.cs:line 76
   at MCRA.Test.Initialization.TestInitializer.DropRawDataSource(String dataSourceName) in d:\Projects\MCRA\MCRA 8.1\MCRA.Test\InitializationRoutines\TestInitializer.cs:line 108
   at MCRA.Test.IntegrationTests.DataIntegrityTests.CompiledDataSourceTests.FoodsDataTests.Initialize(TestContext testContext) in d:\Projects\MCRA\MCRA 8.1\MCRA.Test\IntegrationTests\DataIntegrityTests\CompiledDataSourceTests\FoodsDataTests.cs:line 29
</StackTrace>
        </ErrorInfo>
      </Output>
    </UnitTestResult>
    <UnitTestResult executionId="a68506a6-1ac4-4222-aa4d-77de9d918c4f" testId="76df1846-3783-6018-8dbf-d03363ebbb87" testName="FoodsDataTest_MarketShares" computerName="L0134254" startTime="2015-03-19T16:00:00.6692194+01:00" endTime="2015-03-19T16:00:00.6692194+01:00" testType="13cdc9d9-ddb5-4fa4-a97d-d965ccfc6d4b" outcome="Failed" testListId="8c84fa94-04c1-424b-9868-57a2d4851a1d" relativeResultsDirectory="a68506a6-1ac4-4222-aa4d-77de9d918c4f">
      <Output>
        <ErrorInfo>
          <Message>Class Initialization method MCRA.Test.IntegrationTests.DataIntegrityTests.CompiledDataSourceTests.FoodsDataTests.Initialize threw exception. System.InvalidOperationException: System.InvalidOperationException: Sequence contains more than one element.</Message>
          <StackTrace>   at System.Linq.Enumerable.Single[TSource](IEnumerable`1 source)
   at System.Data.Entity.Core.Objects.ELinq.ObjectQueryProvider.&lt;GetElementFunction&gt;b__3[TResult](IEnumerable`1 sequence)
   at System.Data.Entity.Core.Objects.ELinq.ObjectQueryProvider.ExecuteSingle[TResult](IEnumerable`1 query, Expression queryRoot)
   at System.Data.Entity.Core.Objects.ELinq.ObjectQueryProvider.System.Linq.IQueryProvider.Execute[TResult](Expression expression)
   at System.Linq.Queryable.Single[TSource](IQueryable`1 source, Expression`1 predicate)
   at MCRA.ProjectEntityModels.RawDataSourceManagement.RawDataSourceRepositoryManager.GetRootDataSourceRepository(User user) in d:\Projects\MCRA\MCRA 8.1\MCRA.ProjectEntityModels\RawDataSourceManagement\RawDataSourceRepositoryManager.cs:line 76
   at MCRA.Test.Initialization.TestInitializer.DropRawDataSource(String dataSourceName) in d:\Projects\MCRA\MCRA 8.1\MCRA.Test\InitializationRoutines\TestInitializer.cs:line 108
   at MCRA.Test.IntegrationTests.DataIntegrityTests.CompiledDataSourceTests.FoodsDataTests.Initialize(TestContext testContext) in d:\Projects\MCRA\MCRA 8.1\MCRA.Test\IntegrationTests\DataIntegrityTests\CompiledDataSourceTests\FoodsDataTests.cs:line 29
</StackTrace>
        </ErrorInfo>
      </Output>
    </UnitTestResult>
    <UnitTestResult executionId="ae52c866-38d0-4af9-9ef6-8eb05fcc10c9" testId="577fb871-7992-7158-e15c-87022aa7ccf2" testName="FoodsDataTest_FoodTranslations" computerName="L0134254" startTime="2015-03-19T16:00:00.6702195+01:00" endTime="2015-03-19T16:00:00.6702195+01:00" testType="13cdc9d9-ddb5-4fa4-a97d-d965ccfc6d4b" outcome="Failed" testListId="8c84fa94-04c1-424b-9868-57a2d4851a1d" relativeResultsDirectory="ae52c866-38d0-4af9-9ef6-8eb05fcc10c9">
      <Output>
        <ErrorInfo>
          <Message>Class Initialization method MCRA.Test.IntegrationTests.DataIntegrityTests.CompiledDataSourceTests.FoodsDataTests.Initialize threw exception. System.InvalidOperationException: System.InvalidOperationException: Sequence contains more than one element.</Message>
          <StackTrace>   at System.Linq.Enumerable.Single[TSource](IEnumerable`1 source)
   at System.Data.Entity.Core.Objects.ELinq.ObjectQueryProvider.&lt;GetElementFunction&gt;b__3[TResult](IEnumerable`1 sequence)
   at System.Data.Entity.Core.Objects.ELinq.ObjectQueryProvider.ExecuteSingle[TResult](IEnumerable`1 query, Expression queryRoot)
   at System.Data.Entity.Core.Objects.ELinq.ObjectQueryProvider.System.Linq.IQueryProvider.Execute[TResult](Expression expression)
   at System.Linq.Queryable.Single[TSource](IQueryable`1 source, Expression`1 predicate)
   at MCRA.ProjectEntityModels.RawDataSourceManagement.RawDataSourceRepositoryManager.GetRootDataSourceRepository(User user) in d:\Projects\MCRA\MCRA 8.1\MCRA.ProjectEntityModels\RawDataSourceManagement\RawDataSourceRepositoryManager.cs:line 76
   at MCRA.Test.Initialization.TestInitializer.DropRawDataSource(String dataSourceName) in d:\Projects\MCRA\MCRA 8.1\MCRA.Test\InitializationRoutines\TestInitializer.cs:line 108
   at MCRA.Test.IntegrationTests.DataIntegrityTests.CompiledDataSourceTests.FoodsDataTests.Initialize(TestContext testContext) in d:\Projects\MCRA\MCRA 8.1\MCRA.Test\IntegrationTests\DataIntegrityTests\CompiledDataSourceTests\FoodsDataTests.cs:line 29
</StackTrace>
        </ErrorInfo>
      </Output>
    </UnitTestResult>
    <UnitTestResult executionId="1e8dfd71-1a47-4444-a890-4610c26828bb" testId="c8aea8c4-b3c7-525a-1157-2efe086f535c" testName="MaximumResidueLimitsDataTest1" computerName="L0134254" startTime="2015-03-19T16:00:00.6702195+01:00" endTime="2015-03-19T16:00:00.8752400+01:00" testType="13cdc9d9-ddb5-4fa4-a97d-d965ccfc6d4b" outcome="Failed" testListId="8c84fa94-04c1-424b-9868-57a2d4851a1d" relativeResultsDirectory="1e8dfd71-1a47-4444-a890-4610c26828bb">
      <Output>
        <ErrorInfo>
          <Message>Class Initialization method MCRA.Test.IntegrationTests.DataIntegrityTests.CompiledDataSourceTests.MaximumResidueLimitsDataTests.Initialize threw exception. System.InvalidOperationException: System.InvalidOperationException: Sequence contains more than one element.</Message>
          <StackTrace>   at System.Linq.Enumerable.Single[TSource](IEnumerable`1 source)
   at System.Data.Entity.Core.Objects.ELinq.ObjectQueryProvider.&lt;GetElementFunction&gt;b__3[TResult](IEnumerable`1 sequence)
   at System.Data.Entity.Core.Objects.ELinq.ObjectQueryProvider.ExecuteSingle[TResult](IEnumerable`1 query, Expression queryRoot)
   at System.Data.Entity.Core.Objects.ELinq.ObjectQueryProvider.System.Linq.IQueryProvider.Execute[TResult](Expression expression)
   at System.Linq.Queryable.Single[TSource](IQueryable`1 source, Expression`1 predicate)
   at MCRA.ProjectEntityModels.RawDataSourceManagement.RawDataSourceRepositoryManager.GetRootDataSourceRepository(User user) in d:\Projects\MCRA\MCRA 8.1\MCRA.ProjectEntityModels\RawDataSourceManagement\RawDataSourceRepositoryManager.cs:line 76
   at MCRA.Test.Initialization.TestInitializer.DropRawDataSource(String dataSourceName) in d:\Projects\MCRA\MCRA 8.1\MCRA.Test\InitializationRoutines\TestInitializer.cs:line 108
   at MCRA.Test.IntegrationTests.DataIntegrityTests.CompiledDataSourceTests.MaximumResidueLimitsDataTests.Initialize(TestContext testContext) in d:\Projects\MCRA\MCRA 8.1\MCRA.Test\IntegrationTests\DataIntegrityTests\CompiledDataSourceTests\MaximumResidueLimitsDataTests.cs:line 28
</StackTrace>
        </ErrorInfo>
      </Output>
    </UnitTestResult>
    <UnitTestResult executionId="17b3f4a0-432a-462f-9354-4c6891babb7d" testId="39b76a15-c620-2d6d-c093-1cfad161f02a" testName="NonDietaryDataTests1" computerName="L0134254" startTime="2015-03-19T16:00:00.8752400+01:00" endTime="2015-03-19T16:00:01.1082633+01:00" testType="13cdc9d9-ddb5-4fa4-a97d-d965ccfc6d4b" outcome="Failed" testListId="8c84fa94-04c1-424b-9868-57a2d4851a1d" relativeResultsDirectory="17b3f4a0-432a-462f-9354-4c6891babb7d">
      <Output>
        <ErrorInfo>
          <Message>Class Initialization method MCRA.Test.IntegrationTests.DataIntegrityTests.CompiledDataSourceTests.NonDietaryDataTests.Initialize threw exception. System.InvalidOperationException: System.InvalidOperationException: Sequence contains more than one element.</Message>
          <StackTrace>   at System.Linq.Enumerable.Single[TSource](IEnumerable`1 source)
   at System.Data.Entity.Core.Objects.ELinq.ObjectQueryProvider.&lt;GetElementFunction&gt;b__3[TResult](IEnumerable`1 sequence)
   at System.Data.Entity.Core.Objects.ELinq.ObjectQueryProvider.ExecuteSingle[TResult](IEnumerable`1 query, Expression queryRoot)
   at System.Data.Entity.Core.Objects.ELinq.ObjectQueryProvider.System.Linq.IQueryProvider.Execute[TResult](Expression expression)
   at System.Linq.Queryable.Single[TSource](IQueryable`1 source, Expression`1 predicate)
   at MCRA.ProjectEntityModels.RawDataSourceManagement.RawDataSourceRepositoryManager.GetRootDataSourceRepository(User user) in d:\Projects\MCRA\MCRA 8.1\MCRA.ProjectEntityModels\RawDataSourceManagement\RawDataSourceRepositoryManager.cs:line 76
   at MCRA.Test.Initialization.TestInitializer.DropRawDataSource(String dataSourceName) in d:\Projects\MCRA\MCRA 8.1\MCRA.Test\InitializationRoutines\TestInitializer.cs:line 108
   at MCRA.Test.IntegrationTests.DataIntegrityTests.CompiledDataSourceTests.NonDietaryDataTests.Initialize(TestContext testContext) in d:\Projects\MCRA\MCRA 8.1\MCRA.Test\IntegrationTests\DataIntegrityTests\CompiledDataSourceTests\NonDietaryDataTests.cs:line 29
</StackTrace>
        </ErrorInfo>
      </Output>
    </UnitTestResult>
    <UnitTestResult executionId="67d4ecd0-50fd-4b15-92a4-8a04a6dbec78" testId="55c34995-8a10-4df9-19e7-2e23b6b30b15" testName="NonDietaryDataTests2" computerName="L0134254" startTime="2015-03-19T16:00:01.1082633+01:00" endTime="2015-03-19T16:00:01.1082633+01:00" testType="13cdc9d9-ddb5-4fa4-a97d-d965ccfc6d4b" outcome="Failed" testListId="8c84fa94-04c1-424b-9868-57a2d4851a1d" relativeResultsDirectory="67d4ecd0-50fd-4b15-92a4-8a04a6dbec78">
      <Output>
        <ErrorInfo>
          <Message>Class Initialization method MCRA.Test.IntegrationTests.DataIntegrityTests.CompiledDataSourceTests.NonDietaryDataTests.Initialize threw exception. System.InvalidOperationException: System.InvalidOperationException: Sequence contains more than one element.</Message>
          <StackTrace>   at System.Linq.Enumerable.Single[TSource](IEnumerable`1 source)
   at System.Data.Entity.Core.Objects.ELinq.ObjectQueryProvider.&lt;GetElementFunction&gt;b__3[TResult](IEnumerable`1 sequence)
   at System.Data.Entity.Core.Objects.ELinq.ObjectQueryProvider.ExecuteSingle[TResult](IEnumerable`1 query, Expression queryRoot)
   at System.Data.Entity.Core.Objects.ELinq.ObjectQueryProvider.System.Linq.IQueryProvider.Execute[TResult](Expression expression)
   at System.Linq.Queryable.Single[TSource](IQueryable`1 source, Expression`1 predicate)
   at MCRA.ProjectEntityModels.RawDataSourceManagement.RawDataSourceRepositoryManager.GetRootDataSourceRepository(User user) in d:\Projects\MCRA\MCRA 8.1\MCRA.ProjectEntityModels\RawDataSourceManagement\RawDataSourceRepositoryManager.cs:line 76
   at MCRA.Test.Initialization.TestInitializer.DropRawDataSource(String dataSourceName) in d:\Projects\MCRA\MCRA 8.1\MCRA.Test\InitializationRoutines\TestInitializer.cs:line 108
   at MCRA.Test.IntegrationTests.DataIntegrityTests.CompiledDataSourceTests.NonDietaryDataTests.Initialize(TestContext testContext) in d:\Projects\MCRA\MCRA 8.1\MCRA.Test\IntegrationTests\DataIntegrityTests\CompiledDataSourceTests\NonDietaryDataTests.cs:line 29
</StackTrace>
        </ErrorInfo>
      </Output>
    </UnitTestResult>
    <UnitTestResult executionId="73304025-ab46-459c-ba08-fafe95b2e0cd" testId="682afb32-7557-79fd-e210-0d27532b72ce" testName="NonDietaryDataTests3" computerName="L0134254" startTime="2015-03-19T16:00:01.1082633+01:00" endTime="2015-03-19T16:00:01.1092634+01:00" testType="13cdc9d9-ddb5-4fa4-a97d-d965ccfc6d4b" outcome="Failed" testListId="8c84fa94-04c1-424b-9868-57a2d4851a1d" relativeResultsDirectory="73304025-ab46-459c-ba08-fafe95b2e0cd">
      <Output>
        <ErrorInfo>
          <Message>Class Initialization method MCRA.Test.IntegrationTests.DataIntegrityTests.CompiledDataSourceTests.NonDietaryDataTests.Initialize threw exception. System.InvalidOperationException: System.InvalidOperationException: Sequence contains more than one element.</Message>
          <StackTrace>   at System.Linq.Enumerable.Single[TSource](IEnumerable`1 source)
   at System.Data.Entity.Core.Objects.ELinq.ObjectQueryProvider.&lt;GetElementFunction&gt;b__3[TResult](IEnumerable`1 sequence)
   at System.Data.Entity.Core.Objects.ELinq.ObjectQueryProvider.ExecuteSingle[TResult](IEnumerable`1 query, Expression queryRoot)
   at System.Data.Entity.Core.Objects.ELinq.ObjectQueryProvider.System.Linq.IQueryProvider.Execute[TResult](Expression expression)
   at System.Linq.Queryable.Single[TSource](IQueryable`1 source, Expression`1 predicate)
   at MCRA.ProjectEntityModels.RawDataSourceManagement.RawDataSourceRepositoryManager.GetRootDataSourceRepository(User user) in d:\Projects\MCRA\MCRA 8.1\MCRA.ProjectEntityModels\RawDataSourceManagement\RawDataSourceRepositoryManager.cs:line 76
   at MCRA.Test.Initialization.TestInitializer.DropRawDataSource(String dataSourceName) in d:\Projects\MCRA\MCRA 8.1\MCRA.Test\InitializationRoutines\TestInitializer.cs:line 108
   at MCRA.Test.IntegrationTests.DataIntegrityTests.CompiledDataSourceTests.NonDietaryDataTests.Initialize(TestContext testContext) in d:\Projects\MCRA\MCRA 8.1\MCRA.Test\IntegrationTests\DataIntegrityTests\CompiledDataSourceTests\NonDietaryDataTests.cs:line 29
</StackTrace>
        </ErrorInfo>
      </Output>
    </UnitTestResult>
    <UnitTestResult executionId="eb732ef7-5bce-4ff2-a7c0-572dccd0f172" testId="f046fb4a-a29a-b941-ef45-aaf88931ac34" testName="ProcessingFactorsDataTest1" computerName="L0134254" startTime="2015-03-19T16:00:01.1092634+01:00" endTime="2015-03-19T16:00:01.3302855+01:00" testType="13cdc9d9-ddb5-4fa4-a97d-d965ccfc6d4b" outcome="Failed" testListId="8c84fa94-04c1-424b-9868-57a2d4851a1d" relativeResultsDirectory="eb732ef7-5bce-4ff2-a7c0-572dccd0f172">
      <Output>
        <ErrorInfo>
          <Message>Class Initialization method MCRA.Test.IntegrationTests.DataIntegrityTests.CompiledDataSourceTests.ProcessingFactorsDataTests.Initialize threw exception. System.InvalidOperationException: System.InvalidOperationException: Sequence contains more than one element.</Message>
          <StackTrace>   at System.Linq.Enumerable.Single[TSource](IEnumerable`1 source)
   at System.Data.Entity.Core.Objects.ELinq.ObjectQueryProvider.&lt;GetElementFunction&gt;b__3[TResult](IEnumerable`1 sequence)
   at System.Data.Entity.Core.Objects.ELinq.ObjectQueryProvider.ExecuteSingle[TResult](IEnumerable`1 query, Expression queryRoot)
   at System.Data.Entity.Core.Objects.ELinq.ObjectQueryProvider.System.Linq.IQueryProvider.Execute[TResult](Expression expression)
   at System.Linq.Queryable.Single[TSource](IQueryable`1 source, Expression`1 predicate)
   at MCRA.ProjectEntityModels.RawDataSourceManagement.RawDataSourceRepositoryManager.GetRootDataSourceRepository(User user) in d:\Projects\MCRA\MCRA 8.1\MCRA.ProjectEntityModels\RawDataSourceManagement\RawDataSourceRepositoryManager.cs:line 76
   at MCRA.Test.Initialization.TestInitializer.DropRawDataSource(String dataSourceName) in d:\Projects\MCRA\MCRA 8.1\MCRA.Test\InitializationRoutines\TestInitializer.cs:line 108
   at MCRA.Test.IntegrationTests.DataIntegrityTests.CompiledDataSourceTests.ProcessingFactorsDataTests.Initialize(TestContext testContext) in d:\Projects\MCRA\MCRA 8.1\MCRA.Test\IntegrationTests\DataIntegrityTests\CompiledDataSourceTests\ProcessingFactorsDataTests.cs:line 29
</StackTrace>
        </ErrorInfo>
      </Output>
    </UnitTestResult>
    <UnitTestResult executionId="478de262-6e6d-4b4c-8f64-cac5f4ad7274" testId="25f4e712-fb5d-9352-8cda-af082f7ba425" testName="ProcessingFactorsDataTest2" computerName="L0134254" startTime="2015-03-19T16:00:01.3302855+01:00" endTime="2015-03-19T16:00:01.3302855+01:00" testType="13cdc9d9-ddb5-4fa4-a97d-d965ccfc6d4b" outcome="Failed" testListId="8c84fa94-04c1-424b-9868-57a2d4851a1d" relativeResultsDirectory="478de262-6e6d-4b4c-8f64-cac5f4ad7274">
      <Output>
        <ErrorInfo>
          <Message>Class Initialization method MCRA.Test.IntegrationTests.DataIntegrityTests.CompiledDataSourceTests.ProcessingFactorsDataTests.Initialize threw exception. System.InvalidOperationException: System.InvalidOperationException: Sequence contains more than one element.</Message>
          <StackTrace>   at System.Linq.Enumerable.Single[TSource](IEnumerable`1 source)
   at System.Data.Entity.Core.Objects.ELinq.ObjectQueryProvider.&lt;GetElementFunction&gt;b__3[TResult](IEnumerable`1 sequence)
   at System.Data.Entity.Core.Objects.ELinq.ObjectQueryProvider.ExecuteSingle[TResult](IEnumerable`1 query, Expression queryRoot)
   at System.Data.Entity.Core.Objects.ELinq.ObjectQueryProvider.System.Linq.IQueryProvider.Execute[TResult](Expression expression)
   at System.Linq.Queryable.Single[TSource](IQueryable`1 source, Expression`1 predicate)
   at MCRA.ProjectEntityModels.RawDataSourceManagement.RawDataSourceRepositoryManager.GetRootDataSourceRepository(User user) in d:\Projects\MCRA\MCRA 8.1\MCRA.ProjectEntityModels\RawDataSourceManagement\RawDataSourceRepositoryManager.cs:line 76
   at MCRA.Test.Initialization.TestInitializer.DropRawDataSource(String dataSourceName) in d:\Projects\MCRA\MCRA 8.1\MCRA.Test\InitializationRoutines\TestInitializer.cs:line 108
   at MCRA.Test.IntegrationTests.DataIntegrityTests.CompiledDataSourceTests.ProcessingFactorsDataTests.Initialize(TestContext testContext) in d:\Projects\MCRA\MCRA 8.1\MCRA.Test\IntegrationTests\DataIntegrityTests\CompiledDataSourceTests\ProcessingFactorsDataTests.cs:line 29
</StackTrace>
        </ErrorInfo>
      </Output>
    </UnitTestResult>
    <UnitTestResult executionId="432026e2-0b4c-4b98-a7cf-dfb04dac7d84" testId="61b5f372-3fc7-713e-fcc9-a6473c6a92f1" testName="TestSSDCompounds" computerName="L0134254" startTime="2015-03-19T16:00:01.3302855+01:00" endTime="2015-03-19T16:00:01.3932918+01:00" testType="13cdc9d9-ddb5-4fa4-a97d-d965ccfc6d4b" outcome="Failed" testListId="8c84fa94-04c1-424b-9868-57a2d4851a1d" relativeResultsDirectory="432026e2-0b4c-4b98-a7cf-dfb04dac7d84">
      <Output>
        <ErrorInfo>
          <Message>Class Initialization method MCRA.Test.IntegrationTests.DataIntegrityTests.CompiledDataSourceTests.SSDConcentrationsTests.Initialize threw exception. System.InvalidOperationException: System.InvalidOperationException: Sequence contains more than one element.</Message>
          <StackTrace>   at System.Linq.Enumerable.Single[TSource](IEnumerable`1 source)
   at System.Data.Entity.Core.Objects.ELinq.ObjectQueryProvider.&lt;GetElementFunction&gt;b__3[TResult](IEnumerable`1 sequence)
   at System.Data.Entity.Core.Objects.ELinq.ObjectQueryProvider.ExecuteSingle[TResult](IEnumerable`1 query, Expression queryRoot)
   at System.Data.Entity.Core.Objects.ELinq.ObjectQueryProvider.System.Linq.IQueryProvider.Execute[TResult](Expression expression)
   at System.Linq.Queryable.Single[TSource](IQueryable`1 source, Expression`1 predicate)
   at MCRA.ProjectEntityModels.RawDataSourceManagement.RawDataSourceRepositoryManager.GetRootDataSourceRepository(User user) in d:\Projects\MCRA\MCRA 8.1\MCRA.ProjectEntityModels\RawDataSourceManagement\RawDataSourceRepositoryManager.cs:line 76
   at MCRA.Test.Initialization.TestInitializer.DropRawDataSource(String dataSourceName) in d:\Projects\MCRA\MCRA 8.1\MCRA.Test\InitializationRoutines\TestInitializer.cs:line 108
   at MCRA.Test.IntegrationTests.DataIntegrityTests.CompiledDataSourceTests.SSDConcentrationsTests.Initialize(TestContext testContext) in d:\Projects\MCRA\MCRA 8.1\MCRA.Test\IntegrationTests\DataIntegrityTests\CompiledDataSourceTests\SSDConcentrationsTests.cs:line 31
</StackTrace>
        </ErrorInfo>
      </Output>
    </UnitTestResult>
    <UnitTestResult executionId="c60cc649-be07-477c-950a-b11128cc5904" testId="2f8df49a-b235-d64c-f599-50696c99d05b" testName="TestSSDAnalyticalMethods" computerName="L0134254" startTime="2015-03-19T16:00:01.3932918+01:00" endTime="2015-03-19T16:00:01.3932918+01:00" testType="13cdc9d9-ddb5-4fa4-a97d-d965ccfc6d4b" outcome="Failed" testListId="8c84fa94-04c1-424b-9868-57a2d4851a1d" relativeResultsDirectory="c60cc649-be07-477c-950a-b11128cc5904">
      <Output>
        <ErrorInfo>
          <Message>Class Initialization method MCRA.Test.IntegrationTests.DataIntegrityTests.CompiledDataSourceTests.SSDConcentrationsTests.Initialize threw exception. System.InvalidOperationException: System.InvalidOperationException: Sequence contains more than one element.</Message>
          <StackTrace>   at System.Linq.Enumerable.Single[TSource](IEnumerable`1 source)
   at System.Data.Entity.Core.Objects.ELinq.ObjectQueryProvider.&lt;GetElementFunction&gt;b__3[TResult](IEnumerable`1 sequence)
   at System.Data.Entity.Core.Objects.ELinq.ObjectQueryProvider.ExecuteSingle[TResult](IEnumerable`1 query, Expression queryRoot)
   at System.Data.Entity.Core.Objects.ELinq.ObjectQueryProvider.System.Linq.IQueryProvider.Execute[TResult](Expression expression)
   at System.Linq.Queryable.Single[TSource](IQueryable`1 source, Expression`1 predicate)
   at MCRA.ProjectEntityModels.RawDataSourceManagement.RawDataSourceRepositoryManager.GetRootDataSourceRepository(User user) in d:\Projects\MCRA\MCRA 8.1\MCRA.ProjectEntityModels\RawDataSourceManagement\RawDataSourceRepositoryManager.cs:line 76
   at MCRA.Test.Initialization.TestInitializer.DropRawDataSource(String dataSourceName) in d:\Projects\MCRA\MCRA 8.1\MCRA.Test\InitializationRoutines\TestInitializer.cs:line 108
   at MCRA.Test.IntegrationTests.DataIntegrityTests.CompiledDataSourceTests.SSDConcentrationsTests.Initialize(TestContext testContext) in d:\Projects\MCRA\MCRA 8.1\MCRA.Test\IntegrationTests\DataIntegrityTests\CompiledDataSourceTests\SSDConcentrationsTests.cs:line 31
</StackTrace>
        </ErrorInfo>
      </Output>
    </UnitTestResult>
    <UnitTestResult executionId="549d76dd-87f3-469f-a3cd-6a94ad7a79b9" testId="b30668eb-bf7d-4b89-77d5-3d6b6ad1053c" testName="TestSSDAnalyticalMethodCompounds" computerName="L0134254" startTime="2015-03-19T16:00:01.3932918+01:00" endTime="2015-03-19T16:00:01.3932918+01:00" testType="13cdc9d9-ddb5-4fa4-a97d-d965ccfc6d4b" outcome="Failed" testListId="8c84fa94-04c1-424b-9868-57a2d4851a1d" relativeResultsDirectory="549d76dd-87f3-469f-a3cd-6a94ad7a79b9">
      <Output>
        <ErrorInfo>
          <Message>Class Initialization method MCRA.Test.IntegrationTests.DataIntegrityTests.CompiledDataSourceTests.SSDConcentrationsTests.Initialize threw exception. System.InvalidOperationException: System.InvalidOperationException: Sequence contains more than one element.</Message>
          <StackTrace>   at System.Linq.Enumerable.Single[TSource](IEnumerable`1 source)
   at System.Data.Entity.Core.Objects.ELinq.ObjectQueryProvider.&lt;GetElementFunction&gt;b__3[TResult](IEnumerable`1 sequence)
   at System.Data.Entity.Core.Objects.ELinq.ObjectQueryProvider.ExecuteSingle[TResult](IEnumerable`1 query, Expression queryRoot)
   at System.Data.Entity.Core.Objects.ELinq.ObjectQueryProvider.System.Linq.IQueryProvider.Execute[TResult](Expression expression)
   at System.Linq.Queryable.Single[TSource](IQueryable`1 source, Expression`1 predicate)
   at MCRA.ProjectEntityModels.RawDataSourceManagement.RawDataSourceRepositoryManager.GetRootDataSourceRepository(User user) in d:\Projects\MCRA\MCRA 8.1\MCRA.ProjectEntityModels\RawDataSourceManagement\RawDataSourceRepositoryManager.cs:line 76
   at MCRA.Test.Initialization.TestInitializer.DropRawDataSource(String dataSourceName) in d:\Projects\MCRA\MCRA 8.1\MCRA.Test\InitializationRoutines\TestInitializer.cs:line 108
   at MCRA.Test.IntegrationTests.DataIntegrityTests.CompiledDataSourceTests.SSDConcentrationsTests.Initialize(TestContext testContext) in d:\Projects\MCRA\MCRA 8.1\MCRA.Test\IntegrationTests\DataIntegrityTests\CompiledDataSourceTests\SSDConcentrationsTests.cs:line 31
</StackTrace>
        </ErrorInfo>
      </Output>
    </UnitTestResult>
    <UnitTestResult executionId="d71d397d-3b12-4af0-9d5c-9d2742f6a4e3" testId="a4e1fda7-9669-7836-6fa3-50caeb23472f" testName="TestSSDSamples" computerName="L0134254" startTime="2015-03-19T16:00:01.3932918+01:00" endTime="2015-03-19T16:00:01.3942919+01:00" testType="13cdc9d9-ddb5-4fa4-a97d-d965ccfc6d4b" outcome="Failed" testListId="8c84fa94-04c1-424b-9868-57a2d4851a1d" relativeResultsDirectory="d71d397d-3b12-4af0-9d5c-9d2742f6a4e3">
      <Output>
        <ErrorInfo>
          <Message>Class Initialization method MCRA.Test.IntegrationTests.DataIntegrityTests.CompiledDataSourceTests.SSDConcentrationsTests.Initialize threw exception. System.InvalidOperationException: System.InvalidOperationException: Sequence contains more than one element.</Message>
          <StackTrace>   at System.Linq.Enumerable.Single[TSource](IEnumerable`1 source)
   at System.Data.Entity.Core.Objects.ELinq.ObjectQueryProvider.&lt;GetElementFunction&gt;b__3[TResult](IEnumerable`1 sequence)
   at System.Data.Entity.Core.Objects.ELinq.ObjectQueryProvider.ExecuteSingle[TResult](IEnumerable`1 query, Expression queryRoot)
   at System.Data.Entity.Core.Objects.ELinq.ObjectQueryProvider.System.Linq.IQueryProvider.Execute[TResult](Expression expression)
   at System.Linq.Queryable.Single[TSource](IQueryable`1 source, Expression`1 predicate)
   at MCRA.ProjectEntityModels.RawDataSourceManagement.RawDataSourceRepositoryManager.GetRootDataSourceRepository(User user) in d:\Projects\MCRA\MCRA 8.1\MCRA.ProjectEntityModels\RawDataSourceManagement\RawDataSourceRepositoryManager.cs:line 76
   at MCRA.Test.Initialization.TestInitializer.DropRawDataSource(String dataSourceName) in d:\Projects\MCRA\MCRA 8.1\MCRA.Test\InitializationRoutines\TestInitializer.cs:line 108
   at MCRA.Test.IntegrationTests.DataIntegrityTests.CompiledDataSourceTests.SSDConcentrationsTests.Initialize(TestContext testContext) in d:\Projects\MCRA\MCRA 8.1\MCRA.Test\IntegrationTests\DataIntegrityTests\CompiledDataSourceTests\SSDConcentrationsTests.cs:line 31
</StackTrace>
        </ErrorInfo>
      </Output>
    </UnitTestResult>
    <UnitTestResult executionId="3388e0f7-6a99-4823-97e4-b84827b7d717" testId="6f3ffb16-255d-f2aa-c8f3-419903373268" testName="TestSSDConcentrations" computerName="L0134254" startTime="2015-03-19T16:00:01.3942919+01:00" endTime="2015-03-19T16:00:01.3942919+01:00" testType="13cdc9d9-ddb5-4fa4-a97d-d965ccfc6d4b" outcome="Failed" testListId="8c84fa94-04c1-424b-9868-57a2d4851a1d" relativeResultsDirectory="3388e0f7-6a99-4823-97e4-b84827b7d717">
      <Output>
        <ErrorInfo>
          <Message>Class Initialization method MCRA.Test.IntegrationTests.DataIntegrityTests.CompiledDataSourceTests.SSDConcentrationsTests.Initialize threw exception. System.InvalidOperationException: System.InvalidOperationException: Sequence contains more than one element.</Message>
          <StackTrace>   at System.Linq.Enumerable.Single[TSource](IEnumerable`1 source)
   at System.Data.Entity.Core.Objects.ELinq.ObjectQueryProvider.&lt;GetElementFunction&gt;b__3[TResult](IEnumerable`1 sequence)
   at System.Data.Entity.Core.Objects.ELinq.ObjectQueryProvider.ExecuteSingle[TResult](IEnumerable`1 query, Expression queryRoot)
   at System.Data.Entity.Core.Objects.ELinq.ObjectQueryProvider.System.Linq.IQueryProvider.Execute[TResult](Expression expression)
   at System.Linq.Queryable.Single[TSource](IQueryable`1 source, Expression`1 predicate)
   at MCRA.ProjectEntityModels.RawDataSourceManagement.RawDataSourceRepositoryManager.GetRootDataSourceRepository(User user) in d:\Projects\MCRA\MCRA 8.1\MCRA.ProjectEntityModels\RawDataSourceManagement\RawDataSourceRepositoryManager.cs:line 76
   at MCRA.Test.Initialization.TestInitializer.DropRawDataSource(String dataSourceName) in d:\Projects\MCRA\MCRA 8.1\MCRA.Test\InitializationRoutines\TestInitializer.cs:line 108
   at MCRA.Test.IntegrationTests.DataIntegrityTests.CompiledDataSourceTests.SSDConcentrationsTests.Initialize(TestContext testContext) in d:\Projects\MCRA\MCRA 8.1\MCRA.Test\IntegrationTests\DataIntegrityTests\CompiledDataSourceTests\SSDConcentrationsTests.cs:line 31
</StackTrace>
        </ErrorInfo>
      </Output>
    </UnitTestResult>
    <UnitTestResult executionId="e4e08016-28f3-40be-a5ab-d96756adf247" testId="7a093d33-a24f-e407-46f2-72ec288873c0" testName="TabulatedConcentrationsDataTest1" computerName="L0134254" startTime="2015-03-19T16:00:01.3942919+01:00" endTime="2015-03-19T16:00:01.4542979+01:00" testType="13cdc9d9-ddb5-4fa4-a97d-d965ccfc6d4b" outcome="Failed" testListId="8c84fa94-04c1-424b-9868-57a2d4851a1d" relativeResultsDirectory="e4e08016-28f3-40be-a5ab-d96756adf247">
      <Output>
        <ErrorInfo>
          <Message>Class Initialization method MCRA.Test.IntegrationTests.DataIntegrityTests.CompiledDataSourceTests.TabulatedConcentrationsDataTests.Initialize threw exception. System.InvalidOperationException: System.InvalidOperationException: Sequence contains more than one element.</Message>
          <StackTrace>   at System.Linq.Enumerable.Single[TSource](IEnumerable`1 source)
   at System.Data.Entity.Core.Objects.ELinq.ObjectQueryProvider.&lt;GetElementFunction&gt;b__3[TResult](IEnumerable`1 sequence)
   at System.Data.Entity.Core.Objects.ELinq.ObjectQueryProvider.ExecuteSingle[TResult](IEnumerable`1 query, Expression queryRoot)
   at System.Data.Entity.Core.Objects.ELinq.ObjectQueryProvider.System.Linq.IQueryProvider.Execute[TResult](Expression expression)
   at System.Linq.Queryable.Single[TSource](IQueryable`1 source, Expression`1 predicate)
   at MCRA.ProjectEntityModels.RawDataSourceManagement.RawDataSourceRepositoryManager.GetRootDataSourceRepository(User user) in d:\Projects\MCRA\MCRA 8.1\MCRA.ProjectEntityModels\RawDataSourceManagement\RawDataSourceRepositoryManager.cs:line 76
   at MCRA.Test.Initialization.TestInitializer.DropRawDataSource(String dataSourceName) in d:\Projects\MCRA\MCRA 8.1\MCRA.Test\InitializationRoutines\TestInitializer.cs:line 108
   at MCRA.Test.IntegrationTests.DataIntegrityTests.CompiledDataSourceTests.TabulatedConcentrationsDataTests.Initialize(TestContext testContext) in d:\Projects\MCRA\MCRA 8.1\MCRA.Test\IntegrationTests\DataIntegrityTests\CompiledDataSourceTests\TabulatedConcentrationsDataTests.cs:line 38
</StackTrace>
        </ErrorInfo>
      </Output>
    </UnitTestResult>
    <UnitTestResult executionId="ec2b8d58-7462-4446-972a-cbc6f226e806" testId="40e324ec-b5cb-e5c6-989e-e8cfcfcac4a0" testName="TabulatedConcentrationsDataTest2" computerName="L0134254" startTime="2015-03-19T16:00:01.4542979+01:00" endTime="2015-03-19T16:00:01.4542979+01:00" testType="13cdc9d9-ddb5-4fa4-a97d-d965ccfc6d4b" outcome="Failed" testListId="8c84fa94-04c1-424b-9868-57a2d4851a1d" relativeResultsDirectory="ec2b8d58-7462-4446-972a-cbc6f226e806">
      <Output>
        <ErrorInfo>
          <Message>Class Initialization method MCRA.Test.IntegrationTests.DataIntegrityTests.CompiledDataSourceTests.TabulatedConcentrationsDataTests.Initialize threw exception. System.InvalidOperationException: System.InvalidOperationException: Sequence contains more than one element.</Message>
          <StackTrace>   at System.Linq.Enumerable.Single[TSource](IEnumerable`1 source)
   at System.Data.Entity.Core.Objects.ELinq.ObjectQueryProvider.&lt;GetElementFunction&gt;b__3[TResult](IEnumerable`1 sequence)
   at System.Data.Entity.Core.Objects.ELinq.ObjectQueryProvider.ExecuteSingle[TResult](IEnumerable`1 query, Expression queryRoot)
   at System.Data.Entity.Core.Objects.ELinq.ObjectQueryProvider.System.Linq.IQueryProvider.Execute[TResult](Expression expression)
   at System.Linq.Queryable.Single[TSource](IQueryable`1 source, Expression`1 predicate)
   at MCRA.ProjectEntityModels.RawDataSourceManagement.RawDataSourceRepositoryManager.GetRootDataSourceRepository(User user) in d:\Projects\MCRA\MCRA 8.1\MCRA.ProjectEntityModels\RawDataSourceManagement\RawDataSourceRepositoryManager.cs:line 76
   at MCRA.Test.Initialization.TestInitializer.DropRawDataSource(String dataSourceName) in d:\Projects\MCRA\MCRA 8.1\MCRA.Test\InitializationRoutines\TestInitializer.cs:line 108
   at MCRA.Test.IntegrationTests.DataIntegrityTests.CompiledDataSourceTests.TabulatedConcentrationsDataTests.Initialize(TestContext testContext) in d:\Projects\MCRA\MCRA 8.1\MCRA.Test\IntegrationTests\DataIntegrityTests\CompiledDataSourceTests\TabulatedConcentrationsDataTests.cs:line 38
</StackTrace>
        </ErrorInfo>
      </Output>
    </UnitTestResult>
    <UnitTestResult executionId="ac6a5265-030f-4cb9-8846-8dcff7a51a64" testId="f23dba2a-02a9-017e-6b90-c1af82ed0d9f" testName="UnitVariabilityFactorsDataTest1" computerName="L0134254" startTime="2015-03-19T16:00:01.4542979+01:00" endTime="2015-03-19T16:00:01.6483173+01:00" testType="13cdc9d9-ddb5-4fa4-a97d-d965ccfc6d4b" outcome="Failed" testListId="8c84fa94-04c1-424b-9868-57a2d4851a1d" relativeResultsDirectory="ac6a5265-030f-4cb9-8846-8dcff7a51a64">
      <Output>
        <ErrorInfo>
          <Message>Class Initialization method MCRA.Test.IntegrationTests.DataIntegrityTests.CompiledDataSourceTests.UnitVariabilityFactorsDataTests.Initialize threw exception. System.InvalidOperationException: System.InvalidOperationException: Sequence contains more than one element.</Message>
          <StackTrace>   at System.Linq.Enumerable.Single[TSource](IEnumerable`1 source)
   at System.Data.Entity.Core.Objects.ELinq.ObjectQueryProvider.&lt;GetElementFunction&gt;b__3[TResult](IEnumerable`1 sequence)
   at System.Data.Entity.Core.Objects.ELinq.ObjectQueryProvider.ExecuteSingle[TResult](IEnumerable`1 query, Expression queryRoot)
   at System.Data.Entity.Core.Objects.ELinq.ObjectQueryProvider.System.Linq.IQueryProvider.Execute[TResult](Expression expression)
   at System.Linq.Queryable.Single[TSource](IQueryable`1 source, Expression`1 predicate)
   at MCRA.ProjectEntityModels.RawDataSourceManagement.RawDataSourceRepositoryManager.GetRootDataSourceRepository(User user) in d:\Projects\MCRA\MCRA 8.1\MCRA.ProjectEntityModels\RawDataSourceManagement\RawDataSourceRepositoryManager.cs:line 76
   at MCRA.Test.Initialization.TestInitializer.DropRawDataSource(String dataSourceName) in d:\Projects\MCRA\MCRA 8.1\MCRA.Test\InitializationRoutines\TestInitializer.cs:line 108
   at MCRA.Test.IntegrationTests.DataIntegrityTests.CompiledDataSourceTests.UnitVariabilityFactorsDataTests.Initialize(TestContext testContext) in d:\Projects\MCRA\MCRA 8.1\MCRA.Test\IntegrationTests\DataIntegrityTests\CompiledDataSourceTests\UnitVariabilityFactorsDataTests.cs:line 29
</StackTrace>
        </ErrorInfo>
      </Output>
    </UnitTestResult>
    <UnitTestResult executionId="58a3279c-bb47-43b2-80af-944bde11e77d" testId="f22222e9-182a-3517-b0ea-07cd3bbc2664" testName="UnitVariabilityFactorsDataTest2" computerName="L0134254" startTime="2015-03-19T16:00:01.6483173+01:00" endTime="2015-03-19T16:00:01.6493174+01:00" testType="13cdc9d9-ddb5-4fa4-a97d-d965ccfc6d4b" outcome="Failed" testListId="8c84fa94-04c1-424b-9868-57a2d4851a1d" relativeResultsDirectory="58a3279c-bb47-43b2-80af-944bde11e77d">
      <Output>
        <ErrorInfo>
          <Message>Class Initialization method MCRA.Test.IntegrationTests.DataIntegrityTests.CompiledDataSourceTests.UnitVariabilityFactorsDataTests.Initialize threw exception. System.InvalidOperationException: System.InvalidOperationException: Sequence contains more than one element.</Message>
          <StackTrace>   at System.Linq.Enumerable.Single[TSource](IEnumerable`1 source)
   at System.Data.Entity.Core.Objects.ELinq.ObjectQueryProvider.&lt;GetElementFunction&gt;b__3[TResult](IEnumerable`1 sequence)
   at System.Data.Entity.Core.Objects.ELinq.ObjectQueryProvider.ExecuteSingle[TResult](IEnumerable`1 query, Expression queryRoot)
   at System.Data.Entity.Core.Objects.ELinq.ObjectQueryProvider.System.Linq.IQueryProvider.Execute[TResult](Expression expression)
   at System.Linq.Queryable.Single[TSource](IQueryable`1 source, Expression`1 predicate)
   at MCRA.ProjectEntityModels.RawDataSourceManagement.RawDataSourceRepositoryManager.GetRootDataSourceRepository(User user) in d:\Projects\MCRA\MCRA 8.1\MCRA.ProjectEntityModels\RawDataSourceManagement\RawDataSourceRepositoryManager.cs:line 76
   at MCRA.Test.Initialization.TestInitializer.DropRawDataSource(String dataSourceName) in d:\Projects\MCRA\MCRA 8.1\MCRA.Test\InitializationRoutines\TestInitializer.cs:line 108
   at MCRA.Test.IntegrationTests.DataIntegrityTests.CompiledDataSourceTests.UnitVariabilityFactorsDataTests.Initialize(TestContext testContext) in d:\Projects\MCRA\MCRA 8.1\MCRA.Test\IntegrationTests\DataIntegrityTests\CompiledDataSourceTests\UnitVariabilityFactorsDataTests.cs:line 29
</StackTrace>
        </ErrorInfo>
      </Output>
    </UnitTestResult>
    <UnitTestResult executionId="47da4ba2-7a6b-4899-af36-8cbafd0880fc" testId="5ae7df60-ad56-70fd-2620-766a2b3f7c4e" testName="AllIndividualProperties" computerName="L0134254" startTime="2015-03-19T16:00:01.6493174+01:00" endTime="2015-03-19T16:00:01.7143239+01:00" testType="13cdc9d9-ddb5-4fa4-a97d-d965ccfc6d4b" outcome="Failed" testListId="8c84fa94-04c1-424b-9868-57a2d4851a1d" relativeResultsDirectory="47da4ba2-7a6b-4899-af36-8cbafd0880fc">
      <Output>
        <ErrorInfo>
          <Message>Class Initialization method MCRA.Test.IntegrationTests.DataIntegrityTests.SimulationInputDataTests.IndividualSubsetSelectionTests.Initialize threw exception. System.InvalidOperationException: System.InvalidOperationException: Sequence contains more than one element.</Message>
          <StackTrace>   at System.Linq.Enumerable.Single[TSource](IEnumerable`1 source)
   at System.Data.Entity.Core.Objects.ELinq.ObjectQueryProvider.&lt;GetElementFunction&gt;b__3[TResult](IEnumerable`1 sequence)
   at System.Data.Entity.Core.Objects.ELinq.ObjectQueryProvider.ExecuteSingle[TResult](IEnumerable`1 query, Expression queryRoot)
   at System.Data.Entity.Core.Objects.ELinq.ObjectQueryProvider.System.Linq.IQueryProvider.Execute[TResult](Expression expression)
   at System.Linq.Queryable.Single[TSource](IQueryable`1 source, Expression`1 predicate)
   at MCRA.ProjectEntityModels.RawDataSourceManagement.RawDataSourceRepositoryManager.GetRootDataSourceRepository(User user) in d:\Projects\MCRA\MCRA 8.1\MCRA.ProjectEntityModels\RawDataSourceManagement\RawDataSourceRepositoryManager.cs:line 76
   at MCRA.Test.Initialization.TestInitializer.DropRawDataSource(String dataSourceName) in d:\Projects\MCRA\MCRA 8.1\MCRA.Test\InitializationRoutines\TestInitializer.cs:line 108
   at MCRA.Test.IntegrationTests.DataIntegrityTests.SimulationInputDataTests.IndividualSubsetSelectionTests.Initialize(TestContext testContext) in d:\Projects\MCRA\MCRA 8.1\MCRA.Test\IntegrationTests\DataIntegrityTests\SimulationInputDataTests\IndividualSubsetSelectionTests.cs:line 29
</StackTrace>
        </ErrorInfo>
      </Output>
    </UnitTestResult>
    <UnitTestResult executionId="071c072e-e4a1-4a87-974e-7d75a3455492" testId="1b123086-e937-8288-66c1-5798b3361c1f" testName="CovariableIndividualProperties" computerName="L0134254" startTime="2015-03-19T16:00:01.7143239+01:00" endTime="2015-03-19T16:00:01.7143239+01:00" testType="13cdc9d9-ddb5-4fa4-a97d-d965ccfc6d4b" outcome="Failed" testListId="8c84fa94-04c1-424b-9868-57a2d4851a1d" relativeResultsDirectory="071c072e-e4a1-4a87-974e-7d75a3455492">
      <Output>
        <ErrorInfo>
          <Message>Class Initialization method MCRA.Test.IntegrationTests.DataIntegrityTests.SimulationInputDataTests.IndividualSubsetSelectionTests.Initialize threw exception. System.InvalidOperationException: System.InvalidOperationException: Sequence contains more than one element.</Message>
          <StackTrace>   at System.Linq.Enumerable.Single[TSource](IEnumerable`1 source)
   at System.Data.Entity.Core.Objects.ELinq.ObjectQueryProvider.&lt;GetElementFunction&gt;b__3[TResult](IEnumerable`1 sequence)
   at System.Data.Entity.Core.Objects.ELinq.ObjectQueryProvider.ExecuteSingle[TResult](IEnumerable`1 query, Expression queryRoot)
   at System.Data.Entity.Core.Objects.ELinq.ObjectQueryProvider.System.Linq.IQueryProvider.Execute[TResult](Expression expression)
   at System.Linq.Queryable.Single[TSource](IQueryable`1 source, Expression`1 predicate)
   at MCRA.ProjectEntityModels.RawDataSourceManagement.RawDataSourceRepositoryManager.GetRootDataSourceRepository(User user) in d:\Projects\MCRA\MCRA 8.1\MCRA.ProjectEntityModels\RawDataSourceManagement\RawDataSourceRepositoryManager.cs:line 76
   at MCRA.Test.Initialization.TestInitializer.DropRawDataSource(String dataSourceName) in d:\Projects\MCRA\MCRA 8.1\MCRA.Test\InitializationRoutines\TestInitializer.cs:line 108
   at MCRA.Test.IntegrationTests.DataIntegrityTests.SimulationInputDataTests.IndividualSubsetSelectionTests.Initialize(TestContext testContext) in d:\Projects\MCRA\MCRA 8.1\MCRA.Test\IntegrationTests\DataIntegrityTests\SimulationInputDataTests\IndividualSubsetSelectionTests.cs:line 29
</StackTrace>
        </ErrorInfo>
      </Output>
    </UnitTestResult>
    <UnitTestResult executionId="c2646b1c-f94a-4054-93d6-85071c4ff8fc" testId="76ab1f65-a05d-42d6-b5c0-7f8aea8c6f1e" testName="IndividualSubsetSelectionNoSubset" computerName="L0134254" startTime="2015-03-19T16:00:01.7143239+01:00" endTime="2015-03-19T16:00:01.7143239+01:00" testType="13cdc9d9-ddb5-4fa4-a97d-d965ccfc6d4b" outcome="Failed" testListId="8c84fa94-04c1-424b-9868-57a2d4851a1d" relativeResultsDirectory="c2646b1c-f94a-4054-93d6-85071c4ff8fc">
      <Output>
        <ErrorInfo>
          <Message>Class Initialization method MCRA.Test.IntegrationTests.DataIntegrityTests.SimulationInputDataTests.IndividualSubsetSelectionTests.Initialize threw exception. System.InvalidOperationException: System.InvalidOperationException: Sequence contains more than one element.</Message>
          <StackTrace>   at System.Linq.Enumerable.Single[TSource](IEnumerable`1 source)
   at System.Data.Entity.Core.Objects.ELinq.ObjectQueryProvider.&lt;GetElementFunction&gt;b__3[TResult](IEnumerable`1 sequence)
   at System.Data.Entity.Core.Objects.ELinq.ObjectQueryProvider.ExecuteSingle[TResult](IEnumerable`1 query, Expression queryRoot)
   at System.Data.Entity.Core.Objects.ELinq.ObjectQueryProvider.System.Linq.IQueryProvider.Execute[TResult](Expression expression)
   at System.Linq.Queryable.Single[TSource](IQueryable`1 source, Expression`1 predicate)
   at MCRA.ProjectEntityModels.RawDataSourceManagement.RawDataSourceRepositoryManager.GetRootDataSourceRepository(User user) in d:\Projects\MCRA\MCRA 8.1\MCRA.ProjectEntityModels\RawDataSourceManagement\RawDataSourceRepositoryManager.cs:line 76
   at MCRA.Test.Initialization.TestInitializer.DropRawDataSource(String dataSourceName) in d:\Projects\MCRA\MCRA 8.1\MCRA.Test\InitializationRoutines\TestInitializer.cs:line 108
   at MCRA.Test.IntegrationTests.DataIntegrityTests.SimulationInputDataTests.IndividualSubsetSelectionTests.Initialize(TestContext testContext) in d:\Projects\MCRA\MCRA 8.1\MCRA.Test\IntegrationTests\DataIntegrityTests\SimulationInputDataTests\IndividualSubsetSelectionTests.cs:line 29
</StackTrace>
        </ErrorInfo>
      </Output>
    </UnitTestResult>
    <UnitTestResult executionId="9aa93bca-88c6-45e6-ae22-637528895264" testId="687c64fe-53c8-7358-eb4d-5fa53ed334b1" testName="IndividualAgeSubsetSelectionTest1" computerName="L0134254" startTime="2015-03-19T16:00:01.7143239+01:00" endTime="2015-03-19T16:00:01.7153240+01:00" testType="13cdc9d9-ddb5-4fa4-a97d-d965ccfc6d4b" outcome="Failed" testListId="8c84fa94-04c1-424b-9868-57a2d4851a1d" relativeResultsDirectory="9aa93bca-88c6-45e6-ae22-637528895264">
      <Output>
        <ErrorInfo>
          <Message>Class Initialization method MCRA.Test.IntegrationTests.DataIntegrityTests.SimulationInputDataTests.IndividualSubsetSelectionTests.Initialize threw exception. System.InvalidOperationException: System.InvalidOperationException: Sequence contains more than one element.</Message>
          <StackTrace>   at System.Linq.Enumerable.Single[TSource](IEnumerable`1 source)
   at System.Data.Entity.Core.Objects.ELinq.ObjectQueryProvider.&lt;GetElementFunction&gt;b__3[TResult](IEnumerable`1 sequence)
   at System.Data.Entity.Core.Objects.ELinq.ObjectQueryProvider.ExecuteSingle[TResult](IEnumerable`1 query, Expression queryRoot)
   at System.Data.Entity.Core.Objects.ELinq.ObjectQueryProvider.System.Linq.IQueryProvider.Execute[TResult](Expression expression)
   at System.Linq.Queryable.Single[TSource](IQueryable`1 source, Expression`1 predicate)
   at MCRA.ProjectEntityModels.RawDataSourceManagement.RawDataSourceRepositoryManager.GetRootDataSourceRepository(User user) in d:\Projects\MCRA\MCRA 8.1\MCRA.ProjectEntityModels\RawDataSourceManagement\RawDataSourceRepositoryManager.cs:line 76
   at MCRA.Test.Initialization.TestInitializer.DropRawDataSource(String dataSourceName) in d:\Projects\MCRA\MCRA 8.1\MCRA.Test\InitializationRoutines\TestInitializer.cs:line 108
   at MCRA.Test.IntegrationTests.DataIntegrityTests.SimulationInputDataTests.IndividualSubsetSelectionTests.Initialize(TestContext testContext) in d:\Projects\MCRA\MCRA 8.1\MCRA.Test\IntegrationTests\DataIntegrityTests\SimulationInputDataTests\IndividualSubsetSelectionTests.cs:line 29
</StackTrace>
        </ErrorInfo>
      </Output>
    </UnitTestResult>
    <UnitTestResult executionId="1c035ed4-deee-4ef1-a93a-1fe1cdeca382" testId="aa2a3e3a-3a77-ece1-c8bc-ac717a1ab8f6" testName="IndividualAgeSubsetSelectionTest2" computerName="L0134254" startTime="2015-03-19T16:00:01.7153240+01:00" endTime="2015-03-19T16:00:01.7153240+01:00" testType="13cdc9d9-ddb5-4fa4-a97d-d965ccfc6d4b" outcome="Failed" testListId="8c84fa94-04c1-424b-9868-57a2d4851a1d" relativeResultsDirectory="1c035ed4-deee-4ef1-a93a-1fe1cdeca382">
      <Output>
        <ErrorInfo>
          <Message>Class Initialization method MCRA.Test.IntegrationTests.DataIntegrityTests.SimulationInputDataTests.IndividualSubsetSelectionTests.Initialize threw exception. System.InvalidOperationException: System.InvalidOperationException: Sequence contains more than one element.</Message>
          <StackTrace>   at System.Linq.Enumerable.Single[TSource](IEnumerable`1 source)
   at System.Data.Entity.Core.Objects.ELinq.ObjectQueryProvider.&lt;GetElementFunction&gt;b__3[TResult](IEnumerable`1 sequence)
   at System.Data.Entity.Core.Objects.ELinq.ObjectQueryProvider.ExecuteSingle[TResult](IEnumerable`1 query, Expression queryRoot)
   at System.Data.Entity.Core.Objects.ELinq.ObjectQueryProvider.System.Linq.IQueryProvider.Execute[TResult](Expression expression)
   at System.Linq.Queryable.Single[TSource](IQueryable`1 source, Expression`1 predicate)
   at MCRA.ProjectEntityModels.RawDataSourceManagement.RawDataSourceRepositoryManager.GetRootDataSourceRepository(User user) in d:\Projects\MCRA\MCRA 8.1\MCRA.ProjectEntityModels\RawDataSourceManagement\RawDataSourceRepositoryManager.cs:line 76
   at MCRA.Test.Initialization.TestInitializer.DropRawDataSource(String dataSourceName) in d:\Projects\MCRA\MCRA 8.1\MCRA.Test\InitializationRoutines\TestInitializer.cs:line 108
   at MCRA.Test.IntegrationTests.DataIntegrityTests.SimulationInputDataTests.IndividualSubsetSelectionTests.Initialize(TestContext testContext) in d:\Projects\MCRA\MCRA 8.1\MCRA.Test\IntegrationTests\DataIntegrityTests\SimulationInputDataTests\IndividualSubsetSelectionTests.cs:line 29
</StackTrace>
        </ErrorInfo>
      </Output>
    </UnitTestResult>
    <UnitTestResult executionId="17f3b898-34ec-4308-b388-75b040062087" testId="8a1f9f88-7610-c4e7-2a38-1f6b94d85a8c" testName="IndividualAgeSubsetSelectionTest3" computerName="L0134254" startTime="2015-03-19T16:00:01.7153240+01:00" endTime="2015-03-19T16:00:01.7153240+01:00" testType="13cdc9d9-ddb5-4fa4-a97d-d965ccfc6d4b" outcome="Failed" testListId="8c84fa94-04c1-424b-9868-57a2d4851a1d" relativeResultsDirectory="17f3b898-34ec-4308-b388-75b040062087">
      <Output>
        <ErrorInfo>
          <Message>Class Initialization method MCRA.Test.IntegrationTests.DataIntegrityTests.SimulationInputDataTests.IndividualSubsetSelectionTests.Initialize threw exception. System.InvalidOperationException: System.InvalidOperationException: Sequence contains more than one element.</Message>
          <StackTrace>   at System.Linq.Enumerable.Single[TSource](IEnumerable`1 source)
   at System.Data.Entity.Core.Objects.ELinq.ObjectQueryProvider.&lt;GetElementFunction&gt;b__3[TResult](IEnumerable`1 sequence)
   at System.Data.Entity.Core.Objects.ELinq.ObjectQueryProvider.ExecuteSingle[TResult](IEnumerable`1 query, Expression queryRoot)
   at System.Data.Entity.Core.Objects.ELinq.ObjectQueryProvider.System.Linq.IQueryProvider.Execute[TResult](Expression expression)
   at System.Linq.Queryable.Single[TSource](IQueryable`1 source, Expression`1 predicate)
   at MCRA.ProjectEntityModels.RawDataSourceManagement.RawDataSourceRepositoryManager.GetRootDataSourceRepository(User user) in d:\Projects\MCRA\MCRA 8.1\MCRA.ProjectEntityModels\RawDataSourceManagement\RawDataSourceRepositoryManager.cs:line 76
   at MCRA.Test.Initialization.TestInitializer.DropRawDataSource(String dataSourceName) in d:\Projects\MCRA\MCRA 8.1\MCRA.Test\InitializationRoutines\TestInitializer.cs:line 108
   at MCRA.Test.IntegrationTests.DataIntegrityTests.SimulationInputDataTests.IndividualSubsetSelectionTests.Initialize(TestContext testContext) in d:\Projects\MCRA\MCRA 8.1\MCRA.Test\IntegrationTests\DataIntegrityTests\SimulationInputDataTests\IndividualSubsetSelectionTests.cs:line 29
</StackTrace>
        </ErrorInfo>
      </Output>
    </UnitTestResult>
    <UnitTestResult executionId="dadd8ff4-55f0-4167-b836-20acff4632f5" testId="433a6281-6a72-d5b3-c9f4-860f52d3328f" testName="IndividualAgeSubsetSelectionTest4" computerName="L0134254" startTime="2015-03-19T16:00:01.7153240+01:00" endTime="2015-03-19T16:00:01.7163241+01:00" testType="13cdc9d9-ddb5-4fa4-a97d-d965ccfc6d4b" outcome="Failed" testListId="8c84fa94-04c1-424b-9868-57a2d4851a1d" relativeResultsDirectory="dadd8ff4-55f0-4167-b836-20acff4632f5">
      <Output>
        <ErrorInfo>
          <Message>Class Initialization method MCRA.Test.IntegrationTests.DataIntegrityTests.SimulationInputDataTests.IndividualSubsetSelectionTests.Initialize threw exception. System.InvalidOperationException: System.InvalidOperationException: Sequence contains more than one element.</Message>
          <StackTrace>   at System.Linq.Enumerable.Single[TSource](IEnumerable`1 source)
   at System.Data.Entity.Core.Objects.ELinq.ObjectQueryProvider.&lt;GetElementFunction&gt;b__3[TResult](IEnumerable`1 sequence)
   at System.Data.Entity.Core.Objects.ELinq.ObjectQueryProvider.ExecuteSingle[TResult](IEnumerable`1 query, Expression queryRoot)
   at System.Data.Entity.Core.Objects.ELinq.ObjectQueryProvider.System.Linq.IQueryProvider.Execute[TResult](Expression expression)
   at System.Linq.Queryable.Single[TSource](IQueryable`1 source, Expression`1 predicate)
   at MCRA.ProjectEntityModels.RawDataSourceManagement.RawDataSourceRepositoryManager.GetRootDataSourceRepository(User user) in d:\Projects\MCRA\MCRA 8.1\MCRA.ProjectEntityModels\RawDataSourceManagement\RawDataSourceRepositoryManager.cs:line 76
   at MCRA.Test.Initialization.TestInitializer.DropRawDataSource(String dataSourceName) in d:\Projects\MCRA\MCRA 8.1\MCRA.Test\InitializationRoutines\TestInitializer.cs:line 108
   at MCRA.Test.IntegrationTests.DataIntegrityTests.SimulationInputDataTests.IndividualSubsetSelectionTests.Initialize(TestContext testContext) in d:\Projects\MCRA\MCRA 8.1\MCRA.Test\IntegrationTests\DataIntegrityTests\SimulationInputDataTests\IndividualSubsetSelectionTests.cs:line 29
</StackTrace>
        </ErrorInfo>
      </Output>
    </UnitTestResult>
    <UnitTestResult executionId="f2f3f1d1-2eec-4709-bbf2-9c4ce9786b7f" testId="0d289be0-813f-3578-cd03-5412a99de8ca" testName="IndividualGenderSubsetSelectionTest1" computerName="L0134254" startTime="2015-03-19T16:00:01.7163241+01:00" endTime="2015-03-19T16:00:01.7163241+01:00" testType="13cdc9d9-ddb5-4fa4-a97d-d965ccfc6d4b" outcome="Failed" testListId="8c84fa94-04c1-424b-9868-57a2d4851a1d" relativeResultsDirectory="f2f3f1d1-2eec-4709-bbf2-9c4ce9786b7f">
      <Output>
        <ErrorInfo>
          <Message>Class Initialization method MCRA.Test.IntegrationTests.DataIntegrityTests.SimulationInputDataTests.IndividualSubsetSelectionTests.Initialize threw exception. System.InvalidOperationException: System.InvalidOperationException: Sequence contains more than one element.</Message>
          <StackTrace>   at System.Linq.Enumerable.Single[TSource](IEnumerable`1 source)
   at System.Data.Entity.Core.Objects.ELinq.ObjectQueryProvider.&lt;GetElementFunction&gt;b__3[TResult](IEnumerable`1 sequence)
   at System.Data.Entity.Core.Objects.ELinq.ObjectQueryProvider.ExecuteSingle[TResult](IEnumerable`1 query, Expression queryRoot)
   at System.Data.Entity.Core.Objects.ELinq.ObjectQueryProvider.System.Linq.IQueryProvider.Execute[TResult](Expression expression)
   at System.Linq.Queryable.Single[TSource](IQueryable`1 source, Expression`1 predicate)
   at MCRA.ProjectEntityModels.RawDataSourceManagement.RawDataSourceRepositoryManager.GetRootDataSourceRepository(User user) in d:\Projects\MCRA\MCRA 8.1\MCRA.ProjectEntityModels\RawDataSourceManagement\RawDataSourceRepositoryManager.cs:line 76
   at MCRA.Test.Initialization.TestInitializer.DropRawDataSource(String dataSourceName) in d:\Projects\MCRA\MCRA 8.1\MCRA.Test\InitializationRoutines\TestInitializer.cs:line 108
   at MCRA.Test.IntegrationTests.DataIntegrityTests.SimulationInputDataTests.IndividualSubsetSelectionTests.Initialize(TestContext testContext) in d:\Projects\MCRA\MCRA 8.1\MCRA.Test\IntegrationTests\DataIntegrityTests\SimulationInputDataTests\IndividualSubsetSelectionTests.cs:line 29
</StackTrace>
        </ErrorInfo>
      </Output>
    </UnitTestResult>
    <UnitTestResult executionId="4cd654f8-4801-47c6-aaad-1e5939a7ef18" testId="7f56312d-48d8-eb96-543e-1f14de6e46b9" testName="IndividualGenderSubsetSelectionTest2" computerName="L0134254" startTime="2015-03-19T16:00:01.7163241+01:00" endTime="2015-03-19T16:00:01.7163241+01:00" testType="13cdc9d9-ddb5-4fa4-a97d-d965ccfc6d4b" outcome="Failed" testListId="8c84fa94-04c1-424b-9868-57a2d4851a1d" relativeResultsDirectory="4cd654f8-4801-47c6-aaad-1e5939a7ef18">
      <Output>
        <ErrorInfo>
          <Message>Class Initialization method MCRA.Test.IntegrationTests.DataIntegrityTests.SimulationInputDataTests.IndividualSubsetSelectionTests.Initialize threw exception. System.InvalidOperationException: System.InvalidOperationException: Sequence contains more than one element.</Message>
          <StackTrace>   at System.Linq.Enumerable.Single[TSource](IEnumerable`1 source)
   at System.Data.Entity.Core.Objects.ELinq.ObjectQueryProvider.&lt;GetElementFunction&gt;b__3[TResult](IEnumerable`1 sequence)
   at System.Data.Entity.Core.Objects.ELinq.ObjectQueryProvider.ExecuteSingle[TResult](IEnumerable`1 query, Expression queryRoot)
   at System.Data.Entity.Core.Objects.ELinq.ObjectQueryProvider.System.Linq.IQueryProvider.Execute[TResult](Expression expression)
   at System.Linq.Queryable.Single[TSource](IQueryable`1 source, Expression`1 predicate)
   at MCRA.ProjectEntityModels.RawDataSourceManagement.RawDataSourceRepositoryManager.GetRootDataSourceRepository(User user) in d:\Projects\MCRA\MCRA 8.1\MCRA.ProjectEntityModels\RawDataSourceManagement\RawDataSourceRepositoryManager.cs:line 76
   at MCRA.Test.Initialization.TestInitializer.DropRawDataSource(String dataSourceName) in d:\Projects\MCRA\MCRA 8.1\MCRA.Test\InitializationRoutines\TestInitializer.cs:line 108
   at MCRA.Test.IntegrationTests.DataIntegrityTests.SimulationInputDataTests.IndividualSubsetSelectionTests.Initialize(TestContext testContext) in d:\Projects\MCRA\MCRA 8.1\MCRA.Test\IntegrationTests\DataIntegrityTests\SimulationInputDataTests\IndividualSubsetSelectionTests.cs:line 29
</StackTrace>
        </ErrorInfo>
      </Output>
    </UnitTestResult>
    <UnitTestResult executionId="999a4da9-6ec3-4b9c-b818-7f58e0ef3560" testId="9cee49b6-bde1-7c12-7b71-20b6b0618ac1" testName="IndividualGenderSubsetSelectionTest3" computerName="L0134254" startTime="2015-03-19T16:00:01.7173242+01:00" endTime="2015-03-19T16:00:01.7173242+01:00" testType="13cdc9d9-ddb5-4fa4-a97d-d965ccfc6d4b" outcome="Failed" testListId="8c84fa94-04c1-424b-9868-57a2d4851a1d" relativeResultsDirectory="999a4da9-6ec3-4b9c-b818-7f58e0ef3560">
      <Output>
        <ErrorInfo>
          <Message>Class Initialization method MCRA.Test.IntegrationTests.DataIntegrityTests.SimulationInputDataTests.IndividualSubsetSelectionTests.Initialize threw exception. System.InvalidOperationException: System.InvalidOperationException: Sequence contains more than one element.</Message>
          <StackTrace>   at System.Linq.Enumerable.Single[TSource](IEnumerable`1 source)
   at System.Data.Entity.Core.Objects.ELinq.ObjectQueryProvider.&lt;GetElementFunction&gt;b__3[TResult](IEnumerable`1 sequence)
   at System.Data.Entity.Core.Objects.ELinq.ObjectQueryProvider.ExecuteSingle[TResult](IEnumerable`1 query, Expression queryRoot)
   at System.Data.Entity.Core.Objects.ELinq.ObjectQueryProvider.System.Linq.IQueryProvider.Execute[TResult](Expression expression)
   at System.Linq.Queryable.Single[TSource](IQueryable`1 source, Expression`1 predicate)
   at MCRA.ProjectEntityModels.RawDataSourceManagement.RawDataSourceRepositoryManager.GetRootDataSourceRepository(User user) in d:\Projects\MCRA\MCRA 8.1\MCRA.ProjectEntityModels\RawDataSourceManagement\RawDataSourceRepositoryManager.cs:line 76
   at MCRA.Test.Initialization.TestInitializer.DropRawDataSource(String dataSourceName) in d:\Projects\MCRA\MCRA 8.1\MCRA.Test\InitializationRoutines\TestInitializer.cs:line 108
   at MCRA.Test.IntegrationTests.DataIntegrityTests.SimulationInputDataTests.IndividualSubsetSelectionTests.Initialize(TestContext testContext) in d:\Projects\MCRA\MCRA 8.1\MCRA.Test\IntegrationTests\DataIntegrityTests\SimulationInputDataTests\IndividualSubsetSelectionTests.cs:line 29
</StackTrace>
        </ErrorInfo>
      </Output>
    </UnitTestResult>
    <UnitTestResult executionId="2d42c2a4-04fe-4caf-b5e1-91dae0339773" testId="4035e20e-d18f-ec81-2bda-d510436d1394" testName="IndividualGenderSubsetSelectionTest4" computerName="L0134254" startTime="2015-03-19T16:00:01.7173242+01:00" endTime="2015-03-19T16:00:01.7173242+01:00" testType="13cdc9d9-ddb5-4fa4-a97d-d965ccfc6d4b" outcome="Failed" testListId="8c84fa94-04c1-424b-9868-57a2d4851a1d" relativeResultsDirectory="2d42c2a4-04fe-4caf-b5e1-91dae0339773">
      <Output>
        <ErrorInfo>
          <Message>Class Initialization method MCRA.Test.IntegrationTests.DataIntegrityTests.SimulationInputDataTests.IndividualSubsetSelectionTests.Initialize threw exception. System.InvalidOperationException: System.InvalidOperationException: Sequence contains more than one element.</Message>
          <StackTrace>   at System.Linq.Enumerable.Single[TSource](IEnumerable`1 source)
   at System.Data.Entity.Core.Objects.ELinq.ObjectQueryProvider.&lt;GetElementFunction&gt;b__3[TResult](IEnumerable`1 sequence)
   at System.Data.Entity.Core.Objects.ELinq.ObjectQueryProvider.ExecuteSingle[TResult](IEnumerable`1 query, Expression queryRoot)
   at System.Data.Entity.Core.Objects.ELinq.ObjectQueryProvider.System.Linq.IQueryProvider.Execute[TResult](Expression expression)
   at System.Linq.Queryable.Single[TSource](IQueryable`1 source, Expression`1 predicate)
   at MCRA.ProjectEntityModels.RawDataSourceManagement.RawDataSourceRepositoryManager.GetRootDataSourceRepository(User user) in d:\Projects\MCRA\MCRA 8.1\MCRA.ProjectEntityModels\RawDataSourceManagement\RawDataSourceRepositoryManager.cs:line 76
   at MCRA.Test.Initialization.TestInitializer.DropRawDataSource(String dataSourceName) in d:\Projects\MCRA\MCRA 8.1\MCRA.Test\InitializationRoutines\TestInitializer.cs:line 108
   at MCRA.Test.IntegrationTests.DataIntegrityTests.SimulationInputDataTests.IndividualSubsetSelectionTests.Initialize(TestContext testContext) in d:\Projects\MCRA\MCRA 8.1\MCRA.Test\IntegrationTests\DataIntegrityTests\SimulationInputDataTests\IndividualSubsetSelectionTests.cs:line 29
</StackTrace>
        </ErrorInfo>
      </Output>
    </UnitTestResult>
    <UnitTestResult executionId="75b73bd5-e920-4811-8176-081e08d07676" testId="2055ffdc-3d32-fba2-6a7d-6d7ca3c5b2a3" testName="IndividualAgeGenderSubsetSelectionTest" computerName="L0134254" startTime="2015-03-19T16:00:01.7173242+01:00" endTime="2015-03-19T16:00:01.7183243+01:00" testType="13cdc9d9-ddb5-4fa4-a97d-d965ccfc6d4b" outcome="Failed" testListId="8c84fa94-04c1-424b-9868-57a2d4851a1d" relativeResultsDirectory="75b73bd5-e920-4811-8176-081e08d07676">
      <Output>
        <ErrorInfo>
          <Message>Class Initialization method MCRA.Test.IntegrationTests.DataIntegrityTests.SimulationInputDataTests.IndividualSubsetSelectionTests.Initialize threw exception. System.InvalidOperationException: System.InvalidOperationException: Sequence contains more than one element.</Message>
          <StackTrace>   at System.Linq.Enumerable.Single[TSource](IEnumerable`1 source)
   at System.Data.Entity.Core.Objects.ELinq.ObjectQueryProvider.&lt;GetElementFunction&gt;b__3[TResult](IEnumerable`1 sequence)
   at System.Data.Entity.Core.Objects.ELinq.ObjectQueryProvider.ExecuteSingle[TResult](IEnumerable`1 query, Expression queryRoot)
   at System.Data.Entity.Core.Objects.ELinq.ObjectQueryProvider.System.Linq.IQueryProvider.Execute[TResult](Expression expression)
   at System.Linq.Queryable.Single[TSource](IQueryable`1 source, Expression`1 predicate)
   at MCRA.ProjectEntityModels.RawDataSourceManagement.RawDataSourceRepositoryManager.GetRootDataSourceRepository(User user) in d:\Projects\MCRA\MCRA 8.1\MCRA.ProjectEntityModels\RawDataSourceManagement\RawDataSourceRepositoryManager.cs:line 76
   at MCRA.Test.Initialization.TestInitializer.DropRawDataSource(String dataSourceName) in d:\Projects\MCRA\MCRA 8.1\MCRA.Test\InitializationRoutines\TestInitializer.cs:line 108
   at MCRA.Test.IntegrationTests.DataIntegrityTests.SimulationInputDataTests.IndividualSubsetSelectionTests.Initialize(TestContext testContext) in d:\Projects\MCRA\MCRA 8.1\MCRA.Test\IntegrationTests\DataIntegrityTests\SimulationInputDataTests\IndividualSubsetSelectionTests.cs:line 29
</StackTrace>
        </ErrorInfo>
      </Output>
    </UnitTestResult>
    <UnitTestResult executionId="435b6c2a-c537-40ed-a102-4d77c9943a1a" testId="0a8612b3-d86a-0fd7-fd4d-b42c0dbd3568" testName="IndividualFoodAsEatenSubsetSelectionTest" computerName="L0134254" startTime="2015-03-19T16:00:01.7183243+01:00" endTime="2015-03-19T16:00:01.7183243+01:00" testType="13cdc9d9-ddb5-4fa4-a97d-d965ccfc6d4b" outcome="Failed" testListId="8c84fa94-04c1-424b-9868-57a2d4851a1d" relativeResultsDirectory="435b6c2a-c537-40ed-a102-4d77c9943a1a">
      <Output>
        <ErrorInfo>
          <Message>Class Initialization method MCRA.Test.IntegrationTests.DataIntegrityTests.SimulationInputDataTests.IndividualSubsetSelectionTests.Initialize threw exception. System.InvalidOperationException: System.InvalidOperationException: Sequence contains more than one element.</Message>
          <StackTrace>   at System.Linq.Enumerable.Single[TSource](IEnumerable`1 source)
   at System.Data.Entity.Core.Objects.ELinq.ObjectQueryProvider.&lt;GetElementFunction&gt;b__3[TResult](IEnumerable`1 sequence)
   at System.Data.Entity.Core.Objects.ELinq.ObjectQueryProvider.ExecuteSingle[TResult](IEnumerable`1 query, Expression queryRoot)
   at System.Data.Entity.Core.Objects.ELinq.ObjectQueryProvider.System.Linq.IQueryProvider.Execute[TResult](Expression expression)
   at System.Linq.Queryable.Single[TSource](IQueryable`1 source, Expression`1 predicate)
   at MCRA.ProjectEntityModels.RawDataSourceManagement.RawDataSourceRepositoryManager.GetRootDataSourceRepository(User user) in d:\Projects\MCRA\MCRA 8.1\MCRA.ProjectEntityModels\RawDataSourceManagement\RawDataSourceRepositoryManager.cs:line 76
   at MCRA.Test.Initialization.TestInitializer.DropRawDataSource(String dataSourceName) in d:\Projects\MCRA\MCRA 8.1\MCRA.Test\InitializationRoutines\TestInitializer.cs:line 108
   at MCRA.Test.IntegrationTests.DataIntegrityTests.SimulationInputDataTests.IndividualSubsetSelectionTests.Initialize(TestContext testContext) in d:\Projects\MCRA\MCRA 8.1\MCRA.Test\IntegrationTests\DataIntegrityTests\SimulationInputDataTests\IndividualSubsetSelectionTests.cs:line 29
</StackTrace>
        </ErrorInfo>
      </Output>
    </UnitTestResult>
    <UnitTestResult executionId="6a74b146-a859-44fb-a95d-3c10e10aee76" testId="96b4cd3f-fb46-d301-1f22-d3d0098eeb50" testName="SimulationInputDataSourceTest1" computerName="L0134254" startTime="2015-03-19T16:00:01.7183243+01:00" endTime="2015-03-19T16:00:01.7813306+01:00" testType="13cdc9d9-ddb5-4fa4-a97d-d965ccfc6d4b" outcome="Failed" testListId="8c84fa94-04c1-424b-9868-57a2d4851a1d" relativeResultsDirectory="6a74b146-a859-44fb-a95d-3c10e10aee76">
      <Output>
        <ErrorInfo>
          <Message>Class Initialization method MCRA.Test.IntegrationTests.DataIntegrityTests.SimulationInputDataTests.SimulationInputDataSourceTests.Initialize threw exception. System.InvalidOperationException: System.InvalidOperationException: Sequence contains more than one element.</Message>
          <StackTrace>   at System.Linq.Enumerable.Single[TSource](IEnumerable`1 source)
   at System.Data.Entity.Core.Objects.ELinq.ObjectQueryProvider.&lt;GetElementFunction&gt;b__3[TResult](IEnumerable`1 sequence)
   at System.Data.Entity.Core.Objects.ELinq.ObjectQueryProvider.ExecuteSingle[TResult](IEnumerable`1 query, Expression queryRoot)
   at System.Data.Entity.Core.Objects.ELinq.ObjectQueryProvider.System.Linq.IQueryProvider.Execute[TResult](Expression expression)
   at System.Linq.Queryable.Single[TSource](IQueryable`1 source, Expression`1 predicate)
   at MCRA.ProjectEntityModels.RawDataSourceManagement.RawDataSourceRepositoryManager.GetRootDataSourceRepository(User user) in d:\Projects\MCRA\MCRA 8.1\MCRA.ProjectEntityModels\RawDataSourceManagement\RawDataSourceRepositoryManager.cs:line 76
   at MCRA.Test.Initialization.TestInitializer.DropRawDataSource(String dataSourceName) in d:\Projects\MCRA\MCRA 8.1\MCRA.Test\InitializationRoutines\TestInitializer.cs:line 108
   at MCRA.Test.IntegrationTests.DataIntegrityTests.SimulationInputDataTests.SimulationInputDataSourceTests.Initialize(TestContext testContext) in d:\Projects\MCRA\MCRA 8.1\MCRA.Test\IntegrationTests\DataIntegrityTests\SimulationInputDataTests\SimulationInputDataSourceTests.cs:line 33
</StackTrace>
        </ErrorInfo>
      </Output>
    </UnitTestResult>
    <UnitTestResult executionId="ada6c7a6-6d30-41d6-98b7-831800b546af" testId="3913ef04-278b-e360-fa74-b15a8754eeac" testName="SimulationInputDataSourceTest2" computerName="L0134254" startTime="2015-03-19T16:00:01.7813306+01:00" endTime="2015-03-19T16:00:01.7823307+01:00" testType="13cdc9d9-ddb5-4fa4-a97d-d965ccfc6d4b" outcome="Failed" testListId="8c84fa94-04c1-424b-9868-57a2d4851a1d" relativeResultsDirectory="ada6c7a6-6d30-41d6-98b7-831800b546af">
      <Output>
        <ErrorInfo>
          <Message>Class Initialization method MCRA.Test.IntegrationTests.DataIntegrityTests.SimulationInputDataTests.SimulationInputDataSourceTests.Initialize threw exception. System.InvalidOperationException: System.InvalidOperationException: Sequence contains more than one element.</Message>
          <StackTrace>   at System.Linq.Enumerable.Single[TSource](IEnumerable`1 source)
   at System.Data.Entity.Core.Objects.ELinq.ObjectQueryProvider.&lt;GetElementFunction&gt;b__3[TResult](IEnumerable`1 sequence)
   at System.Data.Entity.Core.Objects.ELinq.ObjectQueryProvider.ExecuteSingle[TResult](IEnumerable`1 query, Expression queryRoot)
   at System.Data.Entity.Core.Objects.ELinq.ObjectQueryProvider.System.Linq.IQueryProvider.Execute[TResult](Expression expression)
   at System.Linq.Queryable.Single[TSource](IQueryable`1 source, Expression`1 predicate)
   at MCRA.ProjectEntityModels.RawDataSourceManagement.RawDataSourceRepositoryManager.GetRootDataSourceRepository(User user) in d:\Projects\MCRA\MCRA 8.1\MCRA.ProjectEntityModels\RawDataSourceManagement\RawDataSourceRepositoryManager.cs:line 76
   at MCRA.Test.Initialization.TestInitializer.DropRawDataSource(String dataSourceName) in d:\Projects\MCRA\MCRA 8.1\MCRA.Test\InitializationRoutines\TestInitializer.cs:line 108
   at MCRA.Test.IntegrationTests.DataIntegrityTests.SimulationInputDataTests.SimulationInputDataSourceTests.Initialize(TestContext testContext) in d:\Projects\MCRA\MCRA 8.1\MCRA.Test\IntegrationTests\DataIntegrityTests\SimulationInputDataTests\SimulationInputDataSourceTests.cs:line 33
</StackTrace>
        </ErrorInfo>
      </Output>
    </UnitTestResult>
    <UnitTestResult executionId="ace4cf2a-8210-45de-abf3-5a5dfcc75cfd" testId="e11d948f-7b31-58ae-5ec2-6b304cff1796" testName="FocalFoodEatersTestsTest1" computerName="L0134254" startTime="2015-03-19T16:00:01.7823307+01:00" endTime="2015-03-19T16:00:02.0553580+01:00" testType="13cdc9d9-ddb5-4fa4-a97d-d965ccfc6d4b" outcome="Failed" testListId="8c84fa94-04c1-424b-9868-57a2d4851a1d" relativeResultsDirectory="ace4cf2a-8210-45de-abf3-5a5dfcc75cfd">
      <Output>
        <ErrorInfo>
          <Message>Class Initialization method MCRA.Test.IntegrationTests.DataIntegrityTests.SimulationInputDataTests.FocalFoodEatersTests.Initialize threw exception. System.InvalidOperationException: System.InvalidOperationException: Sequence contains more than one element.</Message>
          <StackTrace>   at System.Linq.Enumerable.Single[TSource](IEnumerable`1 source)
   at System.Data.Entity.Core.Objects.ELinq.ObjectQueryProvider.&lt;GetElementFunction&gt;b__3[TResult](IEnumerable`1 sequence)
   at System.Data.Entity.Core.Objects.ELinq.ObjectQueryProvider.ExecuteSingle[TResult](IEnumerable`1 query, Expression queryRoot)
   at System.Data.Entity.Core.Objects.ELinq.ObjectQueryProvider.System.Linq.IQueryProvider.Execute[TResult](Expression expression)
   at System.Linq.Queryable.Single[TSource](IQueryable`1 source, Expression`1 predicate)
   at MCRA.ProjectEntityModels.RawDataSourceManagement.RawDataSourceRepositoryManager.GetRootDataSourceRepository(User user) in d:\Projects\MCRA\MCRA 8.1\MCRA.ProjectEntityModels\RawDataSourceManagement\RawDataSourceRepositoryManager.cs:line 76
   at MCRA.Test.Initialization.TestInitializer.DropRawDataSource(String dataSourceName) in d:\Projects\MCRA\MCRA 8.1\MCRA.Test\InitializationRoutines\TestInitializer.cs:line 108
   at MCRA.Test.IntegrationTests.DataIntegrityTests.SimulationInputDataTests.FocalFoodEatersTests.Initialize(TestContext testContext) in d:\Projects\MCRA\MCRA 8.1\MCRA.Test\IntegrationTests\DataIntegrityTests\SimulationInputDataTests\FocalFoodEatersTests.cs:line 30
</StackTrace>
        </ErrorInfo>
      </Output>
    </UnitTestResult>
    <UnitTestResult executionId="6cd4d1d8-fa85-4987-a73f-3ce5b81a3c3d" testId="53f9b0c7-deaa-3e46-4d3c-dd57cf5706cf" testName="CompoundsInputDataGeneratorTest1" computerName="L0134254" duration="00:00:00.0473527" startTime="2015-03-19T16:00:02.0563581+01:00" endTime="2015-03-19T16:00:02.1033628+01:00" testType="13cdc9d9-ddb5-4fa4-a97d-d965ccfc6d4b" outcome="Passed" testListId="8c84fa94-04c1-424b-9868-57a2d4851a1d" relativeResultsDirectory="6cd4d1d8-fa85-4987-a73f-3ce5b81a3c3d" />
    <UnitTestResult executionId="e807c15c-4f16-4d37-b837-9e8d26f08eca" testId="a32fe92b-246f-da4c-375f-95008e516d97" testName="ConsumptionsInputDataGeneratorTest1" computerName="L0134254" duration="00:00:00.0276288" startTime="2015-03-19T16:00:02.1033628+01:00" endTime="2015-03-19T16:00:02.1313656+01:00" testType="13cdc9d9-ddb5-4fa4-a97d-d965ccfc6d4b" outcome="Failed" testListId="8c84fa94-04c1-424b-9868-57a2d4851a1d" relativeResultsDirectory="e807c15c-4f16-4d37-b837-9e8d26f08eca">
      <Output>
        <ErrorInfo>
          <Message>Assert.AreEqual failed. Expected:&lt;2100&gt;. Actual:&lt;2117&gt;. </Message>
          <StackTrace>   at MCRA.Test.UnitTests.MCRA.DataGeneration.ConsumptionsInputDataGeneratorTests.ConsumptionsInputDataGeneratorTest1() in d:\Projects\MCRA\MCRA 8.1\MCRA.Test\UnitTests\MCRA.DataGeneration\ConsumptionsInputDataGeneratorTests.cs:line 36
</StackTrace>
        </ErrorInfo>
      </Output>
    </UnitTestResult>
    <UnitTestResult executionId="3f080182-c873-457c-8e52-b9debd529dea" testId="17294c24-3885-c8e7-fc18-3a195e58afb1" testName="FoodsInputDataGeneratorTest1" computerName="L0134254" duration="00:00:00.0016876" startTime="2015-03-19T16:00:02.1313656+01:00" endTime="2015-03-19T16:00:02.1333658+01:00" testType="13cdc9d9-ddb5-4fa4-a97d-d965ccfc6d4b" outcome="Failed" testListId="8c84fa94-04c1-424b-9868-57a2d4851a1d" relativeResultsDirectory="3f080182-c873-457c-8e52-b9debd529dea">
      <Output>
        <ErrorInfo>
          <Message>Assert.AreEqual failed. Expected:&lt;20&gt;. Actual:&lt;10&gt;. </Message>
          <StackTrace>   at MCRA.Test.UnitTests.MCRA.DataGeneration.FoodsInputDataGeneratorTests.FoodsInputDataGeneratorTest1() in d:\Projects\MCRA\MCRA 8.1\MCRA.Test\UnitTests\MCRA.DataGeneration\FoodsInputDataGeneratorTests.cs:line 26
</StackTrace>
        </ErrorInfo>
      </Output>
    </UnitTestResult>
    <UnitTestResult executionId="af9b39e3-5c26-4538-b9fc-97b961084f92" testId="2b49f2d4-3b82-09d1-4ee4-fe330369860f" testName="InputDataGeneratorTest1" computerName="L0134254" duration="00:00:00.0618168" startTime="2015-03-19T16:00:02.1343659+01:00" endTime="2015-03-19T16:00:02.1963721+01:00" testType="13cdc9d9-ddb5-4fa4-a97d-d965ccfc6d4b" outcome="Failed" testListId="8c84fa94-04c1-424b-9868-57a2d4851a1d" relativeResultsDirectory="af9b39e3-5c26-4538-b9fc-97b961084f92">
      <Output>
        <ErrorInfo>
          <Message>Test method MCRA.Test.UnitTests.MCRA.DataGeneration.InputDataGeneratorTests.InputDataGeneratorTest1 threw exception:
System.NullReferenceException: Object reference not set to an instance of an object.</Message>
          <StackTrace>    at MCRA.DataGeneration.InputDataGenerators.FoodsInputDataGenerator.generateFoodsAsEaten() in d:\Projects\MCRA\MCRA 8.1\MCRA.DataGenerator\InputDataGenerators\FoodsInputDataGenerator.cs:line 51
   at MCRA.DataGeneration.InputDataGenerators.FoodsInputDataGenerator.Generate(IGenerator generator) in d:\Projects\MCRA\MCRA 8.1\MCRA.DataGenerator\InputDataGenerators\FoodsInputDataGenerator.cs:line 15
   at MCRA.DataGeneration.InputDataGenerators.InputDataGenerator.generateFoodsDataGroup(IGenerator generator) in d:\Projects\MCRA\MCRA 8.1\MCRA.DataGenerator\InputDataGenerators\InputDataGenerator.cs:line 31
   at MCRA.DataGeneration.InputDataGenerators.InputDataGenerator.Generate() in d:\Projects\MCRA\MCRA 8.1\MCRA.DataGenerator\InputDataGenerators\InputDataGenerator.cs:line 14
   at MCRA.Test.UnitTests.MCRA.DataGeneration.InputDataGeneratorTests.InputDataGeneratorTest1() in d:\Projects\MCRA\MCRA 8.1\MCRA.Test\UnitTests\MCRA.DataGeneration\InputDataGeneratorTests.cs:line 15
</StackTrace>
        </ErrorInfo>
      </Output>
    </UnitTestResult>
    <UnitTestResult executionId="a8e792ac-48c6-42c7-a5c7-d6a4d6c6106d" testId="6cad2973-5b3f-1004-657e-b6e465198350" testName="DynamicSectionsTest1" computerName="L0134254" duration="00:00:00.0015446" startTime="2015-03-19T16:00:02.1963721+01:00" endTime="2015-03-19T16:00:02.1983723+01:00" testType="13cdc9d9-ddb5-4fa4-a97d-d965ccfc6d4b" outcome="Passed" testListId="8c84fa94-04c1-424b-9868-57a2d4851a1d" relativeResultsDirectory="a8e792ac-48c6-42c7-a5c7-d6a4d6c6106d" />
    <UnitTestResult executionId="3a60f1f9-4216-4978-a7e0-6c179363b9f3" testId="f9d6637f-1f62-5297-aedd-59b95db7d0d9" testName="GetMembers1" computerName="L0134254" duration="00:00:00.0007080" startTime="2015-03-19T16:00:02.1983723+01:00" endTime="2015-03-19T16:00:02.1993724+01:00" testType="13cdc9d9-ddb5-4fa4-a97d-d965ccfc6d4b" outcome="Passed" testListId="8c84fa94-04c1-424b-9868-57a2d4851a1d" relativeResultsDirectory="3a60f1f9-4216-4978-a7e0-6c179363b9f3">
      <Output>
        <StdOut>Debug Trace:
System.String
System.String</StdOut>
      </Output>
    </UnitTestResult>
    <UnitTestResult executionId="eae4e916-ced7-41af-8478-661781dca955" testId="1b43f511-c168-fe2c-7f74-48dc6b11539c" testName="GetEnumDisplayAttributeTest" computerName="L0134254" duration="00:00:00.0008625" startTime="2015-03-19T16:00:02.1993724+01:00" endTime="2015-03-19T16:00:02.2003725+01:00" testType="13cdc9d9-ddb5-4fa4-a97d-d965ccfc6d4b" outcome="Passed" testListId="8c84fa94-04c1-424b-9868-57a2d4851a1d" relativeResultsDirectory="eae4e916-ced7-41af-8478-661781dca955">
      <Output>
        <StdOut>Debug Trace:
kg/kg
kilogram/kilogram</StdOut>
      </Output>
    </UnitTestResult>
    <UnitTestResult executionId="351904b9-ac44-4640-a048-5941aa0f3436" testId="32f0e039-c34c-646c-83e2-bcfdff1fd67b" testName="OutputSerializationTest1" computerName="L0134254" duration="00:00:00.0636010" startTime="2015-03-19T16:00:02.2003725+01:00" endTime="2015-03-19T16:00:02.2643789+01:00" testType="13cdc9d9-ddb5-4fa4-a97d-d965ccfc6d4b" outcome="Passed" testListId="8c84fa94-04c1-424b-9868-57a2d4851a1d" relativeResultsDirectory="351904b9-ac44-4640-a048-5941aa0f3436" />
    <UnitTestResult executionId="100d5e2b-b1ab-4848-a054-773ec9be0501" testId="efb92fcb-215f-a70e-07c3-8d2ce1580ac9" testName="HardcoreParallelTest1" computerName="L0134254" duration="00:00:04.3457574" startTime="2015-03-19T16:00:02.2643789+01:00" endTime="2015-03-19T16:00:06.6108135+01:00" testType="13cdc9d9-ddb5-4fa4-a97d-d965ccfc6d4b" outcome="Passed" testListId="8c84fa94-04c1-424b-9868-57a2d4851a1d" relativeResultsDirectory="100d5e2b-b1ab-4848-a054-773ec9be0501">
      <Output>
        <StdOut>Debug Trace:
Elapsed: 00:00:00.3655565
Elapsed: 00:00:00.4913689
Elapsed: 00:00:00.3470925
Elapsed: 00:00:00.3284485
Elapsed: 00:00:00.3381089
Elapsed: 00:00:00.4343517
Elapsed: 00:00:00.3019711
Elapsed: 00:00:00.4515057
Elapsed: 00:00:00.3703006
Elapsed: 00:00:00.3051545</StdOut>
      </Output>
    </UnitTestResult>
    <UnitTestResult executionId="e8055a05-60d9-477b-8c73-82fc312a9780" testId="c5ee7545-4906-9d30-65d0-f65ba93eb574" testName="HardcoreParallelTest2" computerName="L0134254" duration="00:00:02.0030186" startTime="2015-03-19T16:00:06.6108135+01:00" endTime="2015-03-19T16:00:08.6140138+01:00" testType="13cdc9d9-ddb5-4fa4-a97d-d965ccfc6d4b" outcome="Passed" testListId="8c84fa94-04c1-424b-9868-57a2d4851a1d" relativeResultsDirectory="e8055a05-60d9-477b-8c73-82fc312a9780" />
    <UnitTestResult executionId="3e0c4040-63c2-44cd-98ea-758f21f6bcae" testId="72323ba4-6c07-055b-d138-dfe550cace1f" testName="GetUncertaintyResultsTest1" computerName="L0134254" duration="00:00:00.0809712" startTime="2015-03-19T16:00:08.6150139+01:00" endTime="2015-03-19T16:00:08.6970221+01:00" testType="13cdc9d9-ddb5-4fa4-a97d-d965ccfc6d4b" outcome="Passed" testListId="8c84fa94-04c1-424b-9868-57a2d4851a1d" relativeResultsDirectory="3e0c4040-63c2-44cd-98ea-758f21f6bcae" />
  </Results>
  <TestDefinitions>
    <UnitTest name="ListCapacityTest1" storage="d:\projects\mcra\mcra 8.1\mcra.test\bin\debug\mcra.test.dll" id="d3dff021-d915-dcd8-b3fc-7a2a8e3f28cf">
      <Execution id="f6c58c22-e0ec-4c98-88c5-010311e7dbc3" />
      <TestMethod codeBase="D:\Projects\MCRA\MCRA 8.1\MCRA.Test\bin\Debug\MCRA.Test.dll" adapterTypeName="Microsoft.VisualStudio.TestTools.TestTypes.Unit.UnitTestAdapter" className="MCRA.Test.ConceptsTests.ListsCapacityTests" name="ListCapacityTest1" />
    </UnitTest>
    <UnitTest name="TestPasswordRegularExpression" storage="d:\projects\mcra\mcra 8.1\mcra.test\bin\debug\mcra.test.dll" id="855633fb-e2a1-c91d-b57c-c161cb1b1e02">
      <Execution id="d5e86496-4392-4211-843e-b5c77470e83d" />
      <TestMethod codeBase="D:\Projects\MCRA\MCRA 8.1\MCRA.Test\bin\Debug\MCRA.Test.dll" adapterTypeName="Microsoft.VisualStudio.TestTools.TestTypes.Unit.UnitTestAdapter" className="MCRA.Test.ConceptsTests.RegularExpressionTests" name="TestPasswordRegularExpression" />
    </UnitTest>
    <UnitTest name="TestMethod1" storage="d:\projects\mcra\mcra 8.1\mcra.test\bin\debug\mcra.test.dll" id="9d1caf55-0b92-0be3-4003-da06d5cec451">
      <Execution id="72ecb89b-702e-48c6-99c8-0f1835a64b1e" />
      <TestMethod codeBase="D:\Projects\MCRA\MCRA 8.1\MCRA.Test\bin\Debug\MCRA.Test.dll" adapterTypeName="Microsoft.VisualStudio.TestTools.TestTypes.Unit.UnitTestAdapter" className="MCRA.Test.ConceptsTests.TrxReaderTests" name="TestMethod1" />
    </UnitTest>
    <UnitTest name="TestPercentage1" storage="d:\projects\mcra\mcra 8.1\mcra.test\bin\debug\mcra.test.dll" id="2dd5a664-6ad9-67cb-7601-7be893b33454">
      <Execution id="43c1204d-65cf-4785-8087-1cef43c97dcb" />
      <TestMethod codeBase="D:\Projects\MCRA\MCRA 8.1\MCRA.Test\bin\Debug\MCRA.Test.dll" adapterTypeName="Microsoft.VisualStudio.TestTools.TestTypes.Unit.UnitTestAdapter" className="MCRA.Test.ConceptsTests.StringFormatTests" name="TestPercentage1" />
    </UnitTest>
    <UnitTest name="TestPercentage2" storage="d:\projects\mcra\mcra 8.1\mcra.test\bin\debug\mcra.test.dll" id="2a8cb2da-503a-2089-4bb9-2be297378f76">
      <Execution id="3fd7055b-528e-42e8-bb8d-f9df02b2d21f" />
      <TestMethod codeBase="D:\Projects\MCRA\MCRA 8.1\MCRA.Test\bin\Debug\MCRA.Test.dll" adapterTypeName="Microsoft.VisualStudio.TestTools.TestTypes.Unit.UnitTestAdapter" className="MCRA.Test.ConceptsTests.StringFormatTests" name="TestPercentage2" />
    </UnitTest>
    <UnitTest name="RunSimulationTest" storage="d:\projects\mcra\mcra 8.1\mcra.test\bin\debug\mcra.test.dll" id="8682d053-f6d2-18c3-afff-6dc5d5fd3d47">
      <Execution id="71946084-4dd8-4a23-8604-3b32546c2649" />
      <TestMethod codeBase="D:\Projects\MCRA\MCRA 8.1\MCRA.Test\bin\Debug\MCRA.Test.dll" adapterTypeName="Microsoft.VisualStudio.TestTools.TestTypes.Unit.UnitTestAdapter" className="MCRA.Test.ConceptsTests.RunSimulationTests" name="RunSimulationTest" />
    </UnitTest>
    <UnitTest name="AgriculturalUsesTestWeightedUseGroupFractions" storage="d:\projects\mcra\mcra 8.1\mcra.test\bin\debug\mcra.test.dll" id="0726bdc8-8bbf-ac08-a9d8-9a30f0d558f4">
      <Execution id="7a324cb6-c24c-4718-805d-a827eb7bdb22" />
      <TestMethod codeBase="D:\Projects\MCRA\MCRA 8.1\MCRA.Test\bin\Debug\MCRA.Test.dll" adapterTypeName="Microsoft.VisualStudio.TestTools.TestTypes.Unit.UnitTestAdapter" className="MCRA.Test.IntegrationTests.DataIntegrityTests.CompiledDataSourceTests.AgriculturalUsesDataTests" name="AgriculturalUsesTestWeightedUseGroupFractions" />
    </UnitTest>
    <UnitTest name="AgriculturalUsesTestApple" storage="d:\projects\mcra\mcra 8.1\mcra.test\bin\debug\mcra.test.dll" id="eebe9d1f-e30e-19f2-2c04-7cc58f5cc45a">
      <Execution id="272154bf-6ac9-4159-8ae8-9f5c4b8356a6" />
      <TestMethod codeBase="D:\Projects\MCRA\MCRA 8.1\MCRA.Test\bin\Debug\MCRA.Test.dll" adapterTypeName="Microsoft.VisualStudio.TestTools.TestTypes.Unit.UnitTestAdapter" className="MCRA.Test.IntegrationTests.DataIntegrityTests.CompiledDataSourceTests.AgriculturalUsesDataTests" name="AgriculturalUsesTestApple" />
    </UnitTest>
    <UnitTest name="AgriculturalUsesTestBananas" storage="d:\projects\mcra\mcra 8.1\mcra.test\bin\debug\mcra.test.dll" id="ef248fc2-d9c8-eb01-1b66-efc704aeb58b">
      <Execution id="6ae66a19-bcaa-4387-adbe-8840e62d9862" />
      <TestMethod codeBase="D:\Projects\MCRA\MCRA 8.1\MCRA.Test\bin\Debug\MCRA.Test.dll" adapterTypeName="Microsoft.VisualStudio.TestTools.TestTypes.Unit.UnitTestAdapter" className="MCRA.Test.IntegrationTests.DataIntegrityTests.CompiledDataSourceTests.AgriculturalUsesDataTests" name="AgriculturalUsesTestBananas" />
    </UnitTest>
    <UnitTest name="AgriculturalUsesTestPineapple" storage="d:\projects\mcra\mcra 8.1\mcra.test\bin\debug\mcra.test.dll" id="1a4406e1-306a-23c4-e468-1493c2aac4c3">
      <Execution id="7b2b4c8c-1faa-4886-9824-ff94f57dc7dc" />
      <TestMethod codeBase="D:\Projects\MCRA\MCRA 8.1\MCRA.Test\bin\Debug\MCRA.Test.dll" adapterTypeName="Microsoft.VisualStudio.TestTools.TestTypes.Unit.UnitTestAdapter" className="MCRA.Test.IntegrationTests.DataIntegrityTests.CompiledDataSourceTests.AgriculturalUsesDataTests" name="AgriculturalUsesTestPineapple" />
    </UnitTest>
    <UnitTest name="AgriculturalUsesTestAppleMissingAuthorized" storage="d:\projects\mcra\mcra 8.1\mcra.test\bin\debug\mcra.test.dll" id="d6ed78ed-282a-6a2d-a369-c202e20666ac">
      <Execution id="052fcbc0-1f5d-44ad-8b98-535cfa948ee6" />
      <TestMethod codeBase="D:\Projects\MCRA\MCRA 8.1\MCRA.Test\bin\Debug\MCRA.Test.dll" adapterTypeName="Microsoft.VisualStudio.TestTools.TestTypes.Unit.UnitTestAdapter" className="MCRA.Test.IntegrationTests.DataIntegrityTests.CompiledDataSourceTests.AgriculturalUsesDataTests" name="AgriculturalUsesTestAppleMissingAuthorized" />
    </UnitTest>
    <UnitTest name="AgriculturalUsesTestBananasMissingAuthorized" storage="d:\projects\mcra\mcra 8.1\mcra.test\bin\debug\mcra.test.dll" id="a2da8cef-c6da-d108-47c4-364285881f85">
      <Execution id="3c2a92de-446b-4152-8c7a-c7a64f877809" />
      <TestMethod codeBase="D:\Projects\MCRA\MCRA 8.1\MCRA.Test\bin\Debug\MCRA.Test.dll" adapterTypeName="Microsoft.VisualStudio.TestTools.TestTypes.Unit.UnitTestAdapter" className="MCRA.Test.IntegrationTests.DataIntegrityTests.CompiledDataSourceTests.AgriculturalUsesDataTests" name="AgriculturalUsesTestBananasMissingAuthorized" />
    </UnitTest>
    <UnitTest name="AgriculturalUsesTestPineappleMissingAuthorized" storage="d:\projects\mcra\mcra 8.1\mcra.test\bin\debug\mcra.test.dll" id="66e8c89f-5a07-82b6-5cca-9ec563f2583c">
      <Execution id="837a3bad-dfa6-4a11-9c35-c5f0c15d2e29" />
      <TestMethod codeBase="D:\Projects\MCRA\MCRA 8.1\MCRA.Test\bin\Debug\MCRA.Test.dll" adapterTypeName="Microsoft.VisualStudio.TestTools.TestTypes.Unit.UnitTestAdapter" className="MCRA.Test.IntegrationTests.DataIntegrityTests.CompiledDataSourceTests.AgriculturalUsesDataTests" name="AgriculturalUsesTestPineappleMissingAuthorized" />
    </UnitTest>
    <UnitTest name="CompoundsDataTest1" storage="d:\projects\mcra\mcra 8.1\mcra.test\bin\debug\mcra.test.dll" id="b085b019-7006-57be-5400-3f32a4a8b210">
      <Execution id="5e1e4f1d-af5e-438d-b031-d73207d102a7" />
      <TestMethod codeBase="D:\Projects\MCRA\MCRA 8.1\MCRA.Test\bin\Debug\MCRA.Test.dll" adapterTypeName="Microsoft.VisualStudio.TestTools.TestTypes.Unit.UnitTestAdapter" className="MCRA.Test.IntegrationTests.DataIntegrityTests.CompiledDataSourceTests.CompoundsDataTests" name="CompoundsDataTest1" />
    </UnitTest>
    <UnitTest name="ConcentrationsDataTests1" storage="d:\projects\mcra\mcra 8.1\mcra.test\bin\debug\mcra.test.dll" id="348c961b-5627-a520-7081-f20b13afe44e">
      <Execution id="0f654aaf-6dd7-42dc-ad13-21c27d264724" />
      <TestMethod codeBase="D:\Projects\MCRA\MCRA 8.1\MCRA.Test\bin\Debug\MCRA.Test.dll" adapterTypeName="Microsoft.VisualStudio.TestTools.TestTypes.Unit.UnitTestAdapter" className="MCRA.Test.IntegrationTests.DataIntegrityTests.CompiledDataSourceTests.ConcentrationsDataTests" name="ConcentrationsDataTests1" />
    </UnitTest>
    <UnitTest name="ConcentrationsDataTest2" storage="d:\projects\mcra\mcra 8.1\mcra.test\bin\debug\mcra.test.dll" id="3fe5fb22-04af-0831-e8d9-c31a38ed2888">
      <Execution id="641aadd9-ce1d-4b2a-8349-50b3ca5c9ad6" />
      <TestMethod codeBase="D:\Projects\MCRA\MCRA 8.1\MCRA.Test\bin\Debug\MCRA.Test.dll" adapterTypeName="Microsoft.VisualStudio.TestTools.TestTypes.Unit.UnitTestAdapter" className="MCRA.Test.IntegrationTests.DataIntegrityTests.CompiledDataSourceTests.ConcentrationsDataTests" name="ConcentrationsDataTest2" />
    </UnitTest>
    <UnitTest name="ConcentrationsDataTest3" storage="d:\projects\mcra\mcra 8.1\mcra.test\bin\debug\mcra.test.dll" id="79f1eec9-d159-2e62-7090-cfb56cc8c37a">
      <Execution id="49507d24-806e-4012-8688-9045c0ce81d3" />
      <TestMethod codeBase="D:\Projects\MCRA\MCRA 8.1\MCRA.Test\bin\Debug\MCRA.Test.dll" adapterTypeName="Microsoft.VisualStudio.TestTools.TestTypes.Unit.UnitTestAdapter" className="MCRA.Test.IntegrationTests.DataIntegrityTests.CompiledDataSourceTests.ConcentrationsDataTests" name="ConcentrationsDataTest3" />
    </UnitTest>
    <UnitTest name="ConcentrationsDataTest4" storage="d:\projects\mcra\mcra 8.1\mcra.test\bin\debug\mcra.test.dll" id="0e2efaaa-470b-a39f-aba2-1a03dd275528">
      <Execution id="406a3379-a23f-468a-b950-07ebdc6f6769" />
      <TestMethod codeBase="D:\Projects\MCRA\MCRA 8.1\MCRA.Test\bin\Debug\MCRA.Test.dll" adapterTypeName="Microsoft.VisualStudio.TestTools.TestTypes.Unit.UnitTestAdapter" className="MCRA.Test.IntegrationTests.DataIntegrityTests.CompiledDataSourceTests.ConcentrationsDataTests" name="ConcentrationsDataTest4" />
    </UnitTest>
    <UnitTest name="ConcentrationsDataTest5" storage="d:\projects\mcra\mcra 8.1\mcra.test\bin\debug\mcra.test.dll" id="23ea58b7-3613-7b12-daee-6e785dd8d0c0">
      <Execution id="ddba56f5-519b-4086-8652-d46eb3d33423" />
      <TestMethod codeBase="D:\Projects\MCRA\MCRA 8.1\MCRA.Test\bin\Debug\MCRA.Test.dll" adapterTypeName="Microsoft.VisualStudio.TestTools.TestTypes.Unit.UnitTestAdapter" className="MCRA.Test.IntegrationTests.DataIntegrityTests.CompiledDataSourceTests.ConcentrationsDataTests" name="ConcentrationsDataTest5" />
    </UnitTest>
    <UnitTest name="ConcentrationsDataTest6" storage="d:\projects\mcra\mcra 8.1\mcra.test\bin\debug\mcra.test.dll" id="eda8e618-3e55-a312-74e5-5cd958502efe">
      <Execution id="6f3baad8-2c89-4b48-8c32-503ef341d12b" />
      <TestMethod codeBase="D:\Projects\MCRA\MCRA 8.1\MCRA.Test\bin\Debug\MCRA.Test.dll" adapterTypeName="Microsoft.VisualStudio.TestTools.TestTypes.Unit.UnitTestAdapter" className="MCRA.Test.IntegrationTests.DataIntegrityTests.CompiledDataSourceTests.ConcentrationsDataTests" name="ConcentrationsDataTest6" />
    </UnitTest>
    <UnitTest name="TestLoadFoodSurveys" storage="d:\projects\mcra\mcra 8.1\mcra.test\bin\debug\mcra.test.dll" id="88906654-1a3e-89f8-7ceb-9776b9ab9d40">
      <Execution id="dbf4c400-7635-48f0-8315-83a90a779828" />
      <TestMethod codeBase="D:\Projects\MCRA\MCRA 8.1\MCRA.Test\bin\Debug\MCRA.Test.dll" adapterTypeName="Microsoft.VisualStudio.TestTools.TestTypes.Unit.UnitTestAdapter" className="MCRA.Test.IntegrationTests.DataIntegrityTests.CompiledDataSourceTests.ConsumptionsDataTests" name="TestLoadFoodSurveys" />
    </UnitTest>
    <UnitTest name="TestLoadConsumptions" storage="d:\projects\mcra\mcra 8.1\mcra.test\bin\debug\mcra.test.dll" id="df9572bf-380f-dce8-b71d-783b5ae6e0e2">
      <Execution id="a059bc33-f513-4eba-a544-aacd7084353a" />
      <TestMethod codeBase="D:\Projects\MCRA\MCRA 8.1\MCRA.Test\bin\Debug\MCRA.Test.dll" adapterTypeName="Microsoft.VisualStudio.TestTools.TestTypes.Unit.UnitTestAdapter" className="MCRA.Test.IntegrationTests.DataIntegrityTests.CompiledDataSourceTests.ConsumptionsDataTests" name="TestLoadConsumptions" />
    </UnitTest>
    <UnitTest name="TestLoadIndividuals" storage="d:\projects\mcra\mcra 8.1\mcra.test\bin\debug\mcra.test.dll" id="0f9573fb-14f2-9967-3027-74575f3b107b">
      <Execution id="dc007c41-566a-47e4-9301-96aa97adee8b" />
      <TestMethod codeBase="D:\Projects\MCRA\MCRA 8.1\MCRA.Test\bin\Debug\MCRA.Test.dll" adapterTypeName="Microsoft.VisualStudio.TestTools.TestTypes.Unit.UnitTestAdapter" className="MCRA.Test.IntegrationTests.DataIntegrityTests.CompiledDataSourceTests.ConsumptionsDataTests" name="TestLoadIndividuals" />
    </UnitTest>
    <UnitTest name="TestLoadIndividualProperties" storage="d:\projects\mcra\mcra 8.1\mcra.test\bin\debug\mcra.test.dll" id="4e44ac92-8c40-49f2-f910-318e680ae52f">
      <Execution id="e6580ea0-49f7-4a94-a93f-8185ab51f6e1" />
      <TestMethod codeBase="D:\Projects\MCRA\MCRA 8.1\MCRA.Test\bin\Debug\MCRA.Test.dll" adapterTypeName="Microsoft.VisualStudio.TestTools.TestTypes.Unit.UnitTestAdapter" className="MCRA.Test.IntegrationTests.DataIntegrityTests.CompiledDataSourceTests.ConsumptionsDataTests" name="TestLoadIndividualProperties" />
    </UnitTest>
    <UnitTest name="EffectsDataTest1" storage="d:\projects\mcra\mcra 8.1\mcra.test\bin\debug\mcra.test.dll" id="c0594f2f-58ee-7e4e-b629-33b588ae91c2">
      <Execution id="abdc49dd-997c-494f-94ed-861f1b1c5794" />
      <TestMethod codeBase="D:\Projects\MCRA\MCRA 8.1\MCRA.Test\bin\Debug\MCRA.Test.dll" adapterTypeName="Microsoft.VisualStudio.TestTools.TestTypes.Unit.UnitTestAdapter" className="MCRA.Test.IntegrationTests.DataIntegrityTests.CompiledDataSourceTests.EffectsDataTests" name="EffectsDataTest1" />
    </UnitTest>
    <UnitTest name="EffectsDataTest2" storage="d:\projects\mcra\mcra 8.1\mcra.test\bin\debug\mcra.test.dll" id="9a32abf0-ea1c-d462-850c-c743655144e7">
      <Execution id="e81e3f33-5b64-436d-bffa-a419394ded09" />
      <TestMethod codeBase="D:\Projects\MCRA\MCRA 8.1\MCRA.Test\bin\Debug\MCRA.Test.dll" adapterTypeName="Microsoft.VisualStudio.TestTools.TestTypes.Unit.UnitTestAdapter" className="MCRA.Test.IntegrationTests.DataIntegrityTests.CompiledDataSourceTests.EffectsDataTests" name="EffectsDataTest2" />
    </UnitTest>
    <UnitTest name="FocalFoodsTest1" storage="d:\projects\mcra\mcra 8.1\mcra.test\bin\debug\mcra.test.dll" id="66a4f02c-a714-0631-12f7-0a4af5e2bf97">
      <Execution id="30b8e848-da6a-4c58-a1f7-e131c082177e" />
      <TestMethod codeBase="D:\Projects\MCRA\MCRA 8.1\MCRA.Test\bin\Debug\MCRA.Test.dll" adapterTypeName="Microsoft.VisualStudio.TestTools.TestTypes.Unit.UnitTestAdapter" className="MCRA.EntityModels.Test.IntegrationTests.DataIntegrityTests.SimulationInputDataTests.FocalFoodsTests" name="FocalFoodsTest1" />
    </UnitTest>
    <UnitTest name="FoodEx2DataTest_Foods" storage="d:\projects\mcra\mcra 8.1\mcra.test\bin\debug\mcra.test.dll" id="480d0220-1fc9-ee3d-8ef1-43a483fc645b">
      <Execution id="0da628c2-e523-4b27-9209-e658293b6f1e" />
      <TestMethod codeBase="D:\Projects\MCRA\MCRA 8.1\MCRA.Test\bin\Debug\MCRA.Test.dll" adapterTypeName="Microsoft.VisualStudio.TestTools.TestTypes.Unit.UnitTestAdapter" className="MCRA.Test.IntegrationTests.DataIntegrityTests.CompiledDataSourceTests.FoodEx2DataTests" name="FoodEx2DataTest_Foods" />
    </UnitTest>
    <UnitTest name="FoodEx2DataTests_FoodHierarchy" storage="d:\projects\mcra\mcra 8.1\mcra.test\bin\debug\mcra.test.dll" id="606ad980-3837-b43b-0531-824544c1dbf1">
      <Execution id="74d2f473-ba64-4760-a252-3e93cf93c294" />
      <TestMethod codeBase="D:\Projects\MCRA\MCRA 8.1\MCRA.Test\bin\Debug\MCRA.Test.dll" adapterTypeName="Microsoft.VisualStudio.TestTools.TestTypes.Unit.UnitTestAdapter" className="MCRA.Test.IntegrationTests.DataIntegrityTests.CompiledDataSourceTests.FoodEx2DataTests" name="FoodEx2DataTests_FoodHierarchy" />
    </UnitTest>
    <UnitTest name="FoodsDataTest_Foods" storage="d:\projects\mcra\mcra 8.1\mcra.test\bin\debug\mcra.test.dll" id="63f04012-0a7d-5a51-8ad2-6c987eee319e">
      <Execution id="c276c4db-e6eb-422c-99cf-ec429440f032" />
      <TestMethod codeBase="D:\Projects\MCRA\MCRA 8.1\MCRA.Test\bin\Debug\MCRA.Test.dll" adapterTypeName="Microsoft.VisualStudio.TestTools.TestTypes.Unit.UnitTestAdapter" className="MCRA.Test.IntegrationTests.DataIntegrityTests.CompiledDataSourceTests.FoodsDataTests" name="FoodsDataTest_Foods" />
    </UnitTest>
    <UnitTest name="FoodsDataTest_FoodProperties" storage="d:\projects\mcra\mcra 8.1\mcra.test\bin\debug\mcra.test.dll" id="4bfd9e0f-d41a-01e0-f6ec-4aebb364264c">
      <Execution id="0ef4c962-254b-4741-ae9c-9b64a52d311b" />
      <TestMethod codeBase="D:\Projects\MCRA\MCRA 8.1\MCRA.Test\bin\Debug\MCRA.Test.dll" adapterTypeName="Microsoft.VisualStudio.TestTools.TestTypes.Unit.UnitTestAdapter" className="MCRA.Test.IntegrationTests.DataIntegrityTests.CompiledDataSourceTests.FoodsDataTests" name="FoodsDataTest_FoodProperties" />
    </UnitTest>
    <UnitTest name="FoodsDataTest_MarketShares" storage="d:\projects\mcra\mcra 8.1\mcra.test\bin\debug\mcra.test.dll" id="76df1846-3783-6018-8dbf-d03363ebbb87">
      <Execution id="a68506a6-1ac4-4222-aa4d-77de9d918c4f" />
      <TestMethod codeBase="D:\Projects\MCRA\MCRA 8.1\MCRA.Test\bin\Debug\MCRA.Test.dll" adapterTypeName="Microsoft.VisualStudio.TestTools.TestTypes.Unit.UnitTestAdapter" className="MCRA.Test.IntegrationTests.DataIntegrityTests.CompiledDataSourceTests.FoodsDataTests" name="FoodsDataTest_MarketShares" />
    </UnitTest>
    <UnitTest name="FoodsDataTest_FoodTranslations" storage="d:\projects\mcra\mcra 8.1\mcra.test\bin\debug\mcra.test.dll" id="577fb871-7992-7158-e15c-87022aa7ccf2">
      <Execution id="ae52c866-38d0-4af9-9ef6-8eb05fcc10c9" />
      <TestMethod codeBase="D:\Projects\MCRA\MCRA 8.1\MCRA.Test\bin\Debug\MCRA.Test.dll" adapterTypeName="Microsoft.VisualStudio.TestTools.TestTypes.Unit.UnitTestAdapter" className="MCRA.Test.IntegrationTests.DataIntegrityTests.CompiledDataSourceTests.FoodsDataTests" name="FoodsDataTest_FoodTranslations" />
    </UnitTest>
    <UnitTest name="MaximumResidueLimitsDataTest1" storage="d:\projects\mcra\mcra 8.1\mcra.test\bin\debug\mcra.test.dll" id="c8aea8c4-b3c7-525a-1157-2efe086f535c">
      <Execution id="1e8dfd71-1a47-4444-a890-4610c26828bb" />
      <TestMethod codeBase="D:\Projects\MCRA\MCRA 8.1\MCRA.Test\bin\Debug\MCRA.Test.dll" adapterTypeName="Microsoft.VisualStudio.TestTools.TestTypes.Unit.UnitTestAdapter" className="MCRA.Test.IntegrationTests.DataIntegrityTests.CompiledDataSourceTests.MaximumResidueLimitsDataTests" name="MaximumResidueLimitsDataTest1" />
    </UnitTest>
    <UnitTest name="NonDietaryDataTests1" storage="d:\projects\mcra\mcra 8.1\mcra.test\bin\debug\mcra.test.dll" id="39b76a15-c620-2d6d-c093-1cfad161f02a">
      <Execution id="17b3f4a0-432a-462f-9354-4c6891babb7d" />
      <TestMethod codeBase="D:\Projects\MCRA\MCRA 8.1\MCRA.Test\bin\Debug\MCRA.Test.dll" adapterTypeName="Microsoft.VisualStudio.TestTools.TestTypes.Unit.UnitTestAdapter" className="MCRA.Test.IntegrationTests.DataIntegrityTests.CompiledDataSourceTests.NonDietaryDataTests" name="NonDietaryDataTests1" />
    </UnitTest>
    <UnitTest name="NonDietaryDataTests2" storage="d:\projects\mcra\mcra 8.1\mcra.test\bin\debug\mcra.test.dll" id="55c34995-8a10-4df9-19e7-2e23b6b30b15">
      <Execution id="67d4ecd0-50fd-4b15-92a4-8a04a6dbec78" />
      <TestMethod codeBase="D:\Projects\MCRA\MCRA 8.1\MCRA.Test\bin\Debug\MCRA.Test.dll" adapterTypeName="Microsoft.VisualStudio.TestTools.TestTypes.Unit.UnitTestAdapter" className="MCRA.Test.IntegrationTests.DataIntegrityTests.CompiledDataSourceTests.NonDietaryDataTests" name="NonDietaryDataTests2" />
    </UnitTest>
    <UnitTest name="NonDietaryDataTests3" storage="d:\projects\mcra\mcra 8.1\mcra.test\bin\debug\mcra.test.dll" id="682afb32-7557-79fd-e210-0d27532b72ce">
      <Execution id="73304025-ab46-459c-ba08-fafe95b2e0cd" />
      <TestMethod codeBase="D:\Projects\MCRA\MCRA 8.1\MCRA.Test\bin\Debug\MCRA.Test.dll" adapterTypeName="Microsoft.VisualStudio.TestTools.TestTypes.Unit.UnitTestAdapter" className="MCRA.Test.IntegrationTests.DataIntegrityTests.CompiledDataSourceTests.NonDietaryDataTests" name="NonDietaryDataTests3" />
    </UnitTest>
    <UnitTest name="ProcessingFactorsDataTest1" storage="d:\projects\mcra\mcra 8.1\mcra.test\bin\debug\mcra.test.dll" id="f046fb4a-a29a-b941-ef45-aaf88931ac34">
      <Execution id="eb732ef7-5bce-4ff2-a7c0-572dccd0f172" />
      <TestMethod codeBase="D:\Projects\MCRA\MCRA 8.1\MCRA.Test\bin\Debug\MCRA.Test.dll" adapterTypeName="Microsoft.VisualStudio.TestTools.TestTypes.Unit.UnitTestAdapter" className="MCRA.Test.IntegrationTests.DataIntegrityTests.CompiledDataSourceTests.ProcessingFactorsDataTests" name="ProcessingFactorsDataTest1" />
    </UnitTest>
    <UnitTest name="ProcessingFactorsDataTest2" storage="d:\projects\mcra\mcra 8.1\mcra.test\bin\debug\mcra.test.dll" id="25f4e712-fb5d-9352-8cda-af082f7ba425">
      <Execution id="478de262-6e6d-4b4c-8f64-cac5f4ad7274" />
      <TestMethod codeBase="D:\Projects\MCRA\MCRA 8.1\MCRA.Test\bin\Debug\MCRA.Test.dll" adapterTypeName="Microsoft.VisualStudio.TestTools.TestTypes.Unit.UnitTestAdapter" className="MCRA.Test.IntegrationTests.DataIntegrityTests.CompiledDataSourceTests.ProcessingFactorsDataTests" name="ProcessingFactorsDataTest2" />
    </UnitTest>
    <UnitTest name="TestSSDCompounds" storage="d:\projects\mcra\mcra 8.1\mcra.test\bin\debug\mcra.test.dll" id="61b5f372-3fc7-713e-fcc9-a6473c6a92f1">
      <Execution id="432026e2-0b4c-4b98-a7cf-dfb04dac7d84" />
      <TestMethod codeBase="D:\Projects\MCRA\MCRA 8.1\MCRA.Test\bin\Debug\MCRA.Test.dll" adapterTypeName="Microsoft.VisualStudio.TestTools.TestTypes.Unit.UnitTestAdapter" className="MCRA.Test.IntegrationTests.DataIntegrityTests.CompiledDataSourceTests.SSDConcentrationsTests" name="TestSSDCompounds" />
    </UnitTest>
    <UnitTest name="TestSSDAnalyticalMethods" storage="d:\projects\mcra\mcra 8.1\mcra.test\bin\debug\mcra.test.dll" id="2f8df49a-b235-d64c-f599-50696c99d05b">
      <Execution id="c60cc649-be07-477c-950a-b11128cc5904" />
      <TestMethod codeBase="D:\Projects\MCRA\MCRA 8.1\MCRA.Test\bin\Debug\MCRA.Test.dll" adapterTypeName="Microsoft.VisualStudio.TestTools.TestTypes.Unit.UnitTestAdapter" className="MCRA.Test.IntegrationTests.DataIntegrityTests.CompiledDataSourceTests.SSDConcentrationsTests" name="TestSSDAnalyticalMethods" />
    </UnitTest>
    <UnitTest name="TestSSDAnalyticalMethodCompounds" storage="d:\projects\mcra\mcra 8.1\mcra.test\bin\debug\mcra.test.dll" id="b30668eb-bf7d-4b89-77d5-3d6b6ad1053c">
      <Execution id="549d76dd-87f3-469f-a3cd-6a94ad7a79b9" />
      <TestMethod codeBase="D:\Projects\MCRA\MCRA 8.1\MCRA.Test\bin\Debug\MCRA.Test.dll" adapterTypeName="Microsoft.VisualStudio.TestTools.TestTypes.Unit.UnitTestAdapter" className="MCRA.Test.IntegrationTests.DataIntegrityTests.CompiledDataSourceTests.SSDConcentrationsTests" name="TestSSDAnalyticalMethodCompounds" />
    </UnitTest>
    <UnitTest name="TestSSDSamples" storage="d:\projects\mcra\mcra 8.1\mcra.test\bin\debug\mcra.test.dll" id="a4e1fda7-9669-7836-6fa3-50caeb23472f">
      <Execution id="d71d397d-3b12-4af0-9d5c-9d2742f6a4e3" />
      <TestMethod codeBase="D:\Projects\MCRA\MCRA 8.1\MCRA.Test\bin\Debug\MCRA.Test.dll" adapterTypeName="Microsoft.VisualStudio.TestTools.TestTypes.Unit.UnitTestAdapter" className="MCRA.Test.IntegrationTests.DataIntegrityTests.CompiledDataSourceTests.SSDConcentrationsTests" name="TestSSDSamples" />
    </UnitTest>
    <UnitTest name="TestSSDConcentrations" storage="d:\projects\mcra\mcra 8.1\mcra.test\bin\debug\mcra.test.dll" id="6f3ffb16-255d-f2aa-c8f3-419903373268">
      <Execution id="3388e0f7-6a99-4823-97e4-b84827b7d717" />
      <TestMethod codeBase="D:\Projects\MCRA\MCRA 8.1\MCRA.Test\bin\Debug\MCRA.Test.dll" adapterTypeName="Microsoft.VisualStudio.TestTools.TestTypes.Unit.UnitTestAdapter" className="MCRA.Test.IntegrationTests.DataIntegrityTests.CompiledDataSourceTests.SSDConcentrationsTests" name="TestSSDConcentrations" />
    </UnitTest>
    <UnitTest name="TabulatedConcentrationsDataTest1" storage="d:\projects\mcra\mcra 8.1\mcra.test\bin\debug\mcra.test.dll" id="7a093d33-a24f-e407-46f2-72ec288873c0">
      <Execution id="e4e08016-28f3-40be-a5ab-d96756adf247" />
      <TestMethod codeBase="D:\Projects\MCRA\MCRA 8.1\MCRA.Test\bin\Debug\MCRA.Test.dll" adapterTypeName="Microsoft.VisualStudio.TestTools.TestTypes.Unit.UnitTestAdapter" className="MCRA.Test.IntegrationTests.DataIntegrityTests.CompiledDataSourceTests.TabulatedConcentrationsDataTests" name="TabulatedConcentrationsDataTest1" />
    </UnitTest>
    <UnitTest name="TabulatedConcentrationsDataTest2" storage="d:\projects\mcra\mcra 8.1\mcra.test\bin\debug\mcra.test.dll" id="40e324ec-b5cb-e5c6-989e-e8cfcfcac4a0">
      <Execution id="ec2b8d58-7462-4446-972a-cbc6f226e806" />
      <TestMethod codeBase="D:\Projects\MCRA\MCRA 8.1\MCRA.Test\bin\Debug\MCRA.Test.dll" adapterTypeName="Microsoft.VisualStudio.TestTools.TestTypes.Unit.UnitTestAdapter" className="MCRA.Test.IntegrationTests.DataIntegrityTests.CompiledDataSourceTests.TabulatedConcentrationsDataTests" name="TabulatedConcentrationsDataTest2" />
    </UnitTest>
    <UnitTest name="UnitVariabilityFactorsDataTest1" storage="d:\projects\mcra\mcra 8.1\mcra.test\bin\debug\mcra.test.dll" id="f23dba2a-02a9-017e-6b90-c1af82ed0d9f">
      <Execution id="ac6a5265-030f-4cb9-8846-8dcff7a51a64" />
      <TestMethod codeBase="D:\Projects\MCRA\MCRA 8.1\MCRA.Test\bin\Debug\MCRA.Test.dll" adapterTypeName="Microsoft.VisualStudio.TestTools.TestTypes.Unit.UnitTestAdapter" className="MCRA.Test.IntegrationTests.DataIntegrityTests.CompiledDataSourceTests.UnitVariabilityFactorsDataTests" name="UnitVariabilityFactorsDataTest1" />
    </UnitTest>
    <UnitTest name="UnitVariabilityFactorsDataTest2" storage="d:\projects\mcra\mcra 8.1\mcra.test\bin\debug\mcra.test.dll" id="f22222e9-182a-3517-b0ea-07cd3bbc2664">
      <Execution id="58a3279c-bb47-43b2-80af-944bde11e77d" />
      <TestMethod codeBase="D:\Projects\MCRA\MCRA 8.1\MCRA.Test\bin\Debug\MCRA.Test.dll" adapterTypeName="Microsoft.VisualStudio.TestTools.TestTypes.Unit.UnitTestAdapter" className="MCRA.Test.IntegrationTests.DataIntegrityTests.CompiledDataSourceTests.UnitVariabilityFactorsDataTests" name="UnitVariabilityFactorsDataTest2" />
    </UnitTest>
    <UnitTest name="AllIndividualProperties" storage="d:\projects\mcra\mcra 8.1\mcra.test\bin\debug\mcra.test.dll" id="5ae7df60-ad56-70fd-2620-766a2b3f7c4e">
      <Execution id="47da4ba2-7a6b-4899-af36-8cbafd0880fc" />
      <TestMethod codeBase="D:\Projects\MCRA\MCRA 8.1\MCRA.Test\bin\Debug\MCRA.Test.dll" adapterTypeName="Microsoft.VisualStudio.TestTools.TestTypes.Unit.UnitTestAdapter" className="MCRA.Test.IntegrationTests.DataIntegrityTests.SimulationInputDataTests.IndividualSubsetSelectionTests" name="AllIndividualProperties" />
    </UnitTest>
    <UnitTest name="CovariableIndividualProperties" storage="d:\projects\mcra\mcra 8.1\mcra.test\bin\debug\mcra.test.dll" id="1b123086-e937-8288-66c1-5798b3361c1f">
      <Execution id="071c072e-e4a1-4a87-974e-7d75a3455492" />
      <TestMethod codeBase="D:\Projects\MCRA\MCRA 8.1\MCRA.Test\bin\Debug\MCRA.Test.dll" adapterTypeName="Microsoft.VisualStudio.TestTools.TestTypes.Unit.UnitTestAdapter" className="MCRA.Test.IntegrationTests.DataIntegrityTests.SimulationInputDataTests.IndividualSubsetSelectionTests" name="CovariableIndividualProperties" />
    </UnitTest>
    <UnitTest name="IndividualSubsetSelectionNoSubset" storage="d:\projects\mcra\mcra 8.1\mcra.test\bin\debug\mcra.test.dll" id="76ab1f65-a05d-42d6-b5c0-7f8aea8c6f1e">
      <Execution id="c2646b1c-f94a-4054-93d6-85071c4ff8fc" />
      <TestMethod codeBase="D:\Projects\MCRA\MCRA 8.1\MCRA.Test\bin\Debug\MCRA.Test.dll" adapterTypeName="Microsoft.VisualStudio.TestTools.TestTypes.Unit.UnitTestAdapter" className="MCRA.Test.IntegrationTests.DataIntegrityTests.SimulationInputDataTests.IndividualSubsetSelectionTests" name="IndividualSubsetSelectionNoSubset" />
    </UnitTest>
    <UnitTest name="IndividualAgeSubsetSelectionTest1" storage="d:\projects\mcra\mcra 8.1\mcra.test\bin\debug\mcra.test.dll" id="687c64fe-53c8-7358-eb4d-5fa53ed334b1">
      <Execution id="9aa93bca-88c6-45e6-ae22-637528895264" />
      <TestMethod codeBase="D:\Projects\MCRA\MCRA 8.1\MCRA.Test\bin\Debug\MCRA.Test.dll" adapterTypeName="Microsoft.VisualStudio.TestTools.TestTypes.Unit.UnitTestAdapter" className="MCRA.Test.IntegrationTests.DataIntegrityTests.SimulationInputDataTests.IndividualSubsetSelectionTests" name="IndividualAgeSubsetSelectionTest1" />
    </UnitTest>
    <UnitTest name="IndividualAgeSubsetSelectionTest2" storage="d:\projects\mcra\mcra 8.1\mcra.test\bin\debug\mcra.test.dll" id="aa2a3e3a-3a77-ece1-c8bc-ac717a1ab8f6">
      <Execution id="1c035ed4-deee-4ef1-a93a-1fe1cdeca382" />
      <TestMethod codeBase="D:\Projects\MCRA\MCRA 8.1\MCRA.Test\bin\Debug\MCRA.Test.dll" adapterTypeName="Microsoft.VisualStudio.TestTools.TestTypes.Unit.UnitTestAdapter" className="MCRA.Test.IntegrationTests.DataIntegrityTests.SimulationInputDataTests.IndividualSubsetSelectionTests" name="IndividualAgeSubsetSelectionTest2" />
    </UnitTest>
    <UnitTest name="IndividualAgeSubsetSelectionTest3" storage="d:\projects\mcra\mcra 8.1\mcra.test\bin\debug\mcra.test.dll" id="8a1f9f88-7610-c4e7-2a38-1f6b94d85a8c">
      <Execution id="17f3b898-34ec-4308-b388-75b040062087" />
      <TestMethod codeBase="D:\Projects\MCRA\MCRA 8.1\MCRA.Test\bin\Debug\MCRA.Test.dll" adapterTypeName="Microsoft.VisualStudio.TestTools.TestTypes.Unit.UnitTestAdapter" className="MCRA.Test.IntegrationTests.DataIntegrityTests.SimulationInputDataTests.IndividualSubsetSelectionTests" name="IndividualAgeSubsetSelectionTest3" />
    </UnitTest>
    <UnitTest name="IndividualAgeSubsetSelectionTest4" storage="d:\projects\mcra\mcra 8.1\mcra.test\bin\debug\mcra.test.dll" id="433a6281-6a72-d5b3-c9f4-860f52d3328f">
      <Execution id="dadd8ff4-55f0-4167-b836-20acff4632f5" />
      <TestMethod codeBase="D:\Projects\MCRA\MCRA 8.1\MCRA.Test\bin\Debug\MCRA.Test.dll" adapterTypeName="Microsoft.VisualStudio.TestTools.TestTypes.Unit.UnitTestAdapter" className="MCRA.Test.IntegrationTests.DataIntegrityTests.SimulationInputDataTests.IndividualSubsetSelectionTests" name="IndividualAgeSubsetSelectionTest4" />
    </UnitTest>
    <UnitTest name="IndividualGenderSubsetSelectionTest1" storage="d:\projects\mcra\mcra 8.1\mcra.test\bin\debug\mcra.test.dll" id="0d289be0-813f-3578-cd03-5412a99de8ca">
      <Execution id="f2f3f1d1-2eec-4709-bbf2-9c4ce9786b7f" />
      <TestMethod codeBase="D:\Projects\MCRA\MCRA 8.1\MCRA.Test\bin\Debug\MCRA.Test.dll" adapterTypeName="Microsoft.VisualStudio.TestTools.TestTypes.Unit.UnitTestAdapter" className="MCRA.Test.IntegrationTests.DataIntegrityTests.SimulationInputDataTests.IndividualSubsetSelectionTests" name="IndividualGenderSubsetSelectionTest1" />
    </UnitTest>
    <UnitTest name="IndividualGenderSubsetSelectionTest2" storage="d:\projects\mcra\mcra 8.1\mcra.test\bin\debug\mcra.test.dll" id="7f56312d-48d8-eb96-543e-1f14de6e46b9">
      <Execution id="4cd654f8-4801-47c6-aaad-1e5939a7ef18" />
      <TestMethod codeBase="D:\Projects\MCRA\MCRA 8.1\MCRA.Test\bin\Debug\MCRA.Test.dll" adapterTypeName="Microsoft.VisualStudio.TestTools.TestTypes.Unit.UnitTestAdapter" className="MCRA.Test.IntegrationTests.DataIntegrityTests.SimulationInputDataTests.IndividualSubsetSelectionTests" name="IndividualGenderSubsetSelectionTest2" />
    </UnitTest>
    <UnitTest name="IndividualGenderSubsetSelectionTest3" storage="d:\projects\mcra\mcra 8.1\mcra.test\bin\debug\mcra.test.dll" id="9cee49b6-bde1-7c12-7b71-20b6b0618ac1">
      <Execution id="999a4da9-6ec3-4b9c-b818-7f58e0ef3560" />
      <TestMethod codeBase="D:\Projects\MCRA\MCRA 8.1\MCRA.Test\bin\Debug\MCRA.Test.dll" adapterTypeName="Microsoft.VisualStudio.TestTools.TestTypes.Unit.UnitTestAdapter" className="MCRA.Test.IntegrationTests.DataIntegrityTests.SimulationInputDataTests.IndividualSubsetSelectionTests" name="IndividualGenderSubsetSelectionTest3" />
    </UnitTest>
    <UnitTest name="IndividualGenderSubsetSelectionTest4" storage="d:\projects\mcra\mcra 8.1\mcra.test\bin\debug\mcra.test.dll" id="4035e20e-d18f-ec81-2bda-d510436d1394">
      <Execution id="2d42c2a4-04fe-4caf-b5e1-91dae0339773" />
      <TestMethod codeBase="D:\Projects\MCRA\MCRA 8.1\MCRA.Test\bin\Debug\MCRA.Test.dll" adapterTypeName="Microsoft.VisualStudio.TestTools.TestTypes.Unit.UnitTestAdapter" className="MCRA.Test.IntegrationTests.DataIntegrityTests.SimulationInputDataTests.IndividualSubsetSelectionTests" name="IndividualGenderSubsetSelectionTest4" />
    </UnitTest>
    <UnitTest name="IndividualAgeGenderSubsetSelectionTest" storage="d:\projects\mcra\mcra 8.1\mcra.test\bin\debug\mcra.test.dll" id="2055ffdc-3d32-fba2-6a7d-6d7ca3c5b2a3">
      <Execution id="75b73bd5-e920-4811-8176-081e08d07676" />
      <TestMethod codeBase="D:\Projects\MCRA\MCRA 8.1\MCRA.Test\bin\Debug\MCRA.Test.dll" adapterTypeName="Microsoft.VisualStudio.TestTools.TestTypes.Unit.UnitTestAdapter" className="MCRA.Test.IntegrationTests.DataIntegrityTests.SimulationInputDataTests.IndividualSubsetSelectionTests" name="IndividualAgeGenderSubsetSelectionTest" />
    </UnitTest>
    <UnitTest name="IndividualFoodAsEatenSubsetSelectionTest" storage="d:\projects\mcra\mcra 8.1\mcra.test\bin\debug\mcra.test.dll" id="0a8612b3-d86a-0fd7-fd4d-b42c0dbd3568">
      <Execution id="435b6c2a-c537-40ed-a102-4d77c9943a1a" />
      <TestMethod codeBase="D:\Projects\MCRA\MCRA 8.1\MCRA.Test\bin\Debug\MCRA.Test.dll" adapterTypeName="Microsoft.VisualStudio.TestTools.TestTypes.Unit.UnitTestAdapter" className="MCRA.Test.IntegrationTests.DataIntegrityTests.SimulationInputDataTests.IndividualSubsetSelectionTests" name="IndividualFoodAsEatenSubsetSelectionTest" />
    </UnitTest>
    <UnitTest name="SimulationInputDataSourceTest1" storage="d:\projects\mcra\mcra 8.1\mcra.test\bin\debug\mcra.test.dll" id="96b4cd3f-fb46-d301-1f22-d3d0098eeb50">
      <Execution id="6a74b146-a859-44fb-a95d-3c10e10aee76" />
      <TestMethod codeBase="D:\Projects\MCRA\MCRA 8.1\MCRA.Test\bin\Debug\MCRA.Test.dll" adapterTypeName="Microsoft.VisualStudio.TestTools.TestTypes.Unit.UnitTestAdapter" className="MCRA.Test.IntegrationTests.DataIntegrityTests.SimulationInputDataTests.SimulationInputDataSourceTests" name="SimulationInputDataSourceTest1" />
    </UnitTest>
    <UnitTest name="SimulationInputDataSourceTest2" storage="d:\projects\mcra\mcra 8.1\mcra.test\bin\debug\mcra.test.dll" id="3913ef04-278b-e360-fa74-b15a8754eeac">
      <Execution id="ada6c7a6-6d30-41d6-98b7-831800b546af" />
      <TestMethod codeBase="D:\Projects\MCRA\MCRA 8.1\MCRA.Test\bin\Debug\MCRA.Test.dll" adapterTypeName="Microsoft.VisualStudio.TestTools.TestTypes.Unit.UnitTestAdapter" className="MCRA.Test.IntegrationTests.DataIntegrityTests.SimulationInputDataTests.SimulationInputDataSourceTests" name="SimulationInputDataSourceTest2" />
    </UnitTest>
    <UnitTest name="FocalFoodEatersTestsTest1" storage="d:\projects\mcra\mcra 8.1\mcra.test\bin\debug\mcra.test.dll" id="e11d948f-7b31-58ae-5ec2-6b304cff1796">
      <Execution id="ace4cf2a-8210-45de-abf3-5a5dfcc75cfd" />
      <TestMethod codeBase="D:\Projects\MCRA\MCRA 8.1\MCRA.Test\bin\Debug\MCRA.Test.dll" adapterTypeName="Microsoft.VisualStudio.TestTools.TestTypes.Unit.UnitTestAdapter" className="MCRA.Test.IntegrationTests.DataIntegrityTests.SimulationInputDataTests.FocalFoodEatersTests" name="FocalFoodEatersTestsTest1" />
    </UnitTest>
    <UnitTest name="CompoundsInputDataGeneratorTest1" storage="d:\projects\mcra\mcra 8.1\mcra.test\bin\debug\mcra.test.dll" id="53f9b0c7-deaa-3e46-4d3c-dd57cf5706cf">
      <Execution id="6cd4d1d8-fa85-4987-a73f-3ce5b81a3c3d" />
      <TestMethod codeBase="D:\Projects\MCRA\MCRA 8.1\MCRA.Test\bin\Debug\MCRA.Test.dll" adapterTypeName="Microsoft.VisualStudio.TestTools.TestTypes.Unit.UnitTestAdapter" className="MCRA.Test.UnitTests.MCRA.DataGeneration.CompoundsInputDataGeneratorTests" name="CompoundsInputDataGeneratorTest1" />
    </UnitTest>
    <UnitTest name="ConsumptionsInputDataGeneratorTest1" storage="d:\projects\mcra\mcra 8.1\mcra.test\bin\debug\mcra.test.dll" id="a32fe92b-246f-da4c-375f-95008e516d97">
      <Execution id="e807c15c-4f16-4d37-b837-9e8d26f08eca" />
      <TestMethod codeBase="D:\Projects\MCRA\MCRA 8.1\MCRA.Test\bin\Debug\MCRA.Test.dll" adapterTypeName="Microsoft.VisualStudio.TestTools.TestTypes.Unit.UnitTestAdapter" className="MCRA.Test.UnitTests.MCRA.DataGeneration.ConsumptionsInputDataGeneratorTests" name="ConsumptionsInputDataGeneratorTest1" />
    </UnitTest>
    <UnitTest name="FoodsInputDataGeneratorTest1" storage="d:\projects\mcra\mcra 8.1\mcra.test\bin\debug\mcra.test.dll" id="17294c24-3885-c8e7-fc18-3a195e58afb1">
      <Execution id="3f080182-c873-457c-8e52-b9debd529dea" />
      <TestMethod codeBase="D:\Projects\MCRA\MCRA 8.1\MCRA.Test\bin\Debug\MCRA.Test.dll" adapterTypeName="Microsoft.VisualStudio.TestTools.TestTypes.Unit.UnitTestAdapter" className="MCRA.Test.UnitTests.MCRA.DataGeneration.FoodsInputDataGeneratorTests" name="FoodsInputDataGeneratorTest1" />
    </UnitTest>
    <UnitTest name="InputDataGeneratorTest1" storage="d:\projects\mcra\mcra 8.1\mcra.test\bin\debug\mcra.test.dll" id="2b49f2d4-3b82-09d1-4ee4-fe330369860f">
      <Execution id="af9b39e3-5c26-4538-b9fc-97b961084f92" />
      <TestMethod codeBase="D:\Projects\MCRA\MCRA 8.1\MCRA.Test\bin\Debug\MCRA.Test.dll" adapterTypeName="Microsoft.VisualStudio.TestTools.TestTypes.Unit.UnitTestAdapter" className="MCRA.Test.UnitTests.MCRA.DataGeneration.InputDataGeneratorTests" name="InputDataGeneratorTest1" />
    </UnitTest>
    <UnitTest name="DynamicSectionsTest1" storage="d:\projects\mcra\mcra 8.1\mcra.test\bin\debug\mcra.test.dll" id="6cad2973-5b3f-1004-657e-b6e465198350">
      <Execution id="a8e792ac-48c6-42c7-a5c7-d6a4d6c6106d" />
      <TestMethod codeBase="D:\Projects\MCRA\MCRA 8.1\MCRA.Test\bin\Debug\MCRA.Test.dll" adapterTypeName="Microsoft.VisualStudio.TestTools.TestTypes.Unit.UnitTestAdapter" className="MCRA.Test.ConceptsTests.DynamicSectionsTest" name="DynamicSectionsTest1" />
    </UnitTest>
    <UnitTest name="GetMembers1" storage="d:\projects\mcra\mcra 8.1\mcra.test\bin\debug\mcra.test.dll" id="f9d6637f-1f62-5297-aedd-59b95db7d0d9">
      <Execution id="3a60f1f9-4216-4978-a7e0-6c179363b9f3" />
      <TestMethod codeBase="D:\Projects\MCRA\MCRA 8.1\MCRA.Test\bin\Debug\MCRA.Test.dll" adapterTypeName="Microsoft.VisualStudio.TestTools.TestTypes.Unit.UnitTestAdapter" className="MCRA.Test.ConceptsTests.DynamicMembersTest" name="GetMembers1" />
    </UnitTest>
    <UnitTest name="GetEnumDisplayAttributeTest" storage="d:\projects\mcra\mcra 8.1\mcra.test\bin\debug\mcra.test.dll" id="1b43f511-c168-fe2c-7f74-48dc6b11539c">
      <Execution id="eae4e916-ced7-41af-8478-661781dca955" />
      <TestMethod codeBase="D:\Projects\MCRA\MCRA 8.1\MCRA.Test\bin\Debug\MCRA.Test.dll" adapterTypeName="Microsoft.VisualStudio.TestTools.TestTypes.Unit.UnitTestAdapter" className="MCRA.Test.ConceptsTests.EnumAttributesTest" name="GetEnumDisplayAttributeTest" />
    </UnitTest>
    <UnitTest name="OutputSerializationTest1" storage="d:\projects\mcra\mcra 8.1\mcra.test\bin\debug\mcra.test.dll" id="32f0e039-c34c-646c-83e2-bcfdff1fd67b">
      <Execution id="351904b9-ac44-4640-a048-5941aa0f3436" />
      <TestMethod codeBase="D:\Projects\MCRA\MCRA 8.1\MCRA.Test\bin\Debug\MCRA.Test.dll" adapterTypeName="Microsoft.VisualStudio.TestTools.TestTypes.Unit.UnitTestAdapter" className="MCRA.Test.UnitTests.OutputSerializationTests" name="OutputSerializationTest1" />
    </UnitTest>
    <UnitTest name="HardcoreParallelTest1" storage="d:\projects\mcra\mcra 8.1\mcra.test\bin\debug\mcra.test.dll" id="efb92fcb-215f-a70e-07c3-8d2ce1580ac9">
      <Execution id="100d5e2b-b1ab-4848-a054-773ec9be0501" />
      <TestMethod codeBase="D:\Projects\MCRA\MCRA 8.1\MCRA.Test\bin\Debug\MCRA.Test.dll" adapterTypeName="Microsoft.VisualStudio.TestTools.TestTypes.Unit.UnitTestAdapter" className="MCRA.Test.ConceptsTests.ParallelPerformanceTests" name="HardcoreParallelTest1" />
    </UnitTest>
    <UnitTest name="HardcoreParallelTest2" storage="d:\projects\mcra\mcra 8.1\mcra.test\bin\debug\mcra.test.dll" id="c5ee7545-4906-9d30-65d0-f65ba93eb574">
      <Execution id="e8055a05-60d9-477b-8c73-82fc312a9780" />
      <TestMethod codeBase="D:\Projects\MCRA\MCRA 8.1\MCRA.Test\bin\Debug\MCRA.Test.dll" adapterTypeName="Microsoft.VisualStudio.TestTools.TestTypes.Unit.UnitTestAdapter" className="MCRA.Test.ConceptsTests.ParallelPerformanceTests" name="HardcoreParallelTest2" />
    </UnitTest>
    <UnitTest name="GetUncertaintyResultsTest1" storage="d:\projects\mcra\mcra 8.1\mcra.test\bin\debug\mcra.test.dll" id="72323ba4-6c07-055b-d138-dfe550cace1f">
      <Execution id="3e0c4040-63c2-44cd-98ea-758f21f6bcae" />
      <TestMethod codeBase="D:\Projects\MCRA\MCRA 8.1\MCRA.Test\bin\Debug\MCRA.Test.dll" adapterTypeName="Microsoft.VisualStudio.TestTools.TestTypes.Unit.UnitTestAdapter" className="MCRA.Test.UnitTests.UncertaintyFactorialCalculatorTests" name="GetUncertaintyResultsTest1" />
    </UnitTest>
  </TestDefinitions>
  <TestEntries>
    <TestEntry testId="d3dff021-d915-dcd8-b3fc-7a2a8e3f28cf" executionId="f6c58c22-e0ec-4c98-88c5-010311e7dbc3" testListId="8c84fa94-04c1-424b-9868-57a2d4851a1d" />
    <TestEntry testId="855633fb-e2a1-c91d-b57c-c161cb1b1e02" executionId="d5e86496-4392-4211-843e-b5c77470e83d" testListId="8c84fa94-04c1-424b-9868-57a2d4851a1d" />
    <TestEntry testId="9d1caf55-0b92-0be3-4003-da06d5cec451" executionId="72ecb89b-702e-48c6-99c8-0f1835a64b1e" testListId="8c84fa94-04c1-424b-9868-57a2d4851a1d" />
    <TestEntry testId="2dd5a664-6ad9-67cb-7601-7be893b33454" executionId="43c1204d-65cf-4785-8087-1cef43c97dcb" testListId="8c84fa94-04c1-424b-9868-57a2d4851a1d" />
    <TestEntry testId="2a8cb2da-503a-2089-4bb9-2be297378f76" executionId="3fd7055b-528e-42e8-bb8d-f9df02b2d21f" testListId="8c84fa94-04c1-424b-9868-57a2d4851a1d" />
    <TestEntry testId="8682d053-f6d2-18c3-afff-6dc5d5fd3d47" executionId="71946084-4dd8-4a23-8604-3b32546c2649" testListId="8c84fa94-04c1-424b-9868-57a2d4851a1d" />
    <TestEntry testId="0726bdc8-8bbf-ac08-a9d8-9a30f0d558f4" executionId="7a324cb6-c24c-4718-805d-a827eb7bdb22" testListId="8c84fa94-04c1-424b-9868-57a2d4851a1d" />
    <TestEntry testId="eebe9d1f-e30e-19f2-2c04-7cc58f5cc45a" executionId="272154bf-6ac9-4159-8ae8-9f5c4b8356a6" testListId="8c84fa94-04c1-424b-9868-57a2d4851a1d" />
    <TestEntry testId="ef248fc2-d9c8-eb01-1b66-efc704aeb58b" executionId="6ae66a19-bcaa-4387-adbe-8840e62d9862" testListId="8c84fa94-04c1-424b-9868-57a2d4851a1d" />
    <TestEntry testId="1a4406e1-306a-23c4-e468-1493c2aac4c3" executionId="7b2b4c8c-1faa-4886-9824-ff94f57dc7dc" testListId="8c84fa94-04c1-424b-9868-57a2d4851a1d" />
    <TestEntry testId="d6ed78ed-282a-6a2d-a369-c202e20666ac" executionId="052fcbc0-1f5d-44ad-8b98-535cfa948ee6" testListId="8c84fa94-04c1-424b-9868-57a2d4851a1d" />
    <TestEntry testId="a2da8cef-c6da-d108-47c4-364285881f85" executionId="3c2a92de-446b-4152-8c7a-c7a64f877809" testListId="8c84fa94-04c1-424b-9868-57a2d4851a1d" />
    <TestEntry testId="66e8c89f-5a07-82b6-5cca-9ec563f2583c" executionId="837a3bad-dfa6-4a11-9c35-c5f0c15d2e29" testListId="8c84fa94-04c1-424b-9868-57a2d4851a1d" />
    <TestEntry testId="b085b019-7006-57be-5400-3f32a4a8b210" executionId="5e1e4f1d-af5e-438d-b031-d73207d102a7" testListId="8c84fa94-04c1-424b-9868-57a2d4851a1d" />
    <TestEntry testId="348c961b-5627-a520-7081-f20b13afe44e" executionId="0f654aaf-6dd7-42dc-ad13-21c27d264724" testListId="8c84fa94-04c1-424b-9868-57a2d4851a1d" />
    <TestEntry testId="3fe5fb22-04af-0831-e8d9-c31a38ed2888" executionId="641aadd9-ce1d-4b2a-8349-50b3ca5c9ad6" testListId="8c84fa94-04c1-424b-9868-57a2d4851a1d" />
    <TestEntry testId="79f1eec9-d159-2e62-7090-cfb56cc8c37a" executionId="49507d24-806e-4012-8688-9045c0ce81d3" testListId="8c84fa94-04c1-424b-9868-57a2d4851a1d" />
    <TestEntry testId="0e2efaaa-470b-a39f-aba2-1a03dd275528" executionId="406a3379-a23f-468a-b950-07ebdc6f6769" testListId="8c84fa94-04c1-424b-9868-57a2d4851a1d" />
    <TestEntry testId="23ea58b7-3613-7b12-daee-6e785dd8d0c0" executionId="ddba56f5-519b-4086-8652-d46eb3d33423" testListId="8c84fa94-04c1-424b-9868-57a2d4851a1d" />
    <TestEntry testId="eda8e618-3e55-a312-74e5-5cd958502efe" executionId="6f3baad8-2c89-4b48-8c32-503ef341d12b" testListId="8c84fa94-04c1-424b-9868-57a2d4851a1d" />
    <TestEntry testId="88906654-1a3e-89f8-7ceb-9776b9ab9d40" executionId="dbf4c400-7635-48f0-8315-83a90a779828" testListId="8c84fa94-04c1-424b-9868-57a2d4851a1d" />
    <TestEntry testId="df9572bf-380f-dce8-b71d-783b5ae6e0e2" executionId="a059bc33-f513-4eba-a544-aacd7084353a" testListId="8c84fa94-04c1-424b-9868-57a2d4851a1d" />
    <TestEntry testId="0f9573fb-14f2-9967-3027-74575f3b107b" executionId="dc007c41-566a-47e4-9301-96aa97adee8b" testListId="8c84fa94-04c1-424b-9868-57a2d4851a1d" />
    <TestEntry testId="4e44ac92-8c40-49f2-f910-318e680ae52f" executionId="e6580ea0-49f7-4a94-a93f-8185ab51f6e1" testListId="8c84fa94-04c1-424b-9868-57a2d4851a1d" />
    <TestEntry testId="c0594f2f-58ee-7e4e-b629-33b588ae91c2" executionId="abdc49dd-997c-494f-94ed-861f1b1c5794" testListId="8c84fa94-04c1-424b-9868-57a2d4851a1d" />
    <TestEntry testId="9a32abf0-ea1c-d462-850c-c743655144e7" executionId="e81e3f33-5b64-436d-bffa-a419394ded09" testListId="8c84fa94-04c1-424b-9868-57a2d4851a1d" />
    <TestEntry testId="66a4f02c-a714-0631-12f7-0a4af5e2bf97" executionId="30b8e848-da6a-4c58-a1f7-e131c082177e" testListId="8c84fa94-04c1-424b-9868-57a2d4851a1d" />
    <TestEntry testId="480d0220-1fc9-ee3d-8ef1-43a483fc645b" executionId="0da628c2-e523-4b27-9209-e658293b6f1e" testListId="8c84fa94-04c1-424b-9868-57a2d4851a1d" />
    <TestEntry testId="606ad980-3837-b43b-0531-824544c1dbf1" executionId="74d2f473-ba64-4760-a252-3e93cf93c294" testListId="8c84fa94-04c1-424b-9868-57a2d4851a1d" />
    <TestEntry testId="63f04012-0a7d-5a51-8ad2-6c987eee319e" executionId="c276c4db-e6eb-422c-99cf-ec429440f032" testListId="8c84fa94-04c1-424b-9868-57a2d4851a1d" />
    <TestEntry testId="4bfd9e0f-d41a-01e0-f6ec-4aebb364264c" executionId="0ef4c962-254b-4741-ae9c-9b64a52d311b" testListId="8c84fa94-04c1-424b-9868-57a2d4851a1d" />
    <TestEntry testId="76df1846-3783-6018-8dbf-d03363ebbb87" executionId="a68506a6-1ac4-4222-aa4d-77de9d918c4f" testListId="8c84fa94-04c1-424b-9868-57a2d4851a1d" />
    <TestEntry testId="577fb871-7992-7158-e15c-87022aa7ccf2" executionId="ae52c866-38d0-4af9-9ef6-8eb05fcc10c9" testListId="8c84fa94-04c1-424b-9868-57a2d4851a1d" />
    <TestEntry testId="c8aea8c4-b3c7-525a-1157-2efe086f535c" executionId="1e8dfd71-1a47-4444-a890-4610c26828bb" testListId="8c84fa94-04c1-424b-9868-57a2d4851a1d" />
    <TestEntry testId="39b76a15-c620-2d6d-c093-1cfad161f02a" executionId="17b3f4a0-432a-462f-9354-4c6891babb7d" testListId="8c84fa94-04c1-424b-9868-57a2d4851a1d" />
    <TestEntry testId="55c34995-8a10-4df9-19e7-2e23b6b30b15" executionId="67d4ecd0-50fd-4b15-92a4-8a04a6dbec78" testListId="8c84fa94-04c1-424b-9868-57a2d4851a1d" />
    <TestEntry testId="682afb32-7557-79fd-e210-0d27532b72ce" executionId="73304025-ab46-459c-ba08-fafe95b2e0cd" testListId="8c84fa94-04c1-424b-9868-57a2d4851a1d" />
    <TestEntry testId="f046fb4a-a29a-b941-ef45-aaf88931ac34" executionId="eb732ef7-5bce-4ff2-a7c0-572dccd0f172" testListId="8c84fa94-04c1-424b-9868-57a2d4851a1d" />
    <TestEntry testId="25f4e712-fb5d-9352-8cda-af082f7ba425" executionId="478de262-6e6d-4b4c-8f64-cac5f4ad7274" testListId="8c84fa94-04c1-424b-9868-57a2d4851a1d" />
    <TestEntry testId="61b5f372-3fc7-713e-fcc9-a6473c6a92f1" executionId="432026e2-0b4c-4b98-a7cf-dfb04dac7d84" testListId="8c84fa94-04c1-424b-9868-57a2d4851a1d" />
    <TestEntry testId="2f8df49a-b235-d64c-f599-50696c99d05b" executionId="c60cc649-be07-477c-950a-b11128cc5904" testListId="8c84fa94-04c1-424b-9868-57a2d4851a1d" />
    <TestEntry testId="b30668eb-bf7d-4b89-77d5-3d6b6ad1053c" executionId="549d76dd-87f3-469f-a3cd-6a94ad7a79b9" testListId="8c84fa94-04c1-424b-9868-57a2d4851a1d" />
    <TestEntry testId="a4e1fda7-9669-7836-6fa3-50caeb23472f" executionId="d71d397d-3b12-4af0-9d5c-9d2742f6a4e3" testListId="8c84fa94-04c1-424b-9868-57a2d4851a1d" />
    <TestEntry testId="6f3ffb16-255d-f2aa-c8f3-419903373268" executionId="3388e0f7-6a99-4823-97e4-b84827b7d717" testListId="8c84fa94-04c1-424b-9868-57a2d4851a1d" />
    <TestEntry testId="7a093d33-a24f-e407-46f2-72ec288873c0" executionId="e4e08016-28f3-40be-a5ab-d96756adf247" testListId="8c84fa94-04c1-424b-9868-57a2d4851a1d" />
    <TestEntry testId="40e324ec-b5cb-e5c6-989e-e8cfcfcac4a0" executionId="ec2b8d58-7462-4446-972a-cbc6f226e806" testListId="8c84fa94-04c1-424b-9868-57a2d4851a1d" />
    <TestEntry testId="f23dba2a-02a9-017e-6b90-c1af82ed0d9f" executionId="ac6a5265-030f-4cb9-8846-8dcff7a51a64" testListId="8c84fa94-04c1-424b-9868-57a2d4851a1d" />
    <TestEntry testId="f22222e9-182a-3517-b0ea-07cd3bbc2664" executionId="58a3279c-bb47-43b2-80af-944bde11e77d" testListId="8c84fa94-04c1-424b-9868-57a2d4851a1d" />
    <TestEntry testId="5ae7df60-ad56-70fd-2620-766a2b3f7c4e" executionId="47da4ba2-7a6b-4899-af36-8cbafd0880fc" testListId="8c84fa94-04c1-424b-9868-57a2d4851a1d" />
    <TestEntry testId="1b123086-e937-8288-66c1-5798b3361c1f" executionId="071c072e-e4a1-4a87-974e-7d75a3455492" testListId="8c84fa94-04c1-424b-9868-57a2d4851a1d" />
    <TestEntry testId="76ab1f65-a05d-42d6-b5c0-7f8aea8c6f1e" executionId="c2646b1c-f94a-4054-93d6-85071c4ff8fc" testListId="8c84fa94-04c1-424b-9868-57a2d4851a1d" />
    <TestEntry testId="687c64fe-53c8-7358-eb4d-5fa53ed334b1" executionId="9aa93bca-88c6-45e6-ae22-637528895264" testListId="8c84fa94-04c1-424b-9868-57a2d4851a1d" />
    <TestEntry testId="aa2a3e3a-3a77-ece1-c8bc-ac717a1ab8f6" executionId="1c035ed4-deee-4ef1-a93a-1fe1cdeca382" testListId="8c84fa94-04c1-424b-9868-57a2d4851a1d" />
    <TestEntry testId="8a1f9f88-7610-c4e7-2a38-1f6b94d85a8c" executionId="17f3b898-34ec-4308-b388-75b040062087" testListId="8c84fa94-04c1-424b-9868-57a2d4851a1d" />
    <TestEntry testId="433a6281-6a72-d5b3-c9f4-860f52d3328f" executionId="dadd8ff4-55f0-4167-b836-20acff4632f5" testListId="8c84fa94-04c1-424b-9868-57a2d4851a1d" />
    <TestEntry testId="0d289be0-813f-3578-cd03-5412a99de8ca" executionId="f2f3f1d1-2eec-4709-bbf2-9c4ce9786b7f" testListId="8c84fa94-04c1-424b-9868-57a2d4851a1d" />
    <TestEntry testId="7f56312d-48d8-eb96-543e-1f14de6e46b9" executionId="4cd654f8-4801-47c6-aaad-1e5939a7ef18" testListId="8c84fa94-04c1-424b-9868-57a2d4851a1d" />
    <TestEntry testId="9cee49b6-bde1-7c12-7b71-20b6b0618ac1" executionId="999a4da9-6ec3-4b9c-b818-7f58e0ef3560" testListId="8c84fa94-04c1-424b-9868-57a2d4851a1d" />
    <TestEntry testId="4035e20e-d18f-ec81-2bda-d510436d1394" executionId="2d42c2a4-04fe-4caf-b5e1-91dae0339773" testListId="8c84fa94-04c1-424b-9868-57a2d4851a1d" />
    <TestEntry testId="2055ffdc-3d32-fba2-6a7d-6d7ca3c5b2a3" executionId="75b73bd5-e920-4811-8176-081e08d07676" testListId="8c84fa94-04c1-424b-9868-57a2d4851a1d" />
    <TestEntry testId="0a8612b3-d86a-0fd7-fd4d-b42c0dbd3568" executionId="435b6c2a-c537-40ed-a102-4d77c9943a1a" testListId="8c84fa94-04c1-424b-9868-57a2d4851a1d" />
    <TestEntry testId="96b4cd3f-fb46-d301-1f22-d3d0098eeb50" executionId="6a74b146-a859-44fb-a95d-3c10e10aee76" testListId="8c84fa94-04c1-424b-9868-57a2d4851a1d" />
    <TestEntry testId="3913ef04-278b-e360-fa74-b15a8754eeac" executionId="ada6c7a6-6d30-41d6-98b7-831800b546af" testListId="8c84fa94-04c1-424b-9868-57a2d4851a1d" />
    <TestEntry testId="e11d948f-7b31-58ae-5ec2-6b304cff1796" executionId="ace4cf2a-8210-45de-abf3-5a5dfcc75cfd" testListId="8c84fa94-04c1-424b-9868-57a2d4851a1d" />
    <TestEntry testId="53f9b0c7-deaa-3e46-4d3c-dd57cf5706cf" executionId="6cd4d1d8-fa85-4987-a73f-3ce5b81a3c3d" testListId="8c84fa94-04c1-424b-9868-57a2d4851a1d" />
    <TestEntry testId="a32fe92b-246f-da4c-375f-95008e516d97" executionId="e807c15c-4f16-4d37-b837-9e8d26f08eca" testListId="8c84fa94-04c1-424b-9868-57a2d4851a1d" />
    <TestEntry testId="17294c24-3885-c8e7-fc18-3a195e58afb1" executionId="3f080182-c873-457c-8e52-b9debd529dea" testListId="8c84fa94-04c1-424b-9868-57a2d4851a1d" />
    <TestEntry testId="2b49f2d4-3b82-09d1-4ee4-fe330369860f" executionId="af9b39e3-5c26-4538-b9fc-97b961084f92" testListId="8c84fa94-04c1-424b-9868-57a2d4851a1d" />
    <TestEntry testId="6cad2973-5b3f-1004-657e-b6e465198350" executionId="a8e792ac-48c6-42c7-a5c7-d6a4d6c6106d" testListId="8c84fa94-04c1-424b-9868-57a2d4851a1d" />
    <TestEntry testId="f9d6637f-1f62-5297-aedd-59b95db7d0d9" executionId="3a60f1f9-4216-4978-a7e0-6c179363b9f3" testListId="8c84fa94-04c1-424b-9868-57a2d4851a1d" />
    <TestEntry testId="1b43f511-c168-fe2c-7f74-48dc6b11539c" executionId="eae4e916-ced7-41af-8478-661781dca955" testListId="8c84fa94-04c1-424b-9868-57a2d4851a1d" />
    <TestEntry testId="32f0e039-c34c-646c-83e2-bcfdff1fd67b" executionId="351904b9-ac44-4640-a048-5941aa0f3436" testListId="8c84fa94-04c1-424b-9868-57a2d4851a1d" />
    <TestEntry testId="efb92fcb-215f-a70e-07c3-8d2ce1580ac9" executionId="100d5e2b-b1ab-4848-a054-773ec9be0501" testListId="8c84fa94-04c1-424b-9868-57a2d4851a1d" />
    <TestEntry testId="c5ee7545-4906-9d30-65d0-f65ba93eb574" executionId="e8055a05-60d9-477b-8c73-82fc312a9780" testListId="8c84fa94-04c1-424b-9868-57a2d4851a1d" />
    <TestEntry testId="72323ba4-6c07-055b-d138-dfe550cace1f" executionId="3e0c4040-63c2-44cd-98ea-758f21f6bcae" testListId="8c84fa94-04c1-424b-9868-57a2d4851a1d" />
  </TestEntries>
  <TestLists>
    <TestList name="Results Not in a List" id="8c84fa94-04c1-424b-9868-57a2d4851a1d" />
    <TestList name="All Loaded Results" id="19431567-8539-422a-85d7-44ee4e166bda" />
  </TestLists>
  <ResultSummary outcome="Failed">
    <Counters total="75" executed="75" passed="12" failed="63" error="0" timeout="0" aborted="0" inconclusive="0" passedButRunAborted="0" notRunnable="0" notExecuted="0" disconnected="0" warning="0" completed="0" inProgress="0" pending="0" />
  </ResultSummary>
</TestRun>